= Host-specific information ====================================================
$> hostname; uname -msr
e2r6p4.1337.ma
Darwin 16.7.0 x86_64
$> date
Tue Jan 29 01:22:38 CET 2019
$> gcc --version
Configured with: --prefix=/Applications/Xcode.app/Contents/Developer/usr --with-gxx-include-dir=/usr/include/c++/4.2.1
Apple LLVM version 9.0.0 (clang-900.0.39.2)
Target: x86_64-apple-darwin16.7.0
Thread model: posix
InstalledDir: /Applications/Xcode.app/Contents/Developer/Toolchains/XcodeDefault.xctoolchain/usr/bin
$> clang --version
Apple LLVM version 9.0.0 (clang-900.0.39.2)
Target: x86_64-apple-darwin16.7.0
Thread model: posix
InstalledDir: /Applications/Xcode.app/Contents/Developer/Toolchains/XcodeDefault.xctoolchain/usr/bin

= User files collection ========================================================
Collecting user files from Vogsphere
Repository URL: auto-exam/2019/c-exam-alone-in-the-dark-beginner/practice-exam_20190129/ishaimou

= Git history ==================================================================
$> git -C /var/folders/t9/9gkvvq8j1bl0xsg89wr48s2w0000gq/T/tmpjGV8tv/user log --pretty='%H - %an, %ad : %s'
08cf3d55cb69325a69f7a9262b1d02b81e994bb6 - nayarix, Tue Jan 29 01:22:23 2019 +0100 : done
 
= Collected files ==========================================
$> ls -lAR /var/folders/t9/9gkvvq8j1bl0xsg89wr48s2w0000gq/T/tmpjGV8tv/user
total 8
-rw-r--r--  1 deepthought  deepthought  213 Jan 29 01:22 __GIT_HISTORY
drwxr-xr-x  3 deepthought  deepthought  102 Jan 29 01:22 only_z

/var/folders/t9/9gkvvq8j1bl0xsg89wr48s2w0000gq/T/tmpjGV8tv/user/only_z:
total 8
-rw-r--r--  1 deepthought  deepthought  965 Jan 29 01:22 only_z.c
 
= only_z =======================================================================
$> gcc -Wextra -Wall -Werror only_z.c -o user_exe 

= Test 1 ===================================================
$> ./avys8707b99np3wwzimvds36 
$> diff -U 3 user_output_test1 test1.output | cat -e

Diff OK :D
Grade: 1

= Final grade: 1 ===============================================================
