= Host-specific information ====================================================
$> hostname; uname -msr
e2r4p11.1337.ma
Darwin 16.7.0 x86_64
$> date
Sat Feb  2 08:03:33 CET 2019
$> gcc --version
Configured with: --prefix=/Applications/Xcode.app/Contents/Developer/usr --with-gxx-include-dir=/usr/include/c++/4.2.1
Apple LLVM version 9.0.0 (clang-900.0.39.2)
Target: x86_64-apple-darwin16.7.0
Thread model: posix
InstalledDir: /Applications/Xcode.app/Contents/Developer/Toolchains/XcodeDefault.xctoolchain/usr/bin
$> clang --version
Apple LLVM version 9.0.0 (clang-900.0.39.2)
Target: x86_64-apple-darwin16.7.0
Thread model: posix
InstalledDir: /Applications/Xcode.app/Contents/Developer/Toolchains/XcodeDefault.xctoolchain/usr/bin

= User files collection ========================================================
Collecting user files from Vogsphere
Repository URL: auto-exam/2019/c-exam-alone-in-the-dark-beginner/practice-exam_20190202/ishaimou

= Git history ==================================================================
$> git -C /var/folders/72/bmjbds8n5dg5xx0x9twcbml80000gq/T/tmp2qm5VC/user log --pretty='%H - %an, %ad : %s'
b9f9d8cc16c0ca623d714501fe136fff3df7bd9c - nayarix, Sat Feb 2 08:03:13 2019 +0100 : done
 
= Collected files ==========================================
$> ls -lAR /var/folders/72/bmjbds8n5dg5xx0x9twcbml80000gq/T/tmp2qm5VC/user
total 8
-rw-r--r--  1 deepthought  deepthought  212 Feb  2 08:03 __GIT_HISTORY
drwxr-xr-x  3 deepthought  deepthought  102 Feb  2 08:03 only_a

/var/folders/72/bmjbds8n5dg5xx0x9twcbml80000gq/T/tmp2qm5VC/user/only_a:
total 8
-rw-r--r--  1 deepthought  deepthought  965 Feb  2 08:03 only_a.c
 
= only_a =======================================================================
$> gcc -Wextra -Wall -Werror only_a.c -o user_exe 

= Test 1 ===================================================
$> ./fogwg0gjhe361c8joh26012o 
$> diff -U 3 user_output_test1 test1.output | cat -e

Diff OK :D
Grade: 1

= Final grade: 1 ===============================================================
