= Host-specific information ====================================================
$> hostname; uname -msr
e2r4p4.1337.ma
Darwin 16.7.0 x86_64
$> date
Sun Feb  3 11:34:57 CET 2019
$> gcc --version
Configured with: --prefix=/Applications/Xcode.app/Contents/Developer/usr --with-gxx-include-dir=/usr/include/c++/4.2.1
Apple LLVM version 9.0.0 (clang-900.0.39.2)
Target: x86_64-apple-darwin16.7.0
Thread model: posix
InstalledDir: /Applications/Xcode.app/Contents/Developer/Toolchains/XcodeDefault.xctoolchain/usr/bin
$> clang --version
Apple LLVM version 9.0.0 (clang-900.0.39.2)
Target: x86_64-apple-darwin16.7.0
Thread model: posix
InstalledDir: /Applications/Xcode.app/Contents/Developer/Toolchains/XcodeDefault.xctoolchain/usr/bin

= User files collection ========================================================
Collecting user files from Vogsphere
Repository URL: auto-exam/2019/c-exam-alone-in-the-dark-beginner/practice-exam_20190203/ishaimou5

= Git history ==================================================================
$> git -C /var/folders/v9/n2_6vbw53t91lxjpqj6d4cp00000gq/T/tmpI4EKmQ/user log --pretty='%H - %an, %ad : %s'
aebb0e59881ba8df8fad78ebbf513b9dc45d9c51 - nayarix, Sun Feb 3 11:29:10 2019 +0100 : done
b137755462c4d4f3047452e65a7db49df60d02d1 - nayarix, Sun Feb 3 11:26:43 2019 +0100 : done
3ae8faa57fb3b9ae069e7cb98879e0774709aee8 - nayarix, Sun Feb 3 11:26:24 2019 +0100 : done
 
= Collected files ==========================================
$> ls -lAR /var/folders/v9/n2_6vbw53t91lxjpqj6d4cp00000gq/T/tmpI4EKmQ/user
total 8
-rw-r--r--  1 deepthought  deepthought  651 Feb  3 11:34 __GIT_HISTORY
drwxr-xr-x  3 deepthought  deepthought  102 Feb  3 11:34 aff_z
drwxr-xr-x  3 deepthought  deepthought  102 Feb  3 11:34 ft_print_numbers

/var/folders/v9/n2_6vbw53t91lxjpqj6d4cp00000gq/T/tmpI4EKmQ/user/aff_z:
total 8
-rw-r--r--  1 deepthought  deepthought  75 Feb  3 11:34 aff_z.c

/var/folders/v9/n2_6vbw53t91lxjpqj6d4cp00000gq/T/tmpI4EKmQ/user/ft_print_numbers:
total 8
-rw-r--r--  1 deepthought  deepthought  1035 Feb  3 11:34 ft_print_numbers.c
 
= aff_z ========================================================================
$> gcc -Wextra -Wall -Werror aff_z.c -o user_exe 

= Test 1 ===================================================
$> ./g7fo63hmmviyokosgo73z4ua 
$> diff -U 3 user_output_test1 test1.output | cat -e

Diff OK :D
= Test 2 ===================================================
$> ./dxb0eo3up7l66ymt8h416unu "psomPZ1dM6TKH8Qzq" "jyB6hiE87Dnfqv3m" "MBVhSs1DFctxyO" "lwdovThi95W0U6" "kuW" "JWqYAckhViT" "81E6MoHaYV" "ZIzs" "pHz4dYIPErJ" "henxpfi6kc8vrqwPj" "C5QiEmFdvR" "QR732kPUdgxfjlF" "Z4pYzU" "nv0uZR6" "le2Am6OPtNdbkZ" "Eta"
$> diff -U 3 user_output_test2 test2.output | cat -e

Diff OK :D
= Test 3 ===================================================
$> ./8n1syjbng0xltzen9v0rlcjd "yW973E4Vj2z"
$> diff -U 3 user_output_test3 test3.output | cat -e

Diff OK :D
= Test 4 ===================================================
$> ./yptzz1v9uudb2n6n68us1uz0 "cWoJqz"
$> diff -U 3 user_output_test4 test4.output | cat -e

Diff OK :D
= Test 5 ===================================================
$> ./vo45vk1jduapewlq4h0r2us4 "fSao8AHKjC0"
$> diff -U 3 user_output_test5 test5.output | cat -e

Diff OK :D
= Test 6 ===================================================
$> ./62eo2mqdmpxvblm4bh926u11 "Ljsf"
$> diff -U 3 user_output_test6 test6.output | cat -e

Diff OK :D
Grade: 1

= Final grade: 1 ===============================================================
