= Host-specific information ====================================================
$> hostname; uname -msr
e1r3p6.1337.ma
Darwin 16.7.0 x86_64
$> date
Tue Feb  5 08:05:33 CET 2019
$> gcc --version
Configured with: --prefix=/Applications/Xcode.app/Contents/Developer/usr --with-gxx-include-dir=/usr/include/c++/4.2.1
Apple LLVM version 9.0.0 (clang-900.0.39.2)
Target: x86_64-apple-darwin16.7.0
Thread model: posix
InstalledDir: /Applications/Xcode.app/Contents/Developer/Toolchains/XcodeDefault.xctoolchain/usr/bin
$> clang --version
Apple LLVM version 9.0.0 (clang-900.0.39.2)
Target: x86_64-apple-darwin16.7.0
Thread model: posix
InstalledDir: /Applications/Xcode.app/Contents/Developer/Toolchains/XcodeDefault.xctoolchain/usr/bin

= User files collection ========================================================
Collecting user files from Vogsphere
Repository URL: auto-exam/2019/c-exam-alone-in-the-dark-beginner/practice-exam_20190205/ishaimou

= Git history ==================================================================
$> git -C /var/folders/jj/z_dzp6yn1kddqq7czwyf1y3m0000gq/T/tmpjgTYKQ/user log --pretty='%H - %an, %ad : %s'
941ac2fcd633c1084f4e21a6bc42021c3e060784 - nayarix, Tue Feb 5 08:05:22 2019 +0100 : done
 
= Collected files ==========================================
$> ls -lAR /var/folders/jj/z_dzp6yn1kddqq7czwyf1y3m0000gq/T/tmpjgTYKQ/user
total 8
-rw-r--r--  1 deepthought  deepthought  241 Feb  5 08:05 __GIT_HISTORY
drwxr-xr-x  3 deepthought  deepthought  102 Feb  5 08:05 maff_revalpha

/var/folders/jj/z_dzp6yn1kddqq7czwyf1y3m0000gq/T/tmpjgTYKQ/user/maff_revalpha:
total 8
-rw-r--r--  1 deepthought  deepthought  1166 Feb  5 08:05 maff_revalpha.c
 
= maff_revalpha ================================================================
$> gcc -Wextra -Wall -Werror maff_revalpha.c -o user_exe 

= Test 1 ===================================================
$> ./zqybygd75iapgbvkjykkdiw1
$> diff -U 3 user_output_test1 test1.output | cat -e

Diff OK :D
Grade: 1

= Final grade: 1 ===============================================================
