= Host-specific information ====================================================
$> hostname; uname -msr
e1r8p2.1337.ma
Darwin 16.7.0 x86_64
$> date
Sun Feb  3 09:27:12 CET 2019
$> gcc --version
Configured with: --prefix=/Applications/Xcode.app/Contents/Developer/usr --with-gxx-include-dir=/usr/include/c++/4.2.1
Apple LLVM version 9.0.0 (clang-900.0.39.2)
Target: x86_64-apple-darwin16.7.0
Thread model: posix
InstalledDir: /Applications/Xcode.app/Contents/Developer/Toolchains/XcodeDefault.xctoolchain/usr/bin
$> clang --version
Apple LLVM version 9.0.0 (clang-900.0.39.2)
Target: x86_64-apple-darwin16.7.0
Thread model: posix
InstalledDir: /Applications/Xcode.app/Contents/Developer/Toolchains/XcodeDefault.xctoolchain/usr/bin

= User files collection ========================================================
Collecting user files from Vogsphere
Repository URL: auto-exam/2019/c-exam-alone-in-the-dark-beginner/practice-exam_20190203/ishaimou2

= Git history ==================================================================
$> git -C /var/folders/02/zys5qdld2173zht9_4rt63p00000gq/T/tmpZFPaAg/user log --pretty='%H - %an, %ad : %s'
20fa81ca807adf6e634d547e74e5dc9e447cbe1f - nayarix, Sun Feb 3 09:26:00 2019 +0100 : done
95e567fafc5ecd8f468d3740c6be1f33707f3d7f - nayarix, Sun Feb 3 09:24:14 2019 +0100 : done
 
= Collected files ==========================================
$> ls -lAR /var/folders/02/zys5qdld2173zht9_4rt63p00000gq/T/tmpZFPaAg/user
total 8
-rw-r--r--  1 deepthought  deepthought  483 Feb  3 09:27 __GIT_HISTORY
drwxr-xr-x  3 deepthought  deepthought  102 Feb  3 09:27 fizzbuzz
drwxr-xr-x  3 deepthought  deepthought  102 Feb  3 09:27 ft_countdown

/var/folders/02/zys5qdld2173zht9_4rt63p00000gq/T/tmpZFPaAg/user/fizzbuzz:
total 8
-rw-r--r--  1 deepthought  deepthought  1550 Feb  3 09:27 fizzbuzz.c

/var/folders/02/zys5qdld2173zht9_4rt63p00000gq/T/tmpZFPaAg/user/ft_countdown:
total 8
-rw-r--r--  1 deepthought  deepthought  1037 Feb  3 09:27 ft_countdown.c
 
= fizzbuzz =====================================================================
$> gcc -Wextra -Wall -Werror fizzbuzz.c -o user_exe 

= Test 1 ===================================================
$> ./bdabrr9e8ly2k01nzlprm97f 
$> diff -U 3 user_output_test1 test1.output | cat -e

Diff OK :D
Grade: 1

= Final grade: 1 ===============================================================
