= Host-specific information ====================================================
$> hostname; uname -msr
e2r9p1.1337.ma
Darwin 16.7.0 x86_64
$> date
Sun Feb  3 08:53:20 CET 2019
$> gcc --version
Configured with: --prefix=/Applications/Xcode.app/Contents/Developer/usr --with-gxx-include-dir=/usr/include/c++/4.2.1
Apple LLVM version 9.0.0 (clang-900.0.39.2)
Target: x86_64-apple-darwin16.7.0
Thread model: posix
InstalledDir: /Applications/Xcode.app/Contents/Developer/Toolchains/XcodeDefault.xctoolchain/usr/bin
$> clang --version
Apple LLVM version 9.0.0 (clang-900.0.39.2)
Target: x86_64-apple-darwin16.7.0
Thread model: posix
InstalledDir: /Applications/Xcode.app/Contents/Developer/Toolchains/XcodeDefault.xctoolchain/usr/bin

= User files collection ========================================================
Collecting user files from Vogsphere
Repository URL: auto-exam/2019/c-exam-alone-in-the-dark-beginner/practice-exam_20190203/ishaimou

= Git history ==================================================================
$> git -C /var/folders/lv/003m6rb52p9616hkyq4hw25c0000gq/T/tmpaB9NGP/user log --pretty='%H - %an, %ad : %s'
0c7e822583d2bc89971b02dfb749b24794929b0d - nayarix, Sun Feb 3 08:53:05 2019 +0100 : done
2005b7f628e3ad5b0b6f07085cb94becbbd80ba3 - nayarix, Sun Feb 3 08:43:06 2019 +0100 : done
 
= Collected files ==========================================
$> ls -lAR /var/folders/lv/003m6rb52p9616hkyq4hw25c0000gq/T/tmpaB9NGP/user
total 8
-rw-r--r--  1 deepthought  deepthought  447 Feb  3 08:53 __GIT_HISTORY
drwxr-xr-x  3 deepthought  deepthought  102 Feb  3 08:53 aff_last_param
drwxr-xr-x  3 deepthought  deepthought  102 Feb  3 08:53 ft_swap

/var/folders/lv/003m6rb52p9616hkyq4hw25c0000gq/T/tmpaB9NGP/user/aff_last_param:
total 8
-rw-r--r--  1 deepthought  deepthought  1058 Feb  3 08:53 aff_last_param.c

/var/folders/lv/003m6rb52p9616hkyq4hw25c0000gq/T/tmpaB9NGP/user/ft_swap:
total 8
-rw-r--r--  1 deepthought  deepthought  962 Feb  3 08:53 ft_swap.c
 
= ft_swap ======================================================================
$> gcc -Wextra -Wall -Werror ft_swap.c main.c -o user_exe 

= Test 1 ===================================================
$> ./me6h9llgxd7hfuskra15ng8d "-1004604798" "-291108931"
$> diff -U 3 user_output_test1 test1.output | cat -e

Diff OK :D
= Test 2 ===================================================
$> ./5n38od0nwkh47fpdd18dshl7 "328626536" "270353206"
$> diff -U 3 user_output_test2 test2.output | cat -e

Diff OK :D
= Test 3 ===================================================
$> ./2a6bc5xnpho10w1ubkgg5boa "622280574" "1614945261"
$> diff -U 3 user_output_test3 test3.output | cat -e

Diff OK :D
= Test 4 ===================================================
$> ./4eeel8aiqi6hsv42a3vrhjry "-1904590550" "-76037337"
$> diff -U 3 user_output_test4 test4.output | cat -e

Diff OK :D
= Test 5 ===================================================
$> ./peagzh73fsjt3ggvc7imqctn "1696043332" "-1250109955"
$> diff -U 3 user_output_test5 test5.output | cat -e

Diff OK :D
= Test 6 ===================================================
$> ./xkzigfns3tq11s4p0qza7vwf "1739409131" "-281676024"
$> diff -U 3 user_output_test6 test6.output | cat -e

Diff OK :D
= Test 7 ===================================================
$> ./lcfzbwijm9l3x9laoyixxgej "-1570147570" "1381296874"
$> diff -U 3 user_output_test7 test7.output | cat -e

Diff OK :D
= Test 8 ===================================================
$> ./96zh70eta7d8uo0lzxbqqowd "1508368468" "1176058903"
$> diff -U 3 user_output_test8 test8.output | cat -e

Diff OK :D
= Test 9 ===================================================
$> ./51u8jphyb5d1a3mvza0jflcz "395039168" "-2130992608"
$> diff -U 3 user_output_test9 test9.output | cat -e

Diff OK :D
Grade: 1

= Final grade: 1 ===============================================================
