= Host-specific information ====================================================
$> hostname; uname -msr
Scar-Dump.1337.ma
Darwin 16.7.0 x86_64
$> date
Sun Feb  3 09:07:35 WET 2019
$> gcc --version
Configured with: --prefix=/Applications/Xcode.app/Contents/Developer/usr --with-gxx-include-dir=/usr/include/c++/4.2.1
Apple LLVM version 9.0.0 (clang-900.0.39.2)
Target: x86_64-apple-darwin16.7.0
Thread model: posix
InstalledDir: /Applications/Xcode.app/Contents/Developer/Toolchains/XcodeDefault.xctoolchain/usr/bin
$> clang --version
Apple LLVM version 9.0.0 (clang-900.0.39.2)
Target: x86_64-apple-darwin16.7.0
Thread model: posix
InstalledDir: /Applications/Xcode.app/Contents/Developer/Toolchains/XcodeDefault.xctoolchain/usr/bin

= User files collection ========================================================
Collecting user files from Vogsphere
Repository URL: auto-exam/2019/c-exam-alone-in-the-dark-beginner/practice-exam_20190203/ishaimou3

= Git history ==================================================================
$> git -C /var/folders/mc/mnc3b8k12xlftkczyjh3hml40000gq/T/tmpF9K46N/user log --pretty='%H - %an, %ad : %s'
525ad660c8cc7345c393e9fd24fa9aee4fe70a96 - nayarix, Sun Feb 3 10:06:09 2019 +0100 : done
e99366032ba1b10185daace4ef0d830c5218be36 - nayarix, Sun Feb 3 10:04:11 2019 +0100 : done
cfb89ed31ac7f01e28f41f9304130074a42fef4f - nayarix, Sun Feb 3 10:02:20 2019 +0100 : done
 
= Collected files ==========================================
$> ls -lAR /var/folders/mc/mnc3b8k12xlftkczyjh3hml40000gq/T/tmpF9K46N/user
total 8
-rw-r--r--  1 deepthought  deepthought  699 Feb  3 09:07 __GIT_HISTORY
drwxr-xr-x  3 deepthought  deepthought  102 Feb  3 09:07 ft_strpbrk
drwxr-xr-x  3 deepthought  deepthought  102 Feb  3 09:07 maff_alpha
drwxr-xr-x  3 deepthought  deepthought  102 Feb  3 09:07 search_and_replace

/var/folders/mc/mnc3b8k12xlftkczyjh3hml40000gq/T/tmpF9K46N/user/ft_strpbrk:
total 8
-rw-r--r--  1 deepthought  deepthought  1095 Feb  3 09:07 ft_strpbrk.c

/var/folders/mc/mnc3b8k12xlftkczyjh3hml40000gq/T/tmpF9K46N/user/maff_alpha:
total 8
-rw-r--r--  1 deepthought  deepthought  993 Feb  3 09:07 maff_alpha.c

/var/folders/mc/mnc3b8k12xlftkczyjh3hml40000gq/T/tmpF9K46N/user/search_and_replace:
total 8
-rw-r--r--  1 deepthought  deepthought  1291 Feb  3 09:07 search_and_replace.c
 
= ft_strpbrk ===================================================================
$> gcc -Wextra -Wall -Werror main.c ft_strpbrk.c -o user_exe 

= Test 1 ===================================================
$> ./4bv9ua3xnl3vsrzwzsqm8j7a 'chat' 'chien'
$> diff -U 3 user_output_test1 test1.output | cat -e

Diff OK :D
= Test 2 ===================================================
$> ./qkrnrz590zxh5lvp2fesgep2 'ABCDEFG019874' 'ABCD'
$> diff -U 3 user_output_test2 test2.output | cat -e

Diff OK :D
= Test 3 ===================================================
$> ./x052j0edg612l3cm01qepr1z ' ' '1234567890'
$> diff -U 3 user_output_test3 test3.output | cat -e

Diff OK :D
= Test 4 ===================================================
$> ./d07tenbhk93j5utodch08bvr '1234567890' ' '
$> diff -U 3 user_output_test4 test4.output | cat -e

Diff OK :D
= Test 5 ===================================================
$> ./2xge9y9wyu9e8qa6xyajfe1g ';fjhbsdnc xwpusgrhbs' 'opsiyhgvdzbnciox'
$> diff -U 3 user_output_test5 test5.output | cat -e

Diff OK :D
= Test 6 ===================================================
$> ./227eef801on5u6s0se4h8vyh '0987654321' '1234567890'
$> diff -U 3 user_output_test6 test6.output | cat -e

Diff OK :D
= Test 7 ===================================================
$> ./4soevke150ve9opkgw1eejoz '/bin/ls/' '/bien/ls/~'
$> diff -U 3 user_output_test7 test7.output | cat -e

Diff OK :D
= Test 8 ===================================================
$> ./5s4w1fo0frkcb228d1u6utsu '~`,./<>?!@#$%^&*()-+_{}[]|\' 'abcdefghijklmnopqrstuvzxyz'
$> diff -U 3 user_output_test8 test8.output | cat -e

Diff OK :D
= Test 9 ===================================================
$> ./lmna8qb1x4ok41ol5rht7r59 'Farenheit' 'Degree'
$> diff -U 3 user_output_test9 test9.output | cat -e

Diff OK :D
= Test 10 ==================================================
$> ./ovqkqejkvrv5snbmlvxzrthg 'Et quoniam inedia gravi adflictabantur, locum petivere Paleas nomine, vergentem in mare, valido muro firmatum, ubi conduntur nunc usque commeatus distribui militibus omne latus Isauriae defendentibus adsueti. circumstetere igitur hoc munimentum per triduum et trinoctium et cum neque adclivitas ipsa sine discrimine adiri letali, nec cuniculis quicquam geri posset, nec procederet ullum obsidionale commentum, maesti excedunt postrema vi subigente maiora viribus adgressuri.' 'Et quoniam inedia gravi adflictabantur, locum petivere Paleas nomine, vergentem in mare, valido muro firmatum, ubi conduntur nunc usque commeatus distribui militibus omne latus Isauriae defendentibus adsueti. circumstetere igitur hoc munimentum per triduum et trinoctium et cum neque adclivitas ipsa sine discrimine adiri letali, nec cuniculis quicquam geri posset, nec procederet ullum obsidionale commentum, maesti excedunt postrema vi subigente maiora viribus adgressuri.'
$> diff -U 3 user_output_test10 test10.output | cat -e

Diff OK :D
Grade: 1

= Final grade: 1 ===============================================================
