= Host-specific information ====================================================
$> hostname; uname -msr
e2r9p10.1337.ma
Darwin 16.7.0 x86_64
$> date
Tue Jan 29 01:29:57 CET 2019
$> gcc --version
Configured with: --prefix=/Library/Developer/CommandLineTools/usr --with-gxx-include-dir=/usr/include/c++/4.2.1
Apple LLVM version 8.1.0 (clang-802.0.38)
Target: x86_64-apple-darwin16.7.0
Thread model: posix
InstalledDir: /Library/Developer/CommandLineTools/usr/bin
$> clang --version
Apple LLVM version 8.1.0 (clang-802.0.38)
Target: x86_64-apple-darwin16.7.0
Thread model: posix
InstalledDir: /Library/Developer/CommandLineTools/usr/bin

= User files collection ========================================================
Collecting user files from Vogsphere
Repository URL: auto-exam/2019/c-exam-alone-in-the-dark-beginner/practice-exam_20190129/ishaimou

= Git history ==================================================================
$> git -C /var/folders/9b/83tmf7hn1lj01k4jxn7wwkl00000gq/T/tmpTYMzDY/user log --pretty='%H - %an, %ad : %s'
f954c3424c007e5f0b12c59c1e72fe9eddf8a737 - nayarix, Tue Jan 29 01:27:25 2019 +0100 : done
701a5acc48f6711a07900b134c042dfa9133f8c2 - nayarix, Tue Jan 29 01:23:50 2019 +0100 : done
08cf3d55cb69325a69f7a9262b1d02b81e994bb6 - nayarix, Tue Jan 29 01:22:23 2019 +0100 : done
 
= Collected files ==========================================
$> ls -lAR /var/folders/9b/83tmf7hn1lj01k4jxn7wwkl00000gq/T/tmpTYMzDY/user
total 8
-rw-r--r--  1 deepthought  deepthought  716 Jan 29 01:29 __GIT_HISTORY
drwxr-xr-x  4 deepthought  deepthought  136 Jan 29 01:29 do_op
drwxr-xr-x  3 deepthought  deepthought  102 Jan 29 01:29 ft_strcpy
drwxr-xr-x  3 deepthought  deepthought  102 Jan 29 01:29 only_z

/var/folders/9b/83tmf7hn1lj01k4jxn7wwkl00000gq/T/tmpTYMzDY/user/do_op:
total 16
-rw-r--r--  1 deepthought  deepthought  1341 Jan 29 01:29 do_op.c
-rw-r--r--  1 deepthought  deepthought   996 Jan 29 01:29 do_op.h

/var/folders/9b/83tmf7hn1lj01k4jxn7wwkl00000gq/T/tmpTYMzDY/user/ft_strcpy:
total 8
-rw-r--r--  1 deepthought  deepthought  1024 Jan 29 01:29 ft_strcpy.c

/var/folders/9b/83tmf7hn1lj01k4jxn7wwkl00000gq/T/tmpTYMzDY/user/only_z:
total 8
-rw-r--r--  1 deepthought  deepthought  965 Jan 29 01:29 only_z.c
 
= do_op ========================================================================
$> gcc -Wextra -Wall -Werror do_op.c -o user_exe 

= Test 1 ===================================================
$> ./wxu52nwqg4a1aw6ho0bl09ma 
$> diff -U 3 user_output_test1 test1.output | cat -e

Diff OK :D
= Test 2 ===================================================
$> ./n4i5zy2yxw9bjd7t1m9dyvlc "-6371" "*" "-19557"
$> diff -U 3 user_output_test2 test2.output | cat -e

Diff OK :D
= Test 3 ===================================================
$> ./emd6enuj3e78lrnr8wyskwpv "6253" "*" "-5831"
$> diff -U 3 user_output_test3 test3.output | cat -e

Diff OK :D
= Test 4 ===================================================
$> ./wx792fsnx7b34rz8hh5qujgs "-19007" "*" "4627"
$> diff -U 3 user_output_test4 test4.output | cat -e

Diff OK :D
= Test 5 ===================================================
$> ./lteunn9bummd2mgswih7m8wn "-15601" "*" "17971"
$> diff -U 3 user_output_test5 test5.output | cat -e

Diff OK :D
= Test 6 ===================================================
$> ./jnnt18b73vzwnjgsbs0kf8ut "17060" "+" "-1250"
$> diff -U 3 user_output_test6 test6.output | cat -e

Diff OK :D
= Test 7 ===================================================
$> ./mb5fw1j4j6qgp0tczddiz2qg "16924" "+" "921"
$> diff -U 3 user_output_test7 test7.output | cat -e

Diff OK :D
= Test 8 ===================================================
$> ./q6futo25hrhusc6587e1lmhg "2587" "+" "1226"
$> diff -U 3 user_output_test8 test8.output | cat -e

Diff OK :D
= Test 9 ===================================================
$> ./tgr8g8sm806msuluhc368we7 "6542" "+" "12703"
$> diff -U 3 user_output_test9 test9.output | cat -e

Diff OK :D
= Test 10 ==================================================
$> ./xyk6qwqu39etpmgwsdq2wh5f "-15338" "+" "-9795"
$> diff -U 3 user_output_test10 test10.output | cat -e

Diff OK :D
= Test 11 ==================================================
$> ./kaeraydzlvhlpdvkhl0auyyy "12499" "+" "16497"
$> diff -U 3 user_output_test11 test11.output | cat -e

Diff OK :D
= Test 12 ==================================================
$> ./h6al5yigdxnavvyu2ix52gvh "-3934" "+" "11501"
$> diff -U 3 user_output_test12 test12.output | cat -e

Diff OK :D
= Test 13 ==================================================
$> ./kdilk4rs7n8n1cvgoo0x8ud8 "-858" "-" "-4286"
$> diff -U 3 user_output_test13 test13.output | cat -e

Diff OK :D
= Test 14 ==================================================
$> ./8oot53cw93g3hpwigeahhn4e "-11722" "-" "11188"
$> diff -U 3 user_output_test14 test14.output | cat -e

Diff OK :D
= Test 15 ==================================================
$> ./qox60s3dq3702pxkhk3frqzt "7790" "-" "17492"
$> diff -U 3 user_output_test15 test15.output | cat -e

Diff OK :D
= Test 16 ==================================================
$> ./7yb1znxe17xsws3l0y3rddlb "-7860" "-" "5154"
$> diff -U 3 user_output_test16 test16.output | cat -e

Diff OK :D
= Test 17 ==================================================
$> ./pzkcxn6soz345h2s0u7ay0g0 "11737" "-" "-327"
$> diff -U 3 user_output_test17 test17.output | cat -e

Diff OK :D
= Test 18 ==================================================
$> ./wsoqdf9lt9h21gr9ssktup6g "2134" "/" "-19139"
$> diff -U 3 user_output_test18 test18.output | cat -e

Diff OK :D
= Test 19 ==================================================
$> ./24k3sxw45f7voozr8yfpbi79 "13567" "/" "14083"
$> diff -U 3 user_output_test19 test19.output | cat -e

Diff OK :D
= Test 20 ==================================================
$> ./sin20tuyhinzyy1a3o20phvd "9447" "/" "16552"
$> diff -U 3 user_output_test20 test20.output | cat -e

Diff OK :D
= Test 21 ==================================================
$> ./q0ywzip1j4f6uejkkxgx9flk "15741" "/" "-5338"
$> diff -U 3 user_output_test21 test21.output | cat -e

Diff OK :D
= Test 22 ==================================================
$> ./e2xiuaovhjpqgqu8ge7zsdfx "-12993" "/" "-16162"
$> diff -U 3 user_output_test22 test22.output | cat -e

Diff OK :D
= Test 23 ==================================================
$> ./cyuxixlricdrq8r5hyfthbz9 "-6965" "/" "-11896"
$> diff -U 3 user_output_test23 test23.output | cat -e

Diff OK :D
= Test 24 ==================================================
$> ./34l9f2lhwppj38spy8jc01gt "333545" "%" "264659"
$> diff -U 3 user_output_test24 test24.output | cat -e

Diff OK :D
= Test 25 ==================================================
$> ./outcgnxwjg5c9xap7cge738t "301541" "%" "46660"
$> diff -U 3 user_output_test25 test25.output | cat -e

Diff OK :D
= Test 26 ==================================================
$> ./di2d38vznk1ef6jpj5st7tea "176062" "%" "277018"
$> diff -U 3 user_output_test26 test26.output | cat -e

Diff OK :D
= Test 27 ==================================================
$> ./jvhl070ehoi19nzzo5zdtbxk "183700" "%" "342167"
$> diff -U 3 user_output_test27 test27.output | cat -e

Diff OK :D
= Test 28 ==================================================
$> ./xvcxy3w1dp82fld7cy3l7cvk "12" "*" "1" "12"
$> diff -U 3 user_output_test28 test28.output | cat -e

Diff OK :D
Grade: 1

= Final grade: 1 ===============================================================
