= Host-specific information ====================================================
$> hostname; uname -msr
e2r10p12.1337.ma
Darwin 16.7.0 x86_64
$> date
Sun Feb  3 08:56:09 CET 2019
$> gcc --version
Configured with: --prefix=/Library/Developer/CommandLineTools/usr --with-gxx-include-dir=/usr/include/c++/4.2.1
Apple LLVM version 8.1.0 (clang-802.0.38)
Target: x86_64-apple-darwin16.7.0
Thread model: posix
InstalledDir: /Library/Developer/CommandLineTools/usr/bin
$> clang --version
Apple LLVM version 8.1.0 (clang-802.0.38)
Target: x86_64-apple-darwin16.7.0
Thread model: posix
InstalledDir: /Library/Developer/CommandLineTools/usr/bin

= User files collection ========================================================
Collecting user files from Vogsphere
Repository URL: auto-exam/2019/c-exam-alone-in-the-dark-beginner/practice-exam_20190203/ishaimou

= Git history ==================================================================
$> git -C /var/folders/t4/5943q0f15f90dcws56vxwc480000gq/T/tmpNk54b9/user log --pretty='%H - %an, %ad : %s'
36c0f35e9a7682afd25a5a2cd7ffde6424cc0fcc - nayarix, Sun Feb 3 08:55:51 2019 +0100 : done
0c7e822583d2bc89971b02dfb749b24794929b0d - nayarix, Sun Feb 3 08:53:05 2019 +0100 : done
2005b7f628e3ad5b0b6f07085cb94becbbd80ba3 - nayarix, Sun Feb 3 08:43:06 2019 +0100 : done
 
= Collected files ==========================================
$> ls -lAR /var/folders/t4/5943q0f15f90dcws56vxwc480000gq/T/tmpNk54b9/user
total 8
-rw-r--r--  1 deepthought  deepthought  677 Feb  3 08:56 __GIT_HISTORY
drwxr-xr-x  3 deepthought  deepthought  102 Feb  3 08:56 aff_last_param
drwxr-xr-x  3 deepthought  deepthought  102 Feb  3 08:56 ft_swap
drwxr-xr-x  3 deepthought  deepthought  102 Feb  3 08:56 wdmatch

/var/folders/t4/5943q0f15f90dcws56vxwc480000gq/T/tmpNk54b9/user/aff_last_param:
total 8
-rw-r--r--  1 deepthought  deepthought  1058 Feb  3 08:56 aff_last_param.c

/var/folders/t4/5943q0f15f90dcws56vxwc480000gq/T/tmpNk54b9/user/ft_swap:
total 8
-rw-r--r--  1 deepthought  deepthought  962 Feb  3 08:56 ft_swap.c

/var/folders/t4/5943q0f15f90dcws56vxwc480000gq/T/tmpNk54b9/user/wdmatch:
total 8
-rw-r--r--  1 deepthought  deepthought  1201 Feb  3 08:56 wdmatch.c
 
= wdmatch ======================================================================
$> gcc -Wextra -Wall -Werror wdmatch.c -o user_exe 

= Test 1 ===================================================
$> ./2w2t36v348v15bxgz3l0wv06 
$> diff -U 3 user_output_test1 test1.output | cat -e

Diff OK :D
= Test 2 ===================================================
$> ./e5kd6wzar9dk6lhaxwnpj65y "salut a tous tout le monde"
$> diff -U 3 user_output_test2 test2.output | cat -e

Diff OK :D
= Test 3 ===================================================
$> ./nfzsttjueawvewsx663naki2 "salut" "a" "tous" "tout" "le" "monde"
$> diff -U 3 user_output_test3 test3.output | cat -e

Diff OK :D
= Test 4 ===================================================
$> ./ctn8d6ny1lmfe3yiujvwup55 "llo" "helllo"
$> diff -U 3 user_output_test4 test4.output | cat -e

Diff OK :D
= Test 5 ===================================================
$> ./lbtxnf6y66jjjbttt2x90yn3 "WoqXR" "u9vsTtut7Be"
$> diff -U 3 user_output_test5 test5.output | cat -e

Diff OK :D
= Test 6 ===================================================
$> ./aufaqi5v2q78ci7wuthkv2pp "m2bjU" "6u0iYoUCfV"
$> diff -U 3 user_output_test6 test6.output | cat -e

Diff OK :D
= Test 7 ===================================================
$> ./y7y88sglkuxzbdfcxdfb62ns "Lh" "vbLjh"
$> diff -U 3 user_output_test7 test7.output | cat -e

Diff OK :D
= Test 8 ===================================================
$> ./lpjl6ppabu92iw20bjuxlt59 "wKBga" "yWGZIL6QavdXM4t"
$> diff -U 3 user_output_test8 test8.output | cat -e

Diff OK :D
= Test 9 ===================================================
$> ./73qq4jinppk6wxxt4xomzllc "TtXsl" "Jbr4d6DO10Th"
$> diff -U 3 user_output_test9 test9.output | cat -e

Diff OK :D
= Test 10 ==================================================
$> ./c1stbksidzd4jetklcs3p26s "lI1n0R" "lAkIj1Xn20pRVu"
$> diff -U 3 user_output_test10 test10.output | cat -e

Diff OK :D
= Test 11 ==================================================
$> ./5qje6kbe2ogw34xsxlrts1fa "i7nwS" "4qi7nwIXSFN"
$> diff -U 3 user_output_test11 test11.output | cat -e

Diff OK :D
= Test 12 ==================================================
$> ./omzb9gwyn76yfcjqxmarh01f "6t" "6Jt"
$> diff -U 3 user_output_test12 test12.output | cat -e

Diff OK :D
= Test 13 ==================================================
$> ./vrkq734xhx87hbtkkcxx0urq "dreSowK" "9hdW6resSQowUuKB"
$> diff -U 3 user_output_test13 test13.output | cat -e

Diff OK :D
= Test 14 ==================================================
$> ./es83z7okp7m7liqt9z4ltie0 "xRlTF" "nUx9RzlWTPFY"
$> diff -U 3 user_output_test14 test14.output | cat -e

Diff OK :D
= Test 15 ==================================================
$> ./ybx5kotxv5q7osk0vatxjw51 "nt1IoR6" "GnWt1FOILoRrh6"
$> diff -U 3 user_output_test15 test15.output | cat -e

Diff OK :D
= Test 16 ==================================================
$> ./jxpf4jq5beo2hqs4hj78aigo "ODo3W" "e2Gk6v7sVwcS9aJ"
$> diff -U 3 user_output_test16 test16.output | cat -e

Diff OK :D
= Test 17 ==================================================
$> ./3p75poxp8c2pzmtquk09ab3c "iCNod" "qKs9bfkVNRBEItMGgVCUYS"
$> diff -U 3 user_output_test17 test17.output | cat -e

Diff OK :D
= Test 18 ==================================================
$> ./n9djxvma3m1tdkpozo2185gq "KpbyZ" "Q9nvKgENYlPqf8Ahp4hDUITQ"
$> diff -U 3 user_output_test18 test18.output | cat -e

Diff OK :D
= Test 19 ==================================================
$> ./y5z98dx7cfafm0wcypci41f7 "O" "YFO"
$> diff -U 3 user_output_test19 test19.output | cat -e

Diff OK :D
= Test 20 ==================================================
$> ./gtb4odz5qmx3028btwl1cb8f "Vk1wT" "sVG3WE9SAZPbTFQrZw"
$> diff -U 3 user_output_test20 test20.output | cat -e

Diff OK :D
Grade: 1

= Final grade: 1 ===============================================================
