= Host-specific information ====================================================
$> hostname; uname -msr
e1r5p15.1337.ma
Darwin 16.7.0 x86_64
$> date
Thu Feb  7 10:52:56 CET 2019
$> gcc --version
Configured with: --prefix=/Applications/Xcode.app/Contents/Developer/usr --with-gxx-include-dir=/usr/include/c++/4.2.1
Apple LLVM version 9.0.0 (clang-900.0.39.2)
Target: x86_64-apple-darwin16.7.0
Thread model: posix
InstalledDir: /Applications/Xcode.app/Contents/Developer/Toolchains/XcodeDefault.xctoolchain/usr/bin
$> clang --version
Apple LLVM version 9.0.0 (clang-900.0.39.2)
Target: x86_64-apple-darwin16.7.0
Thread model: posix
InstalledDir: /Applications/Xcode.app/Contents/Developer/Toolchains/XcodeDefault.xctoolchain/usr/bin

= User files collection ========================================================
Collecting user files from Vogsphere
Repository URL: auto-exam/2019/c-exam-alone-in-the-dark-beginner/practice-exam_20190207/ishaimou2

= Git history ==================================================================
$> git -C /var/folders/r4/kc2z8j9n7hnbt5shh4tdfvz80000gq/T/tmpHFNpU4/user log --pretty='%H - %an, %ad : %s'
060e87b376426f27a59bb5f3e33120d2a5050491 - nayarix, Thu Feb 7 10:52:47 2019 +0100 : done
e212c124cfd0d2ae26ddf71aee8a8e5794daa416 - nayarix, Thu Feb 7 10:43:12 2019 +0100 : done
969ec8e54517361fb6203705ed0036ebe5979ef5 - nayarix, Thu Feb 7 10:37:16 2019 +0100 : done
 
= Collected files ==========================================
$> ls -lAR /var/folders/r4/kc2z8j9n7hnbt5shh4tdfvz80000gq/T/tmpHFNpU4/user
total 8
-rw-r--r--  1 deepthought  deepthought  703 Feb  7 10:52 __GIT_HISTORY
drwxr-xr-x  3 deepthought  deepthought  102 Feb  7 10:52 ft_print_numbers
drwxr-xr-x  3 deepthought  deepthought  102 Feb  7 10:52 rotone
drwxr-xr-x  3 deepthought  deepthought  102 Feb  7 10:52 union

/var/folders/r4/kc2z8j9n7hnbt5shh4tdfvz80000gq/T/tmpHFNpU4/user/ft_print_numbers:
total 8
-rw-r--r--  1 deepthought  deepthought  1015 Feb  7 10:52 ft_print_numbers.c

/var/folders/r4/kc2z8j9n7hnbt5shh4tdfvz80000gq/T/tmpHFNpU4/user/rotone:
total 8
-rw-r--r--  1 deepthought  deepthought  1239 Feb  7 10:52 rotone.c

/var/folders/r4/kc2z8j9n7hnbt5shh4tdfvz80000gq/T/tmpHFNpU4/user/union:
total 8
-rw-r--r--  1 deepthought  deepthought  1431 Feb  7 10:52 union.c
 
= union ========================================================================
$> gcc -Wextra -Wall -Werror union.c -o user_exe 

= Test 1 ===================================================
$> ./7sb67nwmymh197ymd29k8b5j 
$> diff -U 3 user_output_test1 test1.output | cat -e

Diff OK :D
= Test 2 ===================================================
$> ./bwage0pd5x7cpax3ubkgyp0f "	 " " 		  "
$> diff -U 3 user_output_test2 test2.output | cat -e

Diff OK :D
= Test 3 ===================================================
$> ./uolygejubp3ib8jyztw2magk "w5P2eXfB"
$> diff -U 3 user_output_test3 test3.output | cat -e

Diff OK :D
= Test 4 ===================================================
$> ./mssanh9a5ormd4zxrc90abrj "tb2" "FfsjK3yCHpOd2RTXx"
$> diff -U 3 user_output_test4 test4.output | cat -e

Diff OK :D
= Test 5 ===================================================
$> ./7ribwk0rw9ck1icf4drvuiun "m6oP3JpBtF9j7k" "qrpThswcvMZYaO"
$> diff -U 3 user_output_test5 test5.output | cat -e

Diff OK :D
= Test 6 ===================================================
$> ./d102mhjsuvezyh3b33796cty "IsDb5r3SAEMz9LY" "zlHWi2GdO"
$> diff -U 3 user_output_test6 test6.output | cat -e

Diff OK :D
= Test 7 ===================================================
$> ./u32wwzcp7l6m89i2heo1d0bn "yR49emnBEZkidG" "HC48PMmNFcvn"
$> diff -U 3 user_output_test7 test7.output | cat -e

Diff OK :D
= Test 8 ===================================================
$> ./0a1402qbtdrclo2qsnw1vak4 "VhUOe" "CZ1wI6DdU"
$> diff -U 3 user_output_test8 test8.output | cat -e

Diff OK :D
= Test 9 ===================================================
$> ./bqr5ou2p553hd1k4ia5wmv29 "x5uNnRMm8w" "NPqrU2LvgHxoF"
$> diff -U 3 user_output_test9 test9.output | cat -e

Diff OK :D
= Test 10 ==================================================
$> ./bguoc0d2h299typdpde7vxpz "fgOXqskbDi76T" "kyO"
$> diff -U 3 user_output_test10 test10.output | cat -e

Diff OK :D
= Test 11 ==================================================
$> ./noarr5xyms6knf8wogh7tone "6OprqXFYkS5jL" "p0Pi26z7cTfjkEq"
$> diff -U 3 user_output_test11 test11.output | cat -e

Diff OK :D
= Test 12 ==================================================
$> ./vyw3asn7yuif8c00a59s7u82 "IyjPAC9" "uaY1Q3L"
$> diff -U 3 user_output_test12 test12.output | cat -e

Diff OK :D
= Test 13 ==================================================
$> ./kzs8zvz3oxbv8n5oqlwz1r6p "JvyReKfXdk0Pw4s" "qFMaBsX08G9tZIL2O"
$> diff -U 3 user_output_test13 test13.output | cat -e

Diff OK :D
= Test 14 ==================================================
$> ./vuex4dgf70fq4mglcbhdrxjn "7vYLGRgJp8e" "voE7CBhVg4X"
$> diff -U 3 user_output_test14 test14.output | cat -e

Diff OK :D
= Test 15 ==================================================
$> ./er289f0wtx88rxiayemfdgdb "fKjlC9OL8GpEzWgd" "ufLZUAxDm4S"
$> diff -U 3 user_output_test15 test15.output | cat -e

Diff OK :D
= Test 16 ==================================================
$> ./n7c42ve49y2nirnrdap54v82 "qa57LInt" "gFl"
$> diff -U 3 user_output_test16 test16.output | cat -e

Diff OK :D
= Test 17 ==================================================
$> ./05bmsslmaa5ferp3i7z9nmv2 "AHCjp" "Uiouh2D45wfrsXvO"
$> diff -U 3 user_output_test17 test17.output | cat -e

Diff OK :D
= Test 18 ==================================================
$> ./kibcvd0vkrpc1nh0mco8ho7g "WKO4zrLNGY6lXJ" "6bCzWh"
$> diff -U 3 user_output_test18 test18.output | cat -e

Diff OK :D
= Test 19 ==================================================
$> ./ab3jagg6ueziz0ao59y8nga1 "1oirJCfvj3sR9N" "0WZXd3Qxc2y6pi"
$> diff -U 3 user_output_test19 test19.output | cat -e

Diff OK :D
= Test 20 ==================================================
$> ./0sx45zw9qkq26ceb60g13izz "R7LwVaCtneA" "5OVLfbH9CW"
$> diff -U 3 user_output_test20 test20.output | cat -e

Diff OK :D
Grade: 1

= Final grade: 1 ===============================================================
