= Host-specific information ====================================================
$> hostname; uname -msr
e2r7p11.1337.ma
Darwin 16.7.0 x86_64
$> date
Fri Feb  8 09:23:48 CET 2019
$> gcc --version
Configured with: --prefix=/Applications/Xcode.app/Contents/Developer/usr --with-gxx-include-dir=/usr/include/c++/4.2.1
Apple LLVM version 9.0.0 (clang-900.0.39.2)
Target: x86_64-apple-darwin16.7.0
Thread model: posix
InstalledDir: /Applications/Xcode.app/Contents/Developer/Toolchains/XcodeDefault.xctoolchain/usr/bin
$> clang --version
Apple LLVM version 9.0.0 (clang-900.0.39.2)
Target: x86_64-apple-darwin16.7.0
Thread model: posix
InstalledDir: /Applications/Xcode.app/Contents/Developer/Toolchains/XcodeDefault.xctoolchain/usr/bin

= User files collection ========================================================
Collecting user files from Vogsphere
Repository URL: auto-exam/2019/c-exam-alone-in-the-dark-beginner/practice-exam_20190208/ishaimou

= Git history ==================================================================
$> git -C /var/folders/y9/p9hlhcdd1s5g8w55zp1xxktw0000gq/T/tmpTiTyrE/user log --pretty='%H - %an, %ad : %s'
0add69dda93349ef050f420ebcbf2d04b3d17165 - nayarix, Fri Feb 8 09:23:35 2019 +0100 : done
d943cd2a6652f70b08c1e6d36219c3f96bc5a3a0 - nayarix, Fri Feb 8 08:41:53 2019 +0100 : done
17c16f8a8588210d9c9240a83149b7ea60d52d5b - nayarix, Fri Feb 8 08:37:58 2019 +0100 : done
 
= Collected files ==========================================
$> ls -lAR /var/folders/y9/p9hlhcdd1s5g8w55zp1xxktw0000gq/T/tmpTiTyrE/user
total 8
-rw-r--r--  1 deepthought  deepthought  672 Feb  8 09:23 __GIT_HISTORY
drwxr-xr-x  3 deepthought  deepthought  102 Feb  8 09:23 ft_strcpy
drwxr-xr-x  3 deepthought  deepthought  102 Feb  8 09:23 ft_strcspn
drwxr-xr-x  3 deepthought  deepthought  102 Feb  8 09:23 only_z

/var/folders/y9/p9hlhcdd1s5g8w55zp1xxktw0000gq/T/tmpTiTyrE/user/ft_strcpy:
total 8
-rw-r--r--  1 deepthought  deepthought  1024 Feb  8 09:23 ft_strcpy.c

/var/folders/y9/p9hlhcdd1s5g8w55zp1xxktw0000gq/T/tmpTiTyrE/user/ft_strcspn:
total 8
-rw-r--r--  1 deepthought  deepthought  1126 Feb  8 09:23 ft_strcspn.c

/var/folders/y9/p9hlhcdd1s5g8w55zp1xxktw0000gq/T/tmpTiTyrE/user/only_z:
total 8
-rw-r--r--  1 deepthought  deepthought  965 Feb  8 09:23 only_z.c
 
= ft_strcspn ===================================================================
$> gcc -Wextra -Wall -Werror main.c ft_strcspn.c -o user_exe 

= Test 1 ===================================================
$> ./7hbk0m5wjragz562ve5op1ah 'chat' 'chien'
$> diff -U 3 user_output_test1 test1.output | cat -e

Diff OK :D
= Test 2 ===================================================
$> ./vyqfjo8ep5f7r7m38s6ngkpo 'ABCDEFG019874' 'ABCD'
$> diff -U 3 user_output_test2 test2.output | cat -e

Diff OK :D
= Test 3 ===================================================
$> ./bohw07hq1ysdp2hh1vwxf2vh ' ' '1234567890'
$> diff -U 3 user_output_test3 test3.output | cat -e

Diff OK :D
= Test 4 ===================================================
$> ./lcofp6f1707cl7svydkoz6iu '1234567890' ' '
$> diff -U 3 user_output_test4 test4.output | cat -e

Diff OK :D
= Test 5 ===================================================
$> ./e6jr7hbllbgrvzxk9x84nny0 ';fjhbsdnc xwpusgrhbs' 'opsiyhgvdzbnciox'
$> diff -U 3 user_output_test5 test5.output | cat -e

Diff OK :D
= Test 6 ===================================================
$> ./pe86wyv1o8q5uzspxw6coqgk '0987654321' '1234567890'
$> diff -U 3 user_output_test6 test6.output | cat -e

Diff OK :D
= Test 7 ===================================================
$> ./iw0i9z52iaiwv06mrclwidj6 '/bin/ls/' '/bien/ls/~'
$> diff -U 3 user_output_test7 test7.output | cat -e

Diff OK :D
= Test 8 ===================================================
$> ./5l3yaor7ngskhmnsibuoanlf '~`,./<>?!@#$%^&*()-+_{}[]|\' 'abcdefghijklmnopqrstuvzxyz'
$> diff -U 3 user_output_test8 test8.output | cat -e

Diff OK :D
= Test 9 ===================================================
$> ./1rjy3m5wu08akb6apajqigff 'Farenheit' 'Degree'
$> diff -U 3 user_output_test9 test9.output | cat -e

Diff OK :D
= Test 10 ==================================================
$> ./c6jdfpi3yped2kfwvhwinkgb 'Et quoniam inedia gravi adflictabantur, locum petivere Paleas nomine, vergentem in mare, valido muro firmatum, ubi conduntur nunc usque commeatus distribui militibus omne latus Isauriae defendentibus adsueti. circumstetere igitur hoc munimentum per triduum et trinoctium et cum neque adclivitas ipsa sine discrimine adiri letali, nec cuniculis quicquam geri posset, nec procederet ullum obsidionale commentum, maesti excedunt postrema vi subigente maiora viribus adgressuri.' 'Et quoniam inedia gravi adflictabantur, locum petivere Paleas nomine, vergentem in mare, valido muro firmatum, ubi conduntur nunc usque commeatus distribui militibus omne latus Isauriae defendentibus adsueti. circumstetere igitur hoc munimentum per triduum et trinoctium et cum neque adclivitas ipsa sine discrimine adiri letali, nec cuniculis quicquam geri posset, nec procederet ullum obsidionale commentum, maesti excedunt postrema vi subigente maiora viribus adgressuri.'
$> diff -U 3 user_output_test10 test10.output | cat -e

Diff OK :D
Grade: 1

= Final grade: 1 ===============================================================
