= Host-specific information ====================================================
$> hostname; uname -msr
e2r6p7.1337.ma
Darwin 16.7.0 x86_64
$> date
Sun Feb  3 08:59:13 CET 2019
$> gcc --version
Configured with: --prefix=/Library/Developer/CommandLineTools/usr --with-gxx-include-dir=/usr/include/c++/4.2.1
Apple LLVM version 8.1.0 (clang-802.0.38)
Target: x86_64-apple-darwin16.7.0
Thread model: posix
InstalledDir: /Library/Developer/CommandLineTools/usr/bin
$> clang --version
Apple LLVM version 8.1.0 (clang-802.0.38)
Target: x86_64-apple-darwin16.7.0
Thread model: posix
InstalledDir: /Library/Developer/CommandLineTools/usr/bin

= User files collection ========================================================
Collecting user files from Vogsphere
Repository URL: auto-exam/2019/c-exam-alone-in-the-dark-beginner/practice-exam_20190203/ishaimou

= Git history ==================================================================
$> git -C /var/folders/wt/8q7tx9b567sdfxxn4t9ww17w0000gq/T/tmpul1_rH/user log --pretty='%H - %an, %ad : %s'
58c0c8b0aa33f7613a9851d6cdfd409a0b3a65ea - nayarix, Sun Feb 3 08:57:53 2019 +0100 : done
36c0f35e9a7682afd25a5a2cd7ffde6424cc0fcc - nayarix, Sun Feb 3 08:55:51 2019 +0100 : done
0c7e822583d2bc89971b02dfb749b24794929b0d - nayarix, Sun Feb 3 08:53:05 2019 +0100 : done
2005b7f628e3ad5b0b6f07085cb94becbbd80ba3 - nayarix, Sun Feb 3 08:43:06 2019 +0100 : done
 
= Collected files ==========================================
$> ls -lAR /var/folders/wt/8q7tx9b567sdfxxn4t9ww17w0000gq/T/tmpul1_rH/user
total 8
-rw-r--r--  1 deepthought  deepthought  909 Feb  3 08:59 __GIT_HISTORY
drwxr-xr-x  3 deepthought  deepthought  102 Feb  3 08:59 aff_last_param
drwxr-xr-x  3 deepthought  deepthought  102 Feb  3 08:59 ft_swap
drwxr-xr-x  3 deepthought  deepthought  102 Feb  3 08:59 hidenp
drwxr-xr-x  3 deepthought  deepthought  102 Feb  3 08:59 wdmatch

/var/folders/wt/8q7tx9b567sdfxxn4t9ww17w0000gq/T/tmpul1_rH/user/aff_last_param:
total 8
-rw-r--r--  1 deepthought  deepthought  1058 Feb  3 08:59 aff_last_param.c

/var/folders/wt/8q7tx9b567sdfxxn4t9ww17w0000gq/T/tmpul1_rH/user/ft_swap:
total 8
-rw-r--r--  1 deepthought  deepthought  962 Feb  3 08:59 ft_swap.c

/var/folders/wt/8q7tx9b567sdfxxn4t9ww17w0000gq/T/tmpul1_rH/user/hidenp:
total 8
-rw-r--r--  1 deepthought  deepthought  1202 Feb  3 08:59 hidenp.c

/var/folders/wt/8q7tx9b567sdfxxn4t9ww17w0000gq/T/tmpul1_rH/user/wdmatch:
total 8
-rw-r--r--  1 deepthought  deepthought  1201 Feb  3 08:59 wdmatch.c
 
= hidenp =======================================================================
$> gcc -Wextra -Wall -Werror hidenp.c -o user_exe 

= Test 1 ===================================================
$> ./rmcnpqrw5wpw8ju4wxsbt73q 
$> diff -U 3 user_output_test1 test1.output | cat -e

Diff OK :D
= Test 2 ===================================================
$> ./cvw934a9mjt2ziv5adwmy6fw "salut a tous tout le monde"
$> diff -U 3 user_output_test2 test2.output | cat -e

Diff OK :D
= Test 3 ===================================================
$> ./t6c35h688200n33e7ird53ux "salut" "a" "tous" "tout" "le" "monde"
$> diff -U 3 user_output_test3 test3.output | cat -e

Diff OK :D
= Test 4 ===================================================
$> ./ulo7vem384l613t7ks3xwdn0 "llo" "helllo"
$> diff -U 3 user_output_test4 test4.output | cat -e

Diff OK :D
= Test 5 ===================================================
$> ./lj3ju24gpich2my92l8wcujw "j23fRDJvXz" "lHd6vGC7a1S"
$> diff -U 3 user_output_test5 test5.output | cat -e

Diff OK :D
= Test 6 ===================================================
$> ./vwodyp91w7dekterko9x4ju5 "MfNtrSIhkmA" "K0hxUZ4"
$> diff -U 3 user_output_test6 test6.output | cat -e

Diff OK :D
= Test 7 ===================================================
$> ./gcs6wrbigpgop15fnll25cqa "4rYLGS" "9nPulSeRG"
$> diff -U 3 user_output_test7 test7.output | cat -e

Diff OK :D
= Test 8 ===================================================
$> ./sg7s1eyn4ktzaf4604atnzx2 "t" "Nht3"
$> diff -U 3 user_output_test8 test8.output | cat -e

Diff OK :D
= Test 9 ===================================================
$> ./snbqk64pexdx8u0atcyhd1p8 "Mlt7wDzPSsOFZ" "ovnEUKrWmh"
$> diff -U 3 user_output_test9 test9.output | cat -e

Diff OK :D
= Test 10 ==================================================
$> ./ku2m5k27lt7nxmmz5qohqcg5 "Qa8RSs" "QaX8RjSsY"
$> diff -U 3 user_output_test10 test10.output | cat -e

Diff OK :D
= Test 11 ==================================================
$> ./bshoi6vjkijh8216bnnllkzy "eLigHpZw6Ghn" "nKf1jUCG4g"
$> diff -U 3 user_output_test11 test11.output | cat -e

Diff OK :D
= Test 12 ==================================================
$> ./lylruqn0jfe83x9vz89ewok9 "GFmy9" "dGFSmyN19o"
$> diff -U 3 user_output_test12 test12.output | cat -e

Diff OK :D
= Test 13 ==================================================
$> ./jgf6h3qhfwsmwzixxi6y9hck "GXbuPHLyjox4F" "JV0Mwov6ipFbNIHX"
$> diff -U 3 user_output_test13 test13.output | cat -e

Diff OK :D
= Test 14 ==================================================
$> ./jbn3t9gucl78uji8nkpye20j "Zxy" "meZxyg"
$> diff -U 3 user_output_test14 test14.output | cat -e

Diff OK :D
= Test 15 ==================================================
$> ./3810x0gsde3mzkvn2xfsraci "HUY" "HqUYG"
$> diff -U 3 user_output_test15 test15.output | cat -e

Diff OK :D
= Test 16 ==================================================
$> ./ye6ssilbd17uu8cswozch9pp "yCaRwuOHfZSeF" "hxQeAXz8y61o7RK"
$> diff -U 3 user_output_test16 test16.output | cat -e

Diff OK :D
= Test 17 ==================================================
$> ./wrnibk9lzrxtx3i4m56xgk8v "DU1tp" "NDU1tqp"
$> diff -U 3 user_output_test17 test17.output | cat -e

Diff OK :D
= Test 18 ==================================================
$> ./l5tbydsmxhlol7trs0r8xrxx "4NY" "AXWv2CpsNk9xi7o"
$> diff -U 3 user_output_test18 test18.output | cat -e

Diff OK :D
= Test 19 ==================================================
$> ./kapbx2zptamg8l4qgv2wnz1v "7i4MQRE" "W7i4LMYQTRE"
$> diff -U 3 user_output_test19 test19.output | cat -e

Diff OK :D
= Test 20 ==================================================
$> ./fwtq4jfxbtyjn90fseaxzvfs "ark5FBKqC" "mrnLOxUH1D"
$> diff -U 3 user_output_test20 test20.output | cat -e

Diff OK :D
Grade: 1

= Final grade: 1 ===============================================================
