= Host-specific information ====================================================
$> hostname; uname -msr
e2r11p2.1337.ma
Darwin 16.7.0 x86_64
$> date
Sun Feb  3 10:54:59 CET 2019
$> gcc --version
Configured with: --prefix=/Library/Developer/CommandLineTools/usr --with-gxx-include-dir=/usr/include/c++/4.2.1
Apple LLVM version 8.1.0 (clang-802.0.38)
Target: x86_64-apple-darwin16.7.0
Thread model: posix
InstalledDir: /Library/Developer/CommandLineTools/usr/bin
$> clang --version
Apple LLVM version 8.1.0 (clang-802.0.38)
Target: x86_64-apple-darwin16.7.0
Thread model: posix
InstalledDir: /Library/Developer/CommandLineTools/usr/bin

= User files collection ========================================================
Collecting user files from Vogsphere
Repository URL: auto-exam/2019/c-exam-alone-in-the-dark-beginner/practice-exam_20190203/ishaimou4

= Git history ==================================================================
$> git -C /var/folders/4d/2mh8nxsd3f90cb04g46rv81h0000gq/T/tmp6F_zEe/user log --pretty='%H - %an, %ad : %s'
98b445fae29dd8b9b824868b52226b2fab9678ef - nayarix, Sun Feb 3 10:54:24 2019 +0100 : done
90bbe998594b850e29749f8a49fb9ba440e3bae6 - nayarix, Sun Feb 3 10:50:14 2019 +0100 : done
b4de9a6c09a1bcbdb8f3b9406a2c2897133568f5 - nayarix, Sun Feb 3 10:46:17 2019 +0100 : done
a32cefa4ef0de49e5342c80251e169f576b74eb6 - nayarix, Sun Feb 3 10:45:49 2019 +0100 : done
3c9ed6d4f9ea02ee62bdb71335d56c4b36afd790 - nayarix, Sun Feb 3 10:43:50 2019 +0100 : done
7ba0c31c18fdfbb08f3be9763c3aa4083bc91294 - nayarix, Sun Feb 3 10:41:37 2019 +0100 : done
12c63fc131ef87ce48d38820ba9d2ba6be9bdf78 - nayarix, Sun Feb 3 10:39:58 2019 +0100 : done
 
= Collected files ==========================================
$> ls -lAR /var/folders/4d/2mh8nxsd3f90cb04g46rv81h0000gq/T/tmp6F_zEe/user
total 8
-rw-r--r--  1 deepthought  deepthought  1580 Feb  3 10:55 __GIT_HISTORY
drwxr-xr-x  3 deepthought  deepthought   102 Feb  3 10:55 alpha_mirror
drwxr-xr-x  3 deepthought  deepthought   102 Feb  3 10:55 hello
drwxr-xr-x  3 deepthought  deepthought   102 Feb  3 10:55 inter
drwxr-xr-x  3 deepthought  deepthought   102 Feb  3 10:55 pgcd
drwxr-xr-x  3 deepthought  deepthought   102 Feb  3 10:55 rotone
drwxr-xr-x  3 deepthought  deepthought   102 Feb  3 10:55 str_capitalizer

/var/folders/4d/2mh8nxsd3f90cb04g46rv81h0000gq/T/tmp6F_zEe/user/alpha_mirror:
total 8
-rw-r--r--  1 deepthought  deepthought  1214 Feb  3 10:55 alpha_mirror.c

/var/folders/4d/2mh8nxsd3f90cb04g46rv81h0000gq/T/tmp6F_zEe/user/hello:
total 8
-rw-r--r--  1 deepthought  deepthought  979 Feb  3 10:55 hello.c

/var/folders/4d/2mh8nxsd3f90cb04g46rv81h0000gq/T/tmp6F_zEe/user/inter:
total 8
-rwxr-xr-x  1 deepthought  deepthought  1258 Feb  3 10:55 inter.c

/var/folders/4d/2mh8nxsd3f90cb04g46rv81h0000gq/T/tmp6F_zEe/user/pgcd:
total 8
-rw-r--r--  1 deepthought  deepthought  1205 Feb  3 10:55 pgcd.c

/var/folders/4d/2mh8nxsd3f90cb04g46rv81h0000gq/T/tmp6F_zEe/user/rotone:
total 8
-rw-r--r--  1 deepthought  deepthought  1239 Feb  3 10:55 rotone.c

/var/folders/4d/2mh8nxsd3f90cb04g46rv81h0000gq/T/tmp6F_zEe/user/str_capitalizer:
total 8
-rw-r--r--  1 deepthought  deepthought  1677 Feb  3 10:55 str_capitalizer.c
 
= pgcd =========================================================================
$> gcc -Wextra -Wall -Werror pgcd.c -o user_exe 

= Test 1 ===================================================
$> ./uvkhczrw6okfscz8jznxjb1y "920556" "1980488"
$> diff -U 3 user_output_test1 test1.output | cat -e

Diff OK :D
= Test 2 ===================================================
$> ./snf84w3a94tujlywtnu7szqc "110360" "116932"
$> diff -U 3 user_output_test2 test2.output | cat -e

Diff OK :D
= Test 3 ===================================================
$> ./fh73snbywquo4fi1km2gy9mr "9001392" "2568344"
$> diff -U 3 user_output_test3 test3.output | cat -e

Diff OK :D
= Test 4 ===================================================
$> ./tsrq7qkzj5kaqly4ttyz0z1a "4696941" "4664522"
$> diff -U 3 user_output_test4 test4.output | cat -e

Diff OK :D
= Test 5 ===================================================
$> ./60o5ghkw9zlpmcqxuazo2374 "2184164" "5139728"
$> diff -U 3 user_output_test5 test5.output | cat -e

Diff OK :D
= Test 6 ===================================================
$> ./6z23236cdyr21r6mp1ar0un6 "168857" "103974"
$> diff -U 3 user_output_test6 test6.output | cat -e

Diff OK :D
= Test 7 ===================================================
$> ./xkrv44ychkx0ohvya9y1vvnn "1741531" "451333"
$> diff -U 3 user_output_test7 test7.output | cat -e

Diff OK :D
= Test 8 ===================================================
$> ./g5ens9itn81jkmr9db1qfjlq "1803684" "3539916"
$> diff -U 3 user_output_test8 test8.output | cat -e

Diff OK :D
= Test 9 ===================================================
$> ./je6god2m89ssxpcg2h4rldx1 "6459449" "608205"
$> diff -U 3 user_output_test9 test9.output | cat -e

Diff OK :D
= Test 10 ==================================================
$> ./lkt2kg24d5g5n50wdpdmsknc "10166382" "148932"
$> diff -U 3 user_output_test10 test10.output | cat -e

Diff OK :D
= Test 11 ==================================================
$> ./dws6o5bgeibpwywlzji0gfye "13522854" "8166288"
$> diff -U 3 user_output_test11 test11.output | cat -e

Diff OK :D
= Test 12 ==================================================
$> ./jp97d7fmfc43gvu3349p3jys "15" "18"
$> diff -U 3 user_output_test12 test12.output | cat -e

Diff OK :D
= Test 13 ==================================================
$> ./curo0bffrv0u8apixxuh8u1f "1" "17"
$> diff -U 3 user_output_test13 test13.output | cat -e

Diff OK :D
= Test 14 ==================================================
$> ./tuf6m3g74wcwut3e5z4e8ltv "17" "33"
$> diff -U 3 user_output_test14 test14.output | cat -e

Diff OK :D
= Test 15 ==================================================
$> ./tfvtiyggn9bzl5cs6k51j93d "42" "4324232"
$> diff -U 3 user_output_test15 test15.output | cat -e

Diff OK :D
Grade: 1

= Final grade: 1 ===============================================================
