= Host-specific information ====================================================
$> hostname; uname -msr
e1r2p3.1337.ma
Darwin 16.7.0 x86_64
$> date
Sun Feb  3 10:32:05 CET 2019
$> gcc --version
Configured with: --prefix=/Applications/Xcode.app/Contents/Developer/usr --with-gxx-include-dir=/usr/include/c++/4.2.1
Apple LLVM version 9.0.0 (clang-900.0.39.2)
Target: x86_64-apple-darwin16.7.0
Thread model: posix
InstalledDir: /Applications/Xcode.app/Contents/Developer/Toolchains/XcodeDefault.xctoolchain/usr/bin
$> clang --version
Apple LLVM version 9.0.0 (clang-900.0.39.2)
Target: x86_64-apple-darwin16.7.0
Thread model: posix
InstalledDir: /Applications/Xcode.app/Contents/Developer/Toolchains/XcodeDefault.xctoolchain/usr/bin

= User files collection ========================================================
Collecting user files from Vogsphere
Repository URL: auto-exam/2019/c-exam-alone-in-the-dark-beginner/practice-exam_20190203/ishaimou3

= Git history ==================================================================
$> git -C /var/folders/fx/pp47n9sn26x6lbf6bfd7863m0000gq/T/tmpQOF_tE/user log --pretty='%H - %an, %ad : %s'
56b6dea5b8403dcb2dcdd41f6a08a9a2c590a264 - nayarix, Sun Feb 3 10:31:53 2019 +0100 : done
e6daa912628ea0a22298894c2bdd63dbb5462c47 - nayarix, Sun Feb 3 10:25:00 2019 +0100 : done
ddc8252cea683365e99c3961304c2e6fb58d5ea6 - nayarix, Sun Feb 3 10:08:47 2019 +0100 : done
525ad660c8cc7345c393e9fd24fa9aee4fe70a96 - nayarix, Sun Feb 3 10:06:09 2019 +0100 : done
e99366032ba1b10185daace4ef0d830c5218be36 - nayarix, Sun Feb 3 10:04:11 2019 +0100 : done
cfb89ed31ac7f01e28f41f9304130074a42fef4f - nayarix, Sun Feb 3 10:02:20 2019 +0100 : done
 
= Collected files ==========================================
$> ls -lAR /var/folders/fx/pp47n9sn26x6lbf6bfd7863m0000gq/T/tmpQOF_tE/user
total 24
-rw-r--r--  1 deepthought  deepthought  6148 Feb  3 10:32 .DS_Store
-rw-r--r--  1 deepthought  deepthought  1457 Feb  3 10:32 __GIT_HISTORY
drwxr-xr-x  3 deepthought  deepthought   102 Feb  3 10:32 fprime
drwxr-xr-x  3 deepthought  deepthought   102 Feb  3 10:32 ft_itoa_base
drwxr-xr-x  3 deepthought  deepthought   102 Feb  3 10:32 ft_strpbrk
drwxr-xr-x  3 deepthought  deepthought   102 Feb  3 10:32 maff_alpha
drwxr-xr-x  3 deepthought  deepthought   102 Feb  3 10:32 paramsum
drwxr-xr-x  3 deepthought  deepthought   102 Feb  3 10:32 search_and_replace

/var/folders/fx/pp47n9sn26x6lbf6bfd7863m0000gq/T/tmpQOF_tE/user/fprime:
total 8
-rw-r--r--  1 deepthought  deepthought  1242 Feb  3 10:32 fprime.c

/var/folders/fx/pp47n9sn26x6lbf6bfd7863m0000gq/T/tmpQOF_tE/user/ft_itoa_base:
total 8
-rw-r--r--  1 deepthought  deepthought  1825 Feb  3 10:32 ft_itoa_base.c

/var/folders/fx/pp47n9sn26x6lbf6bfd7863m0000gq/T/tmpQOF_tE/user/ft_strpbrk:
total 8
-rw-r--r--  1 deepthought  deepthought  1095 Feb  3 10:32 ft_strpbrk.c

/var/folders/fx/pp47n9sn26x6lbf6bfd7863m0000gq/T/tmpQOF_tE/user/maff_alpha:
total 8
-rw-r--r--  1 deepthought  deepthought  993 Feb  3 10:32 maff_alpha.c

/var/folders/fx/pp47n9sn26x6lbf6bfd7863m0000gq/T/tmpQOF_tE/user/paramsum:
total 8
-rw-r--r--  1 deepthought  deepthought  1163 Feb  3 10:32 paramsum.c

/var/folders/fx/pp47n9sn26x6lbf6bfd7863m0000gq/T/tmpQOF_tE/user/search_and_replace:
total 8
-rw-r--r--  1 deepthought  deepthought  1291 Feb  3 10:32 search_and_replace.c
 
= fprime =======================================================================
$> gcc -Wextra -Wall -Werror fprime.c -o user_exe 

= Test 1 ===================================================
$> ./gw6wifu6z1hgp7okszxx2qju 
$> diff -U 3 user_output_test1 test1.output | cat -e

Diff OK :D
= Test 2 ===================================================
$> ./9hfq0zg2ka8qgy407c8367mh "1" "2" "3" "4" "5" "6"
$> diff -U 3 user_output_test2 test2.output | cat -e

Diff OK :D
= Test 3 ===================================================
$> ./xv1h0ghsb2tasx0ufyfs0dli 165
$> diff -U 3 user_output_test3 test3.output | cat -e

Diff OK :D
= Test 4 ===================================================
$> ./j0o5jt5da0r2ohsc69n0ohp4 162
$> diff -U 3 user_output_test4 test4.output | cat -e

Diff OK :D
= Test 5 ===================================================
$> ./dlb9mo5mcwmor2l8dng031c1 144
$> diff -U 3 user_output_test5 test5.output | cat -e

Diff OK :D
= Test 6 ===================================================
$> ./oab5dpq1oq8pip7pm4g9r6jt 151
$> diff -U 3 user_output_test6 test6.output | cat -e

Diff OK :D
= Test 7 ===================================================
$> ./pc4nct5mifmkicivq24x4o38 123
$> diff -U 3 user_output_test7 test7.output | cat -e

Diff OK :D
= Test 8 ===================================================
$> ./nxo3ikw5oq5bw71b787k5ic8 176
$> diff -U 3 user_output_test8 test8.output | cat -e

Diff OK :D
= Test 9 ===================================================
$> ./218z3v6gfdyop3foksy4bdyr 91
$> diff -U 3 user_output_test9 test9.output | cat -e

Diff OK :D
= Test 10 ==================================================
$> ./yj650f8wb9psek5jsmyt7ofr 191
$> diff -U 3 user_output_test10 test10.output | cat -e

Diff OK :D
= Test 11 ==================================================
$> ./6g83dsgbs5exl9rujvsx69db 16388
$> diff -U 3 user_output_test11 test11.output | cat -e

Diff OK :D
= Test 12 ==================================================
$> ./muxth1pxf2fqjujbzg1xl0wo 1492629
$> diff -U 3 user_output_test12 test12.output | cat -e

Diff OK :D
= Test 13 ==================================================
$> ./ovxgdpnt5z7d1vgf2pwtpyqf 68458
$> diff -U 3 user_output_test13 test13.output | cat -e

Diff OK :D
= Test 14 ==================================================
$> ./be2lk6rsv8r8ob4h1d21md79 895003
$> diff -U 3 user_output_test14 test14.output | cat -e

Diff OK :D
= Test 15 ==================================================
$> ./1ys3mr3wgax55hq6rel9q6uo 1169068
$> diff -U 3 user_output_test15 test15.output | cat -e

Diff OK :D
Grade: 1

= Final grade: 1 ===============================================================
