= Host-specific information ====================================================
$> hostname; uname -msr
e1r2p4.1337.ma
Darwin 16.7.0 x86_64
$> date
Tue Jan 29 03:04:52 CET 2019
$> gcc --version
Configured with: --prefix=/Applications/Xcode.app/Contents/Developer/usr --with-gxx-include-dir=/usr/include/c++/4.2.1
Apple LLVM version 9.0.0 (clang-900.0.39.2)
Target: x86_64-apple-darwin16.7.0
Thread model: posix
InstalledDir: /Applications/Xcode.app/Contents/Developer/Toolchains/XcodeDefault.xctoolchain/usr/bin
$> clang --version
Apple LLVM version 9.0.0 (clang-900.0.39.2)
Target: x86_64-apple-darwin16.7.0
Thread model: posix
InstalledDir: /Applications/Xcode.app/Contents/Developer/Toolchains/XcodeDefault.xctoolchain/usr/bin

= User files collection ========================================================
Collecting user files from Vogsphere
Repository URL: auto-exam/2019/c-exam-alone-in-the-dark-beginner/practice-exam_20190129/ishaimou

= Git history ==================================================================
$> git -C /var/folders/mp/sl3mz54j5m9_90y1zhl9gt7h0000gq/T/tmp9nIjAA/user log --pretty='%H - %an, %ad : %s'
e48faf9846534a8821ffac40340282ea6af44ed8 - nayarix, Tue Jan 29 03:04:30 2019 +0100 : done
666fa16bfd885fe62e10282279de843791f7e4ac - nayarix, Tue Jan 29 02:42:36 2019 +0100 : done
7fcbfd2ca549307313526c7f4502fa18e6a6f8c8 - nayarix, Tue Jan 29 02:35:21 2019 +0100 : done
f954c3424c007e5f0b12c59c1e72fe9eddf8a737 - nayarix, Tue Jan 29 01:27:25 2019 +0100 : done
701a5acc48f6711a07900b134c042dfa9133f8c2 - nayarix, Tue Jan 29 01:23:50 2019 +0100 : done
08cf3d55cb69325a69f7a9262b1d02b81e994bb6 - nayarix, Tue Jan 29 01:22:23 2019 +0100 : done
 
= Collected files ==========================================
$> ls -lAR /var/folders/mp/sl3mz54j5m9_90y1zhl9gt7h0000gq/T/tmp9nIjAA/user
total 8
-rw-r--r--  1 deepthought  deepthought  1497 Jan 29 03:04 __GIT_HISTORY
drwxr-xr-x  4 deepthought  deepthought   136 Jan 29 03:04 do_op
drwxr-xr-x  3 deepthought  deepthought   102 Jan 29 03:04 expand_str
drwxr-xr-x  4 deepthought  deepthought   136 Jan 29 03:04 flood_fill
drwxr-xr-x  3 deepthought  deepthought   102 Jan 29 03:04 ft_rrange
drwxr-xr-x  3 deepthought  deepthought   102 Jan 29 03:04 ft_strcpy
drwxr-xr-x  3 deepthought  deepthought   102 Jan 29 03:04 only_z

/var/folders/mp/sl3mz54j5m9_90y1zhl9gt7h0000gq/T/tmp9nIjAA/user/do_op:
total 16
-rw-r--r--  1 deepthought  deepthought  1341 Jan 29 03:04 do_op.c
-rw-r--r--  1 deepthought  deepthought   996 Jan 29 03:04 do_op.h

/var/folders/mp/sl3mz54j5m9_90y1zhl9gt7h0000gq/T/tmp9nIjAA/user/expand_str:
total 8
-rw-r--r--  1 deepthought  deepthought  1407 Jan 29 03:04 expand_str.c

/var/folders/mp/sl3mz54j5m9_90y1zhl9gt7h0000gq/T/tmp9nIjAA/user/flood_fill:
total 16
-rw-r--r--  1 deepthought  deepthought  1591 Jan 29 03:04 flood_fill.c
-rw-r--r--  1 deepthought  deepthought  1076 Jan 29 03:04 t_point.h

/var/folders/mp/sl3mz54j5m9_90y1zhl9gt7h0000gq/T/tmp9nIjAA/user/ft_rrange:
total 8
-rw-r--r--  1 deepthought  deepthought  1325 Jan 29 03:04 ft_rrange.c

/var/folders/mp/sl3mz54j5m9_90y1zhl9gt7h0000gq/T/tmp9nIjAA/user/ft_strcpy:
total 8
-rw-r--r--  1 deepthought  deepthought  1024 Jan 29 03:04 ft_strcpy.c

/var/folders/mp/sl3mz54j5m9_90y1zhl9gt7h0000gq/T/tmp9nIjAA/user/only_z:
total 8
-rw-r--r--  1 deepthought  deepthought  965 Jan 29 03:04 only_z.c
 
= flood_fill ===================================================================
$> gcc -Wextra -Wall -Werror flood_fill.c main.c -o user_exe 

= Test 1 ===================================================
$> ./g806gbsz0803tnfien3hdy0x test1
$> diff -U 3 user_output_test1 test1.output | cat -e

Diff OK :D
= Test 2 ===================================================
$> ./e2nbwvjl3e7dcvw616vs09l2 test2
$> diff -U 3 user_output_test2 test2.output | cat -e

Diff OK :D
= Test 3 ===================================================
$> ./ycqykgw8kg3vay3isdxkx3vc test3
$> diff -U 3 user_output_test3 test3.output | cat -e

Diff OK :D
= Test 4 ===================================================
$> ./mel73dzd6anmuxd5n05a69h1 test4
$> diff -U 3 user_output_test4 test4.output | cat -e

Diff OK :D
= Test 5 ===================================================
$> ./rz7iqbaz2uox1gqkqybn8h3g test5
$> diff -U 3 user_output_test5 test5.output | cat -e

Diff OK :D
= Test 6 ===================================================
$> ./jlqflvo10g4cw12pzxxccpkf test6
$> diff -U 3 user_output_test6 test6.output | cat -e

Diff OK :D
= Test 7 ===================================================
$> ./fkh6mp9aggoauwv4ozpk8gbk test7
$> diff -U 3 user_output_test7 test7.output | cat -e

Diff OK :D
= Test 8 ===================================================
$> ./uhjfauw4cw86r9nm39ulc83s test8
$> diff -U 3 user_output_test8 test8.output | cat -e

Diff OK :D
= Test 9 ===================================================
$> ./sk4gc7l9yn9cmrv5kj9nk9oh test9
$> diff -U 3 user_output_test9 test9.output | cat -e

Diff OK :D
= Test 10 ==================================================
$> ./z0phnufcnq1ly1dhrryo9xjt test10
$> diff -U 3 user_output_test10 test10.output | cat -e

Diff OK :D
= Test 11 ==================================================
$> ./y8yfk6th0s2d5fn0xjin3r84 test11
$> diff -U 3 user_output_test11 test11.output | cat -e

Diff OK :D
= Test 12 ==================================================
$> ./baypne1kehj4jn9xhgktwtbk test12
$> diff -U 3 user_output_test12 test12.output | cat -e

Diff OK :D
Grade: 1

= Final grade: 1 ===============================================================
