= Host-specific information ====================================================
$> hostname; uname -msr
e2r1p5.1337.ma
Darwin 16.7.0 x86_64
$> date
Mon Feb  4 09:05:58 CET 2019
$> gcc --version
Configured with: --prefix=/Library/Developer/CommandLineTools/usr --with-gxx-include-dir=/usr/include/c++/4.2.1
Apple LLVM version 8.1.0 (clang-802.0.38)
Target: x86_64-apple-darwin16.7.0
Thread model: posix
InstalledDir: /Library/Developer/CommandLineTools/usr/bin
$> clang --version
Apple LLVM version 8.1.0 (clang-802.0.38)
Target: x86_64-apple-darwin16.7.0
Thread model: posix
InstalledDir: /Library/Developer/CommandLineTools/usr/bin

= User files collection ========================================================
Collecting user files from Vogsphere
Repository URL: auto-exam/2019/c-exam-alone-in-the-dark-beginner/practice-exam_20190204/ishaimou

= Git history ==================================================================
$> git -C /var/folders/xd/7_7qm9f948vgvy1zc6c5qdw80000gq/T/tmpKjUWFE/user log --pretty='%H - %an, %ad : %s'
957c9eeb5c63d0e4a9948b3a4c467bd0889b50e4 - nayarix, Mon Feb 4 09:05:49 2019 +0100 : done
a5e3cb5afc923a0992a5004238d96c825a7f45ab - nayarix, Mon Feb 4 08:28:11 2019 +0100 : done
eaa5dfaf650a200a175ab6b4fe6ae38f6a127132 - nayarix, Mon Feb 4 08:19:12 2019 +0100 : done
2fec7461edfb7368b4305414ade46e53f2e5f738 - nayarix, Mon Feb 4 08:14:51 2019 +0100 : done
c478d0bd296f3ad86d0d6370314827d4583254f5 - nayarix, Mon Feb 4 08:07:23 2019 +0100 : done
 
= Collected files ==========================================
$> ls -lAR /var/folders/xd/7_7qm9f948vgvy1zc6c5qdw80000gq/T/tmpKjUWFE/user
total 8
-rw-r--r--  1 deepthought  deepthought  1185 Feb  4 09:05 __GIT_HISTORY
drwxr-xr-x  3 deepthought  deepthought   102 Feb  4 09:05 aff_a
drwxr-xr-x  3 deepthought  deepthought   102 Feb  4 09:05 expand_str
drwxr-xr-x  3 deepthought  deepthought   102 Feb  4 09:05 last_word
drwxr-xr-x  3 deepthought  deepthought   102 Feb  4 09:05 rostring
drwxr-xr-x  3 deepthought  deepthought   102 Feb  4 09:05 ulstr

/var/folders/xd/7_7qm9f948vgvy1zc6c5qdw80000gq/T/tmpKjUWFE/user/aff_a:
total 8
-rw-r--r--  1 deepthought  deepthought  1139 Feb  4 09:05 aff_a.c

/var/folders/xd/7_7qm9f948vgvy1zc6c5qdw80000gq/T/tmpKjUWFE/user/expand_str:
total 8
-rw-r--r--  1 deepthought  deepthought  1508 Feb  4 09:05 expand_str.c

/var/folders/xd/7_7qm9f948vgvy1zc6c5qdw80000gq/T/tmpKjUWFE/user/last_word:
total 8
-rw-r--r--  1 deepthought  deepthought  1289 Feb  4 09:05 last_word.c

/var/folders/xd/7_7qm9f948vgvy1zc6c5qdw80000gq/T/tmpKjUWFE/user/rostring:
total 8
-rw-r--r--  1 deepthought  deepthought  1494 Feb  4 09:05 rostring.c

/var/folders/xd/7_7qm9f948vgvy1zc6c5qdw80000gq/T/tmpKjUWFE/user/ulstr:
total 8
-rw-r--r--  1 deepthought  deepthought  1183 Feb  4 09:05 ulstr.c
 
= rostring =====================================================================
$> gcc -Wextra -Wall -Werror rostring.c -o user_exe 

= Test 1 ===================================================
$> ./g3bxgxrcy0mec41jwj0rrzg2 
$> diff -U 3 user_output_test1 test1.output | cat -e

Diff OK :D
= Test 2 ===================================================
$> ./6xiv0et9wjbrnf3ilvvvppvf 
$> diff -U 3 user_output_test2 test2.output | cat -e

Diff OK :D
= Test 3 ===================================================
$> ./mqadi72k91hrf281y1xg2f7z "salut" "a" "tous" "tout" "le" "monde"
$> diff -U 3 user_output_test3 test3.output | cat -e

Diff OK :D
= Test 4 ===================================================
$> ./pdyma8r3aag7nmz4qcqwk8r7 "YIqSOu"
$> diff -U 3 user_output_test4 test4.output | cat -e

Diff OK :D
= Test 5 ===================================================
$> ./p8vjc2w5f8qgjmx03s0gbkag "JgFL20EPbhHzNk"
$> diff -U 3 user_output_test5 test5.output | cat -e

Diff OK :D
= Test 6 ===================================================
$> ./jt2zcxzdn88vhwqd9qri6mcy "e4r6QND25TbI"
$> diff -U 3 user_output_test6 test6.output | cat -e

Diff OK :D
= Test 7 ===================================================
$> ./ul38pir4ropardcjp67kxare "YjXI qT1cABFQKiuLnW7V 1DaiYLnmS 8Esr6yfATv yh96 Lfq8QOX4UJMSDe A9iOWFlSs7XGR"
$> diff -U 3 user_output_test7 test7.output | cat -e

Diff OK :D
= Test 8 ===================================================
$> ./12sswl82ogb5e6cvkgyliji8 "fAoty49zpVKvlM kN9BwdJzUfWXnHMje 26yFKk8jBfL vifdGrsDuU7gOmI Qgonx yLesj4PG7KE9wYJ PhaSJxVtAHG uVmlkwJUpHMhC F7jvLTMtcszm 9KNfWxPO 2j4JCpFZW J4UuAnGOCsb7HYpXf UxS4RXiDWEeTn5sr 5OfH3PQwMpIr9c2C juTZfyJkd9E7iH1X qzFlh2T0NiWYm1d"
$> diff -U 3 user_output_test8 test8.output | cat -e

Diff OK :D
= Test 9 ===================================================
$> ./lvgaz0v6231muz98mhfjlu71 "XhiMeINjvgHS4 65niNdBsCyRtp CVSlOWv uhZT7A1piq ifP6H P5j6DJzsFC JoQFZKEhfuC06 1lixu5TrMKamV2AX Mzsq4rl YUXINAvDe aqDUIEjiJbo71hTy zKgCyJ t4DyEgWwMk nIWxsY2lz07QfrE hlUvp829OaxE HXLT3Wsa72UEZF"
$> diff -U 3 user_output_test9 test9.output | cat -e

Diff OK :D
= Test 10 ==================================================
$> ./lg93ivcztf634b9vphx9cnkr " 	vzh1L0EB6S	2GrO	kWpLu3,8v47SDCsa39EnTdgR9Z2rxWyO="
$> diff -U 3 user_output_test10 test10.output | cat -e

Diff OK :D
= Test 11 ==================================================
$> ./1lozitg0e05sd7ygkkn76b89 " 1yuq=w967RjSVBCMsP8g	8qiR781Npm3Fs 	Osk ?ITGJx4w5O97amct	 	 2eMOYAnylKVWjdQ	*"
$> diff -U 3 user_output_test11 test11.output | cat -e

Diff OK :D
= Test 12 ==================================================
$> ./4l0ocjsxtpqpburluy624exr "		-ubC4eGdIMnzcyRvK=YZxGD80tPUE<"
$> diff -U 3 user_output_test12 test12.output | cat -e

Diff OK :D
= Test 13 ==================================================
$> ./8cue2vveos8vy4ypn1zbd0jb ".g0Vk9cdWrHDOLwJt =e7xGHOwUSgLTNc9hdcnzVy1QiUebSW		 /nYaSN0B7MfQLgxrE -3JXiF:elvC7mMqfcQ5J2QwT96j3uDsNPVyGE3Ttq4"
$> diff -U 3 user_output_test13 test13.output | cat -e

Diff OK :D
= Test 14 ==================================================
$> ./z7j02bl76ke0u0gd4s9w20gr "<oSa,M9voctVdY,Iv6B	 	 *"
$> diff -U 3 user_output_test14 test14.output | cat -e

Diff OK :D
= Test 15 ==================================================
$> ./wry15j0va09wt4jrypi4j1v5 " sLhwa0Ei2	658UYmrHC <U50M6ThkeuZ74fyxP9xBsz5wEhyvDCcSO02NsJKzyla8rYqHROFx6Gm6	5Wu7DoiMAxXGJndHYP-rO4Kt0NPDwsU<QPucLFR93sGAbgpHy	8"
$> diff -U 3 user_output_test15 test15.output | cat -e

Diff OK :D
= Test 16 ==================================================
$> ./tqu5ahmb1c93jiamn6ollgry " wO0ibkslFqaD	2FbDdyW0*z4tSrK8Qj*qa6KX5Q0MRBkuLAJ>mwINdi4tP-sy680Ahk5Pd37"
$> diff -U 3 user_output_test16 test16.output | cat -e

Diff OK :D
= Test 17 ==================================================
$> ./1bz1ogvr9izwlbdqp8rq1eed ":wA1:1ATxe bmBDGo<R8TrpELu7anl4Y3xEv68T5yVpN5Ac4Oszgakp -wj6Q	i4TlS1dwuI("
$> diff -U 3 user_output_test17 test17.output | cat -e

Diff OK :D
= Test 18 ==================================================
$> ./1a61wlhyq8qm0mnwvhv2ypmm "?zhjM	>WYbDXa1Hj3c4mz)yaz0eXVqlrUCngdP	=cDer7ixtUX20hFPNw7IEK-tgN0y2BpsYVqGO 0SM9ctpYeaZlws(Gn7UwWurxmM 6"
$> diff -U 3 user_output_test18 test18.output | cat -e

Diff OK :D
= Test 19 ==================================================
$> ./x60n81r59mmf58lo0cz2zpkd "3X8pjCx7INgWfE	1Fde15ri4;cZSXYmQUPg (AQRNCWoPDY02rwnhz10ArOYehqKHXlW4y	ohvfE4GrMAY."
$> diff -U 3 user_output_test19 test19.output | cat -e

Diff OK :D
= Test 20 ==================================================
$> ./ghyeq2v7uxpovg70fvlcephb "+ZiUYz8pBm9c<"
$> diff -U 3 user_output_test20 test20.output | cat -e

Diff OK :D
Grade: 1

= Final grade: 1 ===============================================================
