= Host-specific information ====================================================
$> hostname; uname -msr
e2r10p11.1337.ma
Darwin 16.7.0 x86_64
$> date
Wed Feb 20 16:09:45 CET 2019
$> gcc --version
Configured with: --prefix=/Applications/Xcode.app/Contents/Developer/usr --with-gxx-include-dir=/usr/include/c++/4.2.1
Apple LLVM version 9.0.0 (clang-900.0.39.2)
Target: x86_64-apple-darwin16.7.0
Thread model: posix
InstalledDir: /Applications/Xcode.app/Contents/Developer/Toolchains/XcodeDefault.xctoolchain/usr/bin
$> clang --version
Apple LLVM version 9.0.0 (clang-900.0.39.2)
Target: x86_64-apple-darwin16.7.0
Thread model: posix
InstalledDir: /Applications/Xcode.app/Contents/Developer/Toolchains/XcodeDefault.xctoolchain/usr/bin

= User files collection ========================================================
Collecting user files from Vogsphere
Repository URL: auto-exam/2019/c-exam-alone-in-the-dark-beginner/practice-exam_20190220/ishaimou

= Git history ==================================================================
$> git -C /var/folders/fg/f19c10953wl9z5gm0nl6vt5m0000gq/T/tmpX7FCBm/user log --pretty='%H - %an, %ad : %s'
7fe584ab2f1594449c76224ee02808bfe1212396 - nayarix, Wed Feb 20 16:09:04 2019 +0100 : done
608439602be86ec08ea216f88f243458aa1b827b - nayarix, Wed Feb 20 16:02:44 2019 +0100 : done
2fd072e36dff6451c61fd56a5c289fbabd136e2c - nayarix, Wed Feb 20 15:59:29 2019 +0100 : done
3b28dddf70ca8836ed0dd2d7f9535e7e85859611 - nayarix, Wed Feb 20 15:57:25 2019 +0100 : done
ba130787d1da80fd3062347a1448c310d48c2d3d - nayarix, Wed Feb 20 15:55:20 2019 +0100 : done
ad60c05c6d5da40281272f45387985101e23aaeb - nayarix, Wed Feb 20 15:53:13 2019 +0100 : done
 
= Collected files ==========================================
$> ls -lAR /var/folders/fg/f19c10953wl9z5gm0nl6vt5m0000gq/T/tmpX7FCBm/user
total 8
-rw-r--r--  1 deepthought  deepthought  1661 Feb 20 16:09 __GIT_HISTORY
drwxr-xr-x  4 deepthought  deepthought   136 Feb 20 16:09 do_op
drwxr-xr-x  3 deepthought  deepthought   102 Feb 20 16:09 expand_str
drwxr-xr-x  3 deepthought  deepthought   102 Feb 20 16:09 fprime
drwxr-xr-x  3 deepthought  deepthought   102 Feb 20 16:09 maff_revalpha
drwxr-xr-x  3 deepthought  deepthought   102 Feb 20 16:09 rot_13
drwxr-xr-x  7 deepthought  deepthought   238 Feb 20 16:09 rpn_calc

/var/folders/fg/f19c10953wl9z5gm0nl6vt5m0000gq/T/tmpX7FCBm/user/do_op:
total 16
-rw-r--r--  1 deepthought  deepthought  1341 Feb 20 16:09 do_op.c
-rw-r--r--  1 deepthought  deepthought   996 Feb 20 16:09 do_op.h

/var/folders/fg/f19c10953wl9z5gm0nl6vt5m0000gq/T/tmpX7FCBm/user/expand_str:
total 8
-rw-r--r--  1 deepthought  deepthought  1508 Feb 20 16:09 expand_str.c

/var/folders/fg/f19c10953wl9z5gm0nl6vt5m0000gq/T/tmpX7FCBm/user/fprime:
total 8
-rw-r--r--  1 deepthought  deepthought  1242 Feb 20 16:09 fprime.c

/var/folders/fg/f19c10953wl9z5gm0nl6vt5m0000gq/T/tmpX7FCBm/user/maff_revalpha:
total 8
-rw-r--r--  1 deepthought  deepthought  1166 Feb 20 16:09 maff_revalpha.c

/var/folders/fg/f19c10953wl9z5gm0nl6vt5m0000gq/T/tmpX7FCBm/user/rot_13:
total 8
-rw-r--r--  1 deepthought  deepthought  1240 Feb 20 16:09 rot_13.c

/var/folders/fg/f19c10953wl9z5gm0nl6vt5m0000gq/T/tmpX7FCBm/user/rpn_calc:
total 56
-rwxr-xr-x  1 deepthought  deepthought  8928 Feb 20 16:09 calc
-rw-r--r--  1 deepthought  deepthought  1432 Feb 20 16:09 check.c
-rw-r--r--  1 deepthought  deepthought  1054 Feb 20 16:09 main.c
-rw-r--r--  1 deepthought  deepthought  2461 Feb 20 16:09 rpn_calc.c
-rw-r--r--  1 deepthought  deepthought  1361 Feb 20 16:09 rpn_calc.h
 
= rpn_calc =====================================================================
$> gcc -Wextra -Wall -Werror rpn_calc.c main.c check.c -o user_exe 

= Test 1 ===================================================
$> ./9lrafjorud0091shipsu8jqy 
$> diff -U 3 user_output_test1 test1.output | cat -e

Diff OK :D
= Test 2 ===================================================
$> ./7ohr1bo9yyorzxuvtxtb683i "2 3 -" "5 6 +"
$> diff -U 3 user_output_test2 test2.output | cat -e

Diff OK :D
= Test 3 ===================================================
$> ./im4m5bb9f32qx3f0rct3cop0 "2 -"
$> diff -U 3 user_output_test3 test3.output | cat -e

Diff OK :D
= Test 4 ===================================================
$> ./rgdaaedrv91h5qd0u8op1317 "-"
$> diff -U 3 user_output_test4 test4.output | cat -e

Diff OK :D
= Test 5 ===================================================
$> ./idw6mevsj4xqs2erxdahjk1w "2 5 6 -"
$> diff -U 3 user_output_test5 test5.output | cat -e

Diff OK :D
= Test 6 ===================================================
$> ./5y2vbx6qbzcty3vw7hoqjqfq "3 4 +"
$> diff -U 3 user_output_test6 test6.output | cat -e

Diff OK :D
= Test 7 ===================================================
$> ./o391tigg644wfd12o2tepzqp "2 4 + 8 *"
$> diff -U 3 user_output_test7 test7.output | cat -e

Diff OK :D
= Test 8 ===================================================
$> ./9zp3amuyn5prv9o9lys6s2yv "50 10 25 + -"
$> diff -U 3 user_output_test8 test8.output | cat -e

Diff OK :D
= Test 9 ===================================================
$> ./nh8ldlvkuz35rwvw6ls7bfij "1000 5 2 * /"
$> diff -U 3 user_output_test9 test9.output | cat -e

Diff OK :D
= Test 10 ==================================================
$> ./3tg3syazfmnh84888wzpbkti "1000 3 %"
$> diff -U 3 user_output_test10 test10.output | cat -e

Diff OK :D
= Test 11 ==================================================
$> ./3uh90167pdd8aurjjgbi94vl "1000 0 /"
$> diff -U 3 user_output_test11 test11.output | cat -e

Diff OK :D
= Test 12 ==================================================
$> ./y1dl54zk1nw1zenuadnrg9i2 "1000 0 %"
$> diff -U 3 user_output_test12 test12.output | cat -e

Diff OK :D
= Test 13 ==================================================
$> ./f4suitynyo9bdlxr2rbwvbug "-1000 -1 *"
$> diff -U 3 user_output_test13 test13.output | cat -e

Diff OK :D
= Test 14 ==================================================
$> ./sccsokm2kwdpkuzsdwqyucyh "-111 45 123 * 26 73 + + - 78 * -85 / 123 -"
$> diff -U 3 user_output_test14 test14.output | cat -e

Diff OK :D
= Test 15 ==================================================
$> ./qwxgf6v1srx6796px7g4ckpu "78 326 542 96 1452 36 965 % - * / - +"
$> diff -U 3 user_output_test15 test15.output | cat -e

Diff OK :D
Grade: 1

= Final grade: 1 ===============================================================
