= Host-specific information ====================================================
$> hostname; uname -msr
e2r5p5.1337.ma
Darwin 16.7.0 x86_64
$> date
Sat Feb  2 11:34:56 CET 2019
$> gcc --version
Configured with: --prefix=/Library/Developer/CommandLineTools/usr --with-gxx-include-dir=/usr/include/c++/4.2.1
Apple LLVM version 8.1.0 (clang-802.0.38)
Target: x86_64-apple-darwin16.7.0
Thread model: posix
InstalledDir: /Library/Developer/CommandLineTools/usr/bin
$> clang --version
Apple LLVM version 8.1.0 (clang-802.0.38)
Target: x86_64-apple-darwin16.7.0
Thread model: posix
InstalledDir: /Library/Developer/CommandLineTools/usr/bin

= User files collection ========================================================
Collecting user files from Vogsphere
Repository URL: auto-exam/2019/c-exam-alone-in-the-dark-beginner/practice-exam_20190202/ishaimou

= Git history ==================================================================
$> git -C /var/folders/nz/_dcsft_d0mq1vczrr3m02n200000gq/T/tmpCBAkxC/user log --pretty='%H - %an, %ad : %s'
07d257c419d522295ed827ccbb4216bc9834ac62 - nayarix, Sat Feb 2 11:34:35 2019 +0100 : done
a6d46ddfc096bfe4c9d40275f664c3df950dd8c4 - nayarix, Sat Feb 2 11:21:12 2019 +0100 : done
5d3c4d4908a91e417f10da8135909fea07828938 - nayarix, Sat Feb 2 11:08:25 2019 +0100 : done
0e112549db68142bca54fef077c989abd4617189 - nayarix, Sat Feb 2 09:22:29 2019 +0100 : done
fa2e6539f0d04fd495b10e37ef860d32145a8b4b - nayarix, Sat Feb 2 08:09:44 2019 +0100 : done
194dad609972e20ca9738b85eafb1da653f2cab9 - nayarix, Sat Feb 2 08:08:06 2019 +0100 : done
b9f9d8cc16c0ca623d714501fe136fff3df7bd9c - nayarix, Sat Feb 2 08:03:13 2019 +0100 : done
 
= Collected files ==========================================
$> ls -lAR /var/folders/nz/_dcsft_d0mq1vczrr3m02n200000gq/T/tmpCBAkxC/user
total 8
-rw-r--r--  1 deepthought  deepthought  1929 Feb  2 11:34 __GIT_HISTORY
drwxr-xr-x  4 deepthought  deepthought   136 Feb  2 11:34 brainfuck
drwxr-xr-x  4 deepthought  deepthought   136 Feb  2 11:34 do_op
drwxr-xr-x  3 deepthought  deepthought   102 Feb  2 11:34 only_a
drwxr-xr-x  3 deepthought  deepthought   102 Feb  2 11:34 print_hex
drwxr-xr-x  3 deepthought  deepthought   102 Feb  2 11:34 rev_print
drwxr-xr-x  7 deepthought  deepthought   238 Feb  2 11:34 rpn_calc
drwxr-xr-x  3 deepthought  deepthought   102 Feb  2 11:34 sort_list

/var/folders/nz/_dcsft_d0mq1vczrr3m02n200000gq/T/tmpCBAkxC/user/brainfuck:
total 16
-rw-r--r--  1 deepthought  deepthought  711 Feb  2 11:34 brainfuck.c
-rw-r--r--  1 deepthought  deepthought  112 Feb  2 11:34 brainfuck.h

/var/folders/nz/_dcsft_d0mq1vczrr3m02n200000gq/T/tmpCBAkxC/user/do_op:
total 16
-rw-r--r--  1 deepthought  deepthought  1337 Feb  2 11:34 do_op.c
-rw-r--r--  1 deepthought  deepthought   996 Feb  2 11:34 do_op.h

/var/folders/nz/_dcsft_d0mq1vczrr3m02n200000gq/T/tmpCBAkxC/user/only_a:
total 8
-rw-r--r--  1 deepthought  deepthought  965 Feb  2 11:34 only_a.c

/var/folders/nz/_dcsft_d0mq1vczrr3m02n200000gq/T/tmpCBAkxC/user/print_hex:
total 8
-rw-r--r--  1 deepthought  deepthought  1546 Feb  2 11:34 print_hex.c

/var/folders/nz/_dcsft_d0mq1vczrr3m02n200000gq/T/tmpCBAkxC/user/rev_print:
total 8
-rw-r--r--  1 deepthought  deepthought  1095 Feb  2 11:34 rev_print.c

/var/folders/nz/_dcsft_d0mq1vczrr3m02n200000gq/T/tmpCBAkxC/user/rpn_calc:
total 40
-rw-r--r--  1 deepthought  deepthought  1460 Feb  2 11:34 check.c
-rw-r--r--  1 deepthought  deepthought  1117 Feb  2 11:34 is.c
-rw-r--r--  1 deepthought  deepthought  1042 Feb  2 11:34 main.c
-rw-r--r--  1 deepthought  deepthought  2185 Feb  2 11:34 rpn_calc.c
-rw-r--r--  1 deepthought  deepthought  1265 Feb  2 11:34 rpn_calc.h

/var/folders/nz/_dcsft_d0mq1vczrr3m02n200000gq/T/tmpCBAkxC/user/sort_list:
total 8
-rw-r--r--  1 deepthought  deepthought  1407 Feb  2 11:34 sort_list.c
 
= rpn_calc =====================================================================
$> gcc -Wextra -Wall -Werror rpn_calc.c main.c is.c check.c -o user_exe 

= Test 1 ===================================================
$> ./9itkyelqjfkqfiej0ab3ocuv 
$> diff -U 3 user_output_test1 test1.output | cat -e

Diff OK :D
= Test 2 ===================================================
$> ./rqmu272tapxztiuwq2f129fc "2 3 -" "5 6 +"
$> diff -U 3 user_output_test2 test2.output | cat -e

Diff OK :D
= Test 3 ===================================================
$> ./hk211un3iyqgv0njta9bf0qw "2 -"
$> diff -U 3 user_output_test3 test3.output | cat -e

Diff OK :D
= Test 4 ===================================================
$> ./vs1kdi9gzclgpa4s6w7dsi48 "-"
$> diff -U 3 user_output_test4 test4.output | cat -e

Diff OK :D
= Test 5 ===================================================
$> ./em9r062qt685yato83epe6so "2 5 6 -"
$> diff -U 3 user_output_test5 test5.output | cat -e

Diff OK :D
= Test 6 ===================================================
$> ./frx2t1ax4nbsjd4zsxtik7fd "3 4 +"
$> diff -U 3 user_output_test6 test6.output | cat -e

Diff OK :D
= Test 7 ===================================================
$> ./752obc48djy5lo9ajzv3qcet "2 4 + 8 *"
$> diff -U 3 user_output_test7 test7.output | cat -e

Diff OK :D
= Test 8 ===================================================
$> ./uwjmkm9ue3qa4o4sy58sqmda "50 10 25 + -"
$> diff -U 3 user_output_test8 test8.output | cat -e
--- user_output_test8	2019-02-02 11:35:00.000000000 +0100$
+++ test8.output	2019-02-02 11:35:00.000000000 +0100$
@@ -1 +1 @@$
--15$
+15$

Diff KO :(
Grade: 0

= Final grade: 0 ===============================================================
