= Host-specific information ====================================================
$> hostname; uname -msr
e2r10p2.1337.ma
Darwin 16.7.0 x86_64
$> date
Tue Jan 29 05:13:26 CET 2019
$> gcc --version
Configured with: --prefix=/Library/Developer/CommandLineTools/usr --with-gxx-include-dir=/usr/include/c++/4.2.1
Apple LLVM version 8.1.0 (clang-802.0.38)
Target: x86_64-apple-darwin16.7.0
Thread model: posix
InstalledDir: /Library/Developer/CommandLineTools/usr/bin
$> clang --version
Apple LLVM version 8.1.0 (clang-802.0.38)
Target: x86_64-apple-darwin16.7.0
Thread model: posix
InstalledDir: /Library/Developer/CommandLineTools/usr/bin

= User files collection ========================================================
Collecting user files from Vogsphere
Repository URL: auto-exam/2019/c-exam-alone-in-the-dark-beginner/practice-exam_20190129/ishaimou2

= Git history ==================================================================
$> git -C /var/folders/ml/ydj7x8nj3ql0551ywvljybf40000gq/T/tmpORRM1Z/user log --pretty='%H - %an, %ad : %s'
3f31bed0148afe94bac61e90c6e810ee18d9fb80 - nayarix, Tue Jan 29 05:13:12 2019 +0100 : rendu
5d0c9beaedcead0efe528408ae4f5cae24cc0749 - nayarix, Tue Jan 29 05:03:07 2019 +0100 : one
b29a11a6bd8e8d61d154f11b8d237981e984b1d3 - nayarix, Tue Jan 29 04:55:20 2019 +0100 : done
41200bdd8e9927eae3faf7e653d09a7933800302 - nayarix, Tue Jan 29 04:46:26 2019 +0100 : done
cfced9afa00cbc09f79a9b9cfd0707f3d5c38d8c - nayarix, Tue Jan 29 04:10:43 2019 +0100 : done
9d76edf9ece7c3a25ba1495edaae1c9a2631a608 - nayarix, Tue Jan 29 03:48:22 2019 +0100 : done
c2e9b507b6695a25af91f82243dae2c771be947d - nayarix, Tue Jan 29 03:43:45 2019 +0100 : done
7a09fb854d2af74064137d17e2deed8882b636a3 - nayarix, Tue Jan 29 03:41:09 2019 +0100 : done
9607652c944302c58ffa69e73ee51b8603de1914 - nayarix, Tue Jan 29 03:40:05 2019 +0100 : done
 
= Collected files ==========================================
$> ls -lAR /var/folders/ml/ydj7x8nj3ql0551ywvljybf40000gq/T/tmpORRM1Z/user
total 24
-rw-r--r--  1 deepthought  deepthought  6148 Jan 29 05:13 .DS_Store
-rw-r--r--  1 deepthought  deepthought  2375 Jan 29 05:13 __GIT_HISTORY
drwxr-xr-x  3 deepthought  deepthought   102 Jan 29 05:13 aff_first_param
drwxr-xr-x  3 deepthought  deepthought   102 Jan 29 05:13 alpha_mirror
drwxr-xr-x  3 deepthought  deepthought   102 Jan 29 05:13 brackets
drwxr-xr-x  3 deepthought  deepthought   102 Jan 29 05:13 check_mate
drwxr-xr-x  3 deepthought  deepthought   102 Jan 29 05:13 ft_itoa
drwxr-xr-x  3 deepthought  deepthought   102 Jan 29 05:13 ft_strlen
drwxr-xr-x  3 deepthought  deepthought   102 Jan 29 05:13 hidenp
drwxr-xr-x  4 deepthought  deepthought   136 Jan 29 05:13 moment
drwxr-xr-x  3 deepthought  deepthought   102 Jan 29 05:13 print_memory

/var/folders/ml/ydj7x8nj3ql0551ywvljybf40000gq/T/tmpORRM1Z/user/aff_first_param:
total 8
-rw-r--r--  1 deepthought  deepthought  1045 Jan 29 05:13 aff_first_param.c

/var/folders/ml/ydj7x8nj3ql0551ywvljybf40000gq/T/tmpORRM1Z/user/alpha_mirror:
total 8
-rw-r--r--  1 deepthought  deepthought  1214 Jan 29 05:13 alpha_mirror.c

/var/folders/ml/ydj7x8nj3ql0551ywvljybf40000gq/T/tmpORRM1Z/user/brackets:
total 8
-rw-r--r--  1 deepthought  deepthought  1604 Jan 29 05:13 brackets.c

/var/folders/ml/ydj7x8nj3ql0551ywvljybf40000gq/T/tmpORRM1Z/user/check_mate:
total 8
-rw-r--r--  1 deepthought  deepthought  2235 Jan 29 05:13 check_mate.c

/var/folders/ml/ydj7x8nj3ql0551ywvljybf40000gq/T/tmpORRM1Z/user/ft_itoa:
total 8
-rw-r--r--  1 deepthought  deepthought  1809 Jan 29 05:13 ft_itoa.c

/var/folders/ml/ydj7x8nj3ql0551ywvljybf40000gq/T/tmpORRM1Z/user/ft_strlen:
total 8
-rw-r--r--  1 deepthought  deepthought  978 Jan 29 05:13 ft_strlen.c

/var/folders/ml/ydj7x8nj3ql0551ywvljybf40000gq/T/tmpORRM1Z/user/hidenp:
total 8
-rw-r--r--  1 deepthought  deepthought  1159 Jan 29 05:13 hidenp.c

/var/folders/ml/ydj7x8nj3ql0551ywvljybf40000gq/T/tmpORRM1Z/user/moment:
total 16
-rw-r--r--  1 deepthought  deepthought   236 Jan 29 05:13 main.c
-rw-r--r--  1 deepthought  deepthought  2980 Jan 29 05:13 moment.c

/var/folders/ml/ydj7x8nj3ql0551ywvljybf40000gq/T/tmpORRM1Z/user/print_memory:
total 8
-rw-r--r--  1 deepthought  deepthought  1715 Jan 29 05:13 print_memory.c
 
= brackets =====================================================================
$> gcc -Wextra -Wall -Werror brackets.c -o user_exe 

= Test 1 ===================================================
$> ./ekatwzvgw50x2f9ugoekd99y '(toto)'
$> diff -U 3 user_output_test1 test1.output | cat -e

Diff OK :D
= Test 2 ===================================================
$> ./8tw27qeo332cecr8cglujot6 '([)]'
$> diff -U 3 user_output_test2 test2.output | cat -e

Diff OK :D
= Test 3 ===================================================
$> ./pmmo2yriyo5pl5sq8xkmjemr '' '{[(0 + 0)(1 + 1)](3*(-1)){()}}'
$> diff -U 3 user_output_test3 test3.output | cat -e

Diff OK :D
= Test 4 ===================================================
$> ./8oa1fzwiqi4jgmnwewwujvvd 
$> diff -U 3 user_output_test4 test4.output | cat -e

Diff OK :D
= Test 5 ===================================================
$> ./iv0s0gn2e8z4oxo7m1wa2nhg '()' '[]' '{}' '' 'toto' '([{}[{(()[])}()]]())(((([])))())'
$> diff -U 3 user_output_test5 test5.output | cat -e

Diff OK :D
= Test 6 ===================================================
$> ./ipxrjz9nziqaq87rds6jm0fb '()[]{}' '([{}])[({})]{([])}'
$> diff -U 3 user_output_test6 test6.output | cat -e

Diff OK :D
= Test 7 ===================================================
$> ./7i3blqfbsy5f4y3qqbdjowbc '(]' '{)' '[}' ')' '}' ')' '(' '{' '['
$> diff -U 3 user_output_test7 test7.output | cat -e

Diff OK :D
= Test 8 ===================================================
$> ./91ozgc74behatq59ylsgvadp '({)}' '[()]{}]' '])}' '([{' "(cette (trace n'a pas [de but precis]) {a part embeter (tout le monde)})"
$> diff -U 3 user_output_test8 test8.output | cat -e

Diff OK :D
Grade: 1

= Final grade: 1 ===============================================================
