= Host-specific information ====================================================
$> hostname; uname -msr
e1r5p5.1337.ma
Darwin 16.7.0 x86_64
$> date
Wed Feb 20 15:56:27 WET 2019
$> gcc --version
Configured with: --prefix=/Applications/Xcode.app/Contents/Developer/usr --with-gxx-include-dir=/usr/include/c++/4.2.1
Apple LLVM version 9.0.0 (clang-900.0.39.2)
Target: x86_64-apple-darwin16.7.0
Thread model: posix
InstalledDir: /Applications/Xcode.app/Contents/Developer/Toolchains/XcodeDefault.xctoolchain/usr/bin
$> clang --version
Apple LLVM version 9.0.0 (clang-900.0.39.2)
Target: x86_64-apple-darwin16.7.0
Thread model: posix
InstalledDir: /Applications/Xcode.app/Contents/Developer/Toolchains/XcodeDefault.xctoolchain/usr/bin

= User files collection ========================================================
Collecting user files from Vogsphere
Repository URL: auto-exam/2019/c-exam-alone-in-the-dark-beginner/practice-exam_20190220/ishaimou2

= Git history ==================================================================
$> git -C /var/folders/km/0fklqsbd3ys2nprty7t7lbrw0000gq/T/tmpSvuSxh/user log --pretty='%H - %an, %ad : %s'
ae2b6d8ac348917a3850d1b2203a931510d97f26 - nayarix, Wed Feb 20 16:56:03 2019 +0100 : done
a9b83e5caacf5331213a09a7e493f4e389d854cf - nayarix, Wed Feb 20 16:28:51 2019 +0100 : done
c53c5928c7be179bf98b10fb227a73445b12e3b4 - nayarix, Wed Feb 20 16:25:38 2019 +0100 : done
da15b920ac903cab16220a1660af743488de9da2 - nayarix, Wed Feb 20 16:23:21 2019 +0100 : done
94e2677ecacc12d5307e76104313b663e1cd18dd - nayarix, Wed Feb 20 16:16:54 2019 +0100 : done
1194d3bb9fb0f28f4d00730e42acd805b1c1fe58 - nayarix, Wed Feb 20 16:15:47 2019 +0100 : done
 
= Collected files ==========================================
$> ls -lAR /var/folders/km/0fklqsbd3ys2nprty7t7lbrw0000gq/T/tmpSvuSxh/user
total 8
-rw-r--r--  1 deepthought  deepthought  1479 Feb 20 15:56 __GIT_HISTORY
drwxr-xr-x  3 deepthought  deepthought   102 Feb 20 15:56 epur_str
drwxr-xr-x  3 deepthought  deepthought   102 Feb 20 15:56 fizzbuzz
drwxr-xr-x  3 deepthought  deepthought   102 Feb 20 15:56 ft_countdown
drwxr-xr-x  3 deepthought  deepthought   102 Feb 20 15:56 last_word
drwxr-xr-x  3 deepthought  deepthought   102 Feb 20 15:56 print_memory
drwxr-xr-x  3 deepthought  deepthought   102 Feb 20 15:56 rev_wstr

/var/folders/km/0fklqsbd3ys2nprty7t7lbrw0000gq/T/tmpSvuSxh/user/epur_str:
total 8
-rw-r--r--  1 deepthought  deepthought  1502 Feb 20 15:56 epur_str.c

/var/folders/km/0fklqsbd3ys2nprty7t7lbrw0000gq/T/tmpSvuSxh/user/fizzbuzz:
total 8
-rw-r--r--  1 deepthought  deepthought  1550 Feb 20 15:56 fizzbuzz.c

/var/folders/km/0fklqsbd3ys2nprty7t7lbrw0000gq/T/tmpSvuSxh/user/ft_countdown:
total 8
-rw-r--r--  1 deepthought  deepthought  1037 Feb 20 15:56 ft_countdown.c

/var/folders/km/0fklqsbd3ys2nprty7t7lbrw0000gq/T/tmpSvuSxh/user/last_word:
total 8
-rw-r--r--  1 deepthought  deepthought  1289 Feb 20 15:56 last_word.c

/var/folders/km/0fklqsbd3ys2nprty7t7lbrw0000gq/T/tmpSvuSxh/user/print_memory:
total 8
-rw-r--r--  1 deepthought  deepthought  1722 Feb 20 15:56 print_memory.c

/var/folders/km/0fklqsbd3ys2nprty7t7lbrw0000gq/T/tmpSvuSxh/user/rev_wstr:
total 8
-rw-r--r--  1 deepthought  deepthought  1433 Feb 20 15:56 rev_wstr.c
 
= print_memory =================================================================
$> gcc -Wextra -Wall -Werror print_memory.c main.c -o user_exe 

= Test 1 ===================================================
$> ./jwitbqq5e0658dtbrsu5fvzu
$> diff -U 3 user_output_test1 test1.output | cat -e

Diff OK :D
Grade: 1

= Final grade: 1 ===============================================================
