= Host-specific information ====================================================
$> hostname; uname -msr
e1r7p4.1337.ma
Darwin 16.7.0 x86_64
$> date
Sun Feb  3 10:40:07 CET 2019
$> gcc --version
Configured with: --prefix=/Applications/Xcode.app/Contents/Developer/usr --with-gxx-include-dir=/usr/include/c++/4.2.1
Apple LLVM version 9.0.0 (clang-900.0.39.2)
Target: x86_64-apple-darwin16.7.0
Thread model: posix
InstalledDir: /Applications/Xcode.app/Contents/Developer/Toolchains/XcodeDefault.xctoolchain/usr/bin
$> clang --version
Apple LLVM version 9.0.0 (clang-900.0.39.2)
Target: x86_64-apple-darwin16.7.0
Thread model: posix
InstalledDir: /Applications/Xcode.app/Contents/Developer/Toolchains/XcodeDefault.xctoolchain/usr/bin

= User files collection ========================================================
Collecting user files from Vogsphere
Repository URL: auto-exam/2019/c-exam-alone-in-the-dark-beginner/practice-exam_20190203/ishaimou4

= Git history ==================================================================
$> git -C /var/folders/90/lgh66d5n6m7471z9dyc8m2xr0000gq/T/tmp4HJv8S/user log --pretty='%H - %an, %ad : %s'
12c63fc131ef87ce48d38820ba9d2ba6be9bdf78 - nayarix, Sun Feb 3 10:39:58 2019 +0100 : done
 
= Collected files ==========================================
$> ls -lAR /var/folders/90/lgh66d5n6m7471z9dyc8m2xr0000gq/T/tmp4HJv8S/user
total 8
-rw-r--r--  1 deepthought  deepthought  210 Feb  3 10:40 __GIT_HISTORY
drwxr-xr-x  3 deepthought  deepthought  102 Feb  3 10:40 hello

/var/folders/90/lgh66d5n6m7471z9dyc8m2xr0000gq/T/tmp4HJv8S/user/hello:
total 8
-rw-r--r--  1 deepthought  deepthought  979 Feb  3 10:40 hello.c
 
= hello ========================================================================
$> gcc -Wextra -Wall -Werror hello.c -o user_exe 

= Test 1 ===================================================
$> ./b0ghyowsbgbwd3nzsi504d1e test1.prm
$> diff -U 3 user_output_test1 test1.output | cat -e

Diff OK :D
Grade: 1

= Final grade: 1 ===============================================================
