= Host-specific information ====================================================
$> hostname; uname -msr
e2r3p10.1337.ma
Darwin 16.7.0 x86_64
$> date
Sun Feb  3 09:24:41 CET 2019
$> gcc --version
Configured with: --prefix=/Library/Developer/CommandLineTools/usr --with-gxx-include-dir=/usr/include/c++/4.2.1
Apple LLVM version 8.1.0 (clang-802.0.38)
Target: x86_64-apple-darwin16.7.0
Thread model: posix
InstalledDir: /Library/Developer/CommandLineTools/usr/bin
$> clang --version
Apple LLVM version 8.1.0 (clang-802.0.38)
Target: x86_64-apple-darwin16.7.0
Thread model: posix
InstalledDir: /Library/Developer/CommandLineTools/usr/bin

= User files collection ========================================================
Collecting user files from Vogsphere
Repository URL: auto-exam/2019/c-exam-alone-in-the-dark-beginner/practice-exam_20190203/ishaimou2

= Git history ==================================================================
$> git -C /var/folders/0r/wsm0b4x97lq4dxrg2w2tgpnm0000gq/T/tmpkndESs/user log --pretty='%H - %an, %ad : %s'
95e567fafc5ecd8f468d3740c6be1f33707f3d7f - nayarix, Sun Feb 3 09:24:14 2019 +0100 : done
 
= Collected files ==========================================
$> ls -lAR /var/folders/0r/wsm0b4x97lq4dxrg2w2tgpnm0000gq/T/tmpkndESs/user
total 8
-rw-r--r--  1 deepthought  deepthought  232 Feb  3 09:24 __GIT_HISTORY
drwxr-xr-x  3 deepthought  deepthought  102 Feb  3 09:24 ft_countdown

/var/folders/0r/wsm0b4x97lq4dxrg2w2tgpnm0000gq/T/tmpkndESs/user/ft_countdown:
total 8
-rw-r--r--  1 deepthought  deepthought  1037 Feb  3 09:24 ft_countdown.c
 
= ft_countdown =================================================================
$> gcc -Wextra -Wall -Werror ft_countdown.c -o user_exe 

= Test 1 ===================================================
$> ./7l76yy5liiww2ns2x2hn131g
$> diff -U 3 user_output_test1 test1.output | cat -e

Diff OK :D
Grade: 1

= Final grade: 1 ===============================================================
