= Host-specific information ====================================================
$> hostname; uname -msr
e1r4p11.1337.ma
Darwin 16.7.0 x86_64
$> date
Sun Feb  3 10:02:31 CET 2019
$> gcc --version
Configured with: --prefix=/Applications/Xcode.app/Contents/Developer/usr --with-gxx-include-dir=/usr/include/c++/4.2.1
Apple LLVM version 9.0.0 (clang-900.0.39.2)
Target: x86_64-apple-darwin16.7.0
Thread model: posix
InstalledDir: /Applications/Xcode.app/Contents/Developer/Toolchains/XcodeDefault.xctoolchain/usr/bin
$> clang --version
Apple LLVM version 9.0.0 (clang-900.0.39.2)
Target: x86_64-apple-darwin16.7.0
Thread model: posix
InstalledDir: /Applications/Xcode.app/Contents/Developer/Toolchains/XcodeDefault.xctoolchain/usr/bin

= User files collection ========================================================
Collecting user files from Vogsphere
Repository URL: auto-exam/2019/c-exam-alone-in-the-dark-beginner/practice-exam_20190203/ishaimou3

= Git history ==================================================================
$> git -C /var/folders/hc/5cp8x84n3xlf1bb26pdfpqq00000gq/T/tmpU8hUtq/user log --pretty='%H - %an, %ad : %s'
cfb89ed31ac7f01e28f41f9304130074a42fef4f - nayarix, Sun Feb 3 10:02:20 2019 +0100 : done
 
= Collected files ==========================================
$> ls -lAR /var/folders/hc/5cp8x84n3xlf1bb26pdfpqq00000gq/T/tmpU8hUtq/user
total 8
-rw-r--r--  1 deepthought  deepthought  220 Feb  3 10:02 __GIT_HISTORY
drwxr-xr-x  3 deepthought  deepthought  102 Feb  3 10:02 maff_alpha

/var/folders/hc/5cp8x84n3xlf1bb26pdfpqq00000gq/T/tmpU8hUtq/user/maff_alpha:
total 8
-rw-r--r--  1 deepthought  deepthought  993 Feb  3 10:02 maff_alpha.c
 
= maff_alpha ===================================================================
$> gcc -Wextra -Wall -Werror maff_alpha.c -o user_exe 

= Test 1 ===================================================
$> ./ou15j4by3efbtf1rl5o6emss test1.prm
$> diff -U 3 user_output_test1 test1.output | cat -e

Diff OK :D
Grade: 1

= Final grade: 1 ===============================================================
