= Host-specific information ====================================================
$> hostname; uname -msr
e2r6p7.1337.ma
Darwin 16.7.0 x86_64
$> date
Mon Feb  4 09:19:18 CET 2019
$> gcc --version
Configured with: --prefix=/Library/Developer/CommandLineTools/usr --with-gxx-include-dir=/usr/include/c++/4.2.1
Apple LLVM version 8.1.0 (clang-802.0.38)
Target: x86_64-apple-darwin16.7.0
Thread model: posix
InstalledDir: /Library/Developer/CommandLineTools/usr/bin
$> clang --version
Apple LLVM version 8.1.0 (clang-802.0.38)
Target: x86_64-apple-darwin16.7.0
Thread model: posix
InstalledDir: /Library/Developer/CommandLineTools/usr/bin

= User files collection ========================================================
Collecting user files from Vogsphere
Repository URL: auto-exam/2019/c-exam-alone-in-the-dark-beginner/practice-exam_20190204/ishaimou2

= Git history ==================================================================
$> git -C /var/folders/wt/8q7tx9b567sdfxxn4t9ww17w0000gq/T/tmpfWTAI4/user log --pretty='%H - %an, %ad : %s'
9d64b3a592bbe8300c010435d0a4bfc94bae6385 - nayarix, Mon Feb 4 09:19:04 2019 +0100 : done
 
= Collected files ==========================================
$> ls -lAR /var/folders/wt/8q7tx9b567sdfxxn4t9ww17w0000gq/T/tmpfWTAI4/user
total 8
-rw-r--r--  1 deepthought  deepthought  238 Feb  4 09:19 __GIT_HISTORY
drwxr-xr-x  3 deepthought  deepthought  102 Feb  4 09:19 ft_print_numbers

/var/folders/wt/8q7tx9b567sdfxxn4t9ww17w0000gq/T/tmpfWTAI4/user/ft_print_numbers:
total 8
-rw-r--r--  1 deepthought  deepthought  1015 Feb  4 09:19 ft_print_numbers.c
 
= ft_print_numbers =============================================================
$> gcc -Wextra -Wall -Werror main.c ft_print_numbers.c -o user_exe 

= Test 1 ===================================================
$> ./co6bm9eocjeixo6sz2gg2hi4
$> diff -U 3 user_output_test1 test1.output | cat -e

Diff OK :D
Grade: 1

= Final grade: 1 ===============================================================
