= Host-specific information ====================================================
$> hostname; uname -msr
e1r6p9.1337.ma
Darwin 16.7.0 x86_64
$> date
Sun Feb  3 10:42:39 CET 2019
$> gcc --version
Configured with: --prefix=/Applications/Xcode.app/Contents/Developer/usr --with-gxx-include-dir=/usr/include/c++/4.2.1
Apple LLVM version 9.0.0 (clang-900.0.39.2)
Target: x86_64-apple-darwin16.7.0
Thread model: posix
InstalledDir: /Applications/Xcode.app/Contents/Developer/Toolchains/XcodeDefault.xctoolchain/usr/bin
$> clang --version
Apple LLVM version 9.0.0 (clang-900.0.39.2)
Target: x86_64-apple-darwin16.7.0
Thread model: posix
InstalledDir: /Applications/Xcode.app/Contents/Developer/Toolchains/XcodeDefault.xctoolchain/usr/bin

= User files collection ========================================================
Collecting user files from Vogsphere
Repository URL: auto-exam/2019/c-exam-alone-in-the-dark-beginner/practice-exam_20190203/ishaimou4

= Git history ==================================================================
$> git -C /var/folders/v6/3vgjzgcs39556gypglmnpcyw0000gq/T/tmp3DI2DV/user log --pretty='%H - %an, %ad : %s'
7ba0c31c18fdfbb08f3be9763c3aa4083bc91294 - nayarix, Sun Feb 3 10:41:37 2019 +0100 : done
12c63fc131ef87ce48d38820ba9d2ba6be9bdf78 - nayarix, Sun Feb 3 10:39:58 2019 +0100 : done
 
= Collected files ==========================================
$> ls -lAR /var/folders/v6/3vgjzgcs39556gypglmnpcyw0000gq/T/tmp3DI2DV/user
total 8
-rw-r--r--  1 deepthought  deepthought  434 Feb  3 10:42 __GIT_HISTORY
drwxr-xr-x  3 deepthought  deepthought  102 Feb  3 10:42 hello
drwxr-xr-x  3 deepthought  deepthought  102 Feb  3 10:42 rotone

/var/folders/v6/3vgjzgcs39556gypglmnpcyw0000gq/T/tmp3DI2DV/user/hello:
total 8
-rw-r--r--  1 deepthought  deepthought  979 Feb  3 10:42 hello.c

/var/folders/v6/3vgjzgcs39556gypglmnpcyw0000gq/T/tmp3DI2DV/user/rotone:
total 8
-rw-r--r--  1 deepthought  deepthought  1239 Feb  3 10:42 rotone.c
 
= rotone =======================================================================
$> gcc -Wextra -Wall -Werror rotone.c -o user_exe 

= Test 1 ===================================================
$> ./k1tgdifjofxryp92hw8jkhee 
$> diff -U 3 user_output_test1 test1.output | cat -e

Diff OK :D
= Test 2 ===================================================
$> ./1i61lcjdstzgmxxc7zjrxdhb 
$> diff -U 3 user_output_test2 test2.output | cat -e

Diff OK :D
= Test 3 ===================================================
$> ./9bx2diis1irkneszr5noogn4 "salut" "a" "tous" "tout" "le" "monde"
$> diff -U 3 user_output_test3 test3.output | cat -e

Diff OK :D
= Test 4 ===================================================
$> ./f2i83d15nzppmfynfcfg2a6j "HjogX"
$> diff -U 3 user_output_test4 test4.output | cat -e

Diff OK :D
= Test 5 ===================================================
$> ./vqjn9izmmysfqvuj2hb8j87j "R81lIO"
$> diff -U 3 user_output_test5 test5.output | cat -e

Diff OK :D
= Test 6 ===================================================
$> ./utjzfs38qrstjy94fn9syesd "HFmBR1gqj"
$> diff -U 3 user_output_test6 test6.output | cat -e

Diff OK :D
= Test 7 ===================================================
$> ./nj2iouofxqstugc7lkcrin8s "BsZubv9MJePQw QPdg 0HXLPrQBVzpKx rQuMvxgHZE QAjJn58aE 8haUJtoMHeOuD7ixk ydBxjMi0AXKQS7Lh"
$> diff -U 3 user_output_test7 test7.output | cat -e

Diff OK :D
= Test 8 ===================================================
$> ./qequsf58at2qz10x3ti2u710 "btcdjHT pU35nMT9k vCZzIeQUbi fn4A3 82xuWPCj vtWXVEoUk1Yz uJS0T8s3IgLM bgc FTDKs pXWgSHcm9hIkBnZLE"
$> diff -U 3 user_output_test8 test8.output | cat -e

Diff OK :D
= Test 9 ===================================================
$> ./h3fwzs478sggl4wss4gkchhx "Ml8Pza0BNZK J18 aCOYQZ 2FLpvW 3ezHgpxbd 5jyfnQ hECRPmiQot9c pih6a47PT8rILnVY EtiLqvn3UI bJfc z7ChGaT QXpauF3AB cO2oh3IWK7UJ"
$> diff -U 3 user_output_test9 test9.output | cat -e

Diff OK :D
= Test 10 ==================================================
$> ./qdjfqio67glagqa6jfgkb13j " Voc5oxfO4G3lLQE8"
$> diff -U 3 user_output_test10 test10.output | cat -e

Diff OK :D
= Test 11 ==================================================
$> ./72huf1dn9kljmb085hj6dff9 "	 ;YTLUdPZqJVSW93sYyB InK1z5 Ws4byR9B5fq	1iVXrwSx>m6rHx-hdSuKsGWp=VzjylQhSWe 1x5JAMyL9lUihKsC	6"
$> diff -U 3 user_output_test11 test11.output | cat -e

Diff OK :D
= Test 12 ==================================================
$> ./swkom2l1q8fj0v2mosone0d1 "		6EL78wgHjrzm	1Hv6fTrsuhl78kq5hkUEWCct3SC2Ng 8Q3RJonbqB0Ga/F6ShTAl	UpP9trHvadzsLbox	9ZLfE0UC6xQwB4lS."
$> diff -U 3 user_output_test12 test12.output | cat -e

Diff OK :D
= Test 13 ==================================================
$> ./mbmwksbeqzvoclwemhho5j6b " 	7h0VM6a)yumAixrUo938	 >GS5UVePEYWsdRXMr	)w7246ViKzW0m9eGp	5"
$> diff -U 3 user_output_test13 test13.output | cat -e

Diff OK :D
= Test 14 ==================================================
$> ./jokh3mt5ptl1ueia9x85p4a2 "  9Zkeh1r7VwAb0o17Yt  	 AZlcfiTBpK6VG <oaOXYjB7aYFZKxQCul "
$> diff -U 3 user_output_test14 test14.output | cat -e

Diff OK :D
= Test 15 ==================================================
$> ./95scsuv12wp8vcvbmnizrx59 "0uiHdCMEN	03qiG98QNWnU45jpb5YTnqBHo7N4tOh	(jnRPer?Aw7mLHP(cJXdWLB1q5   1"
$> diff -U 3 user_output_test15 test15.output | cat -e

Diff OK :D
= Test 16 ==================================================
$> ./0mym2si872njkwy9qhffemz7 "+S8vHlA	1pKG6iIj(skHQXr4CK 1WYGihb3CgmR99EPSv29WaTjmN3:xL6UT9IfwCe4cqSyr	"
$> diff -U 3 user_output_test16 test16.output | cat -e

Diff OK :D
= Test 17 ==================================================
$> ./i4wze3emwa91yjt42ngibmok "+zmPjedRxo0yT0Ia2CYP5SUnL8wsYuRDap1B  XRPs@a3dHqtvTA@5FVDvmqZJpdkuKNX	>E4cq:7QbFht0ewo1nGLZj 8"
$> diff -U 3 user_output_test17 test17.output | cat -e

Diff OK :D
= Test 18 ==================================================
$> ./bz1ns0rkrgi0biu1xxegdmyk " /i7DXQnUKPtr:3fMC +BP3Mk0Zg,ZvOwVMLCnp?9nvBQc=sfI	7syE27IUFMOZAcN >RcJuKmkF8qxs0M 	7"
$> diff -U 3 user_output_test18 test18.output | cat -e

Diff OK :D
= Test 19 ==================================================
$> ./l5m6pwy9cfe0v0lovaefos0u "+GYQ6uS5DjK)"
$> diff -U 3 user_output_test19 test19.output | cat -e

Diff OK :D
= Test 20 ==================================================
$> ./9vhm7hguk9a3wb0e5q7vb0s9 "<M2aAItCFzlskVTLoX(xdEje)dFHAXBjrRCeK1wQ ti01uJr		 ,qhU0POdH/Yha	BqZhTesPW	2fu56B8vFUmPZyX>wq9m73DRLgOjQsp>CdYlwVM	 ?"
$> diff -U 3 user_output_test20 test20.output | cat -e

Diff OK :D
Grade: 1

= Final grade: 1 ===============================================================
