= Host-specific information ====================================================
$> hostname; uname -msr
e1r3p13.1337.ma
Darwin 16.7.0 x86_64
$> date
Mon Feb  4 09:53:40 CET 2019
$> gcc --version
Configured with: --prefix=/Applications/Xcode.app/Contents/Developer/usr --with-gxx-include-dir=/usr/include/c++/4.2.1
Apple LLVM version 9.0.0 (clang-900.0.39.2)
Target: x86_64-apple-darwin16.7.0
Thread model: posix
InstalledDir: /Applications/Xcode.app/Contents/Developer/Toolchains/XcodeDefault.xctoolchain/usr/bin
$> clang --version
Apple LLVM version 9.0.0 (clang-900.0.39.2)
Target: x86_64-apple-darwin16.7.0
Thread model: posix
InstalledDir: /Applications/Xcode.app/Contents/Developer/Toolchains/XcodeDefault.xctoolchain/usr/bin

= User files collection ========================================================
Collecting user files from Vogsphere
Repository URL: auto-exam/2019/c-exam-alone-in-the-dark-beginner/practice-exam_20190204/ishaimou2

= Git history ==================================================================
$> git -C /var/folders/dy/_mnxf2bj0h98td66hl7zjxdm0000gq/T/tmp2oaTyX/user log --pretty='%H - %an, %ad : %s'
2133f9d7207f0fb1c74ddce3c4b8e9ea523e873c - nayarix, Mon Feb 4 09:51:06 2019 +0100 : done
9d64b3a592bbe8300c010435d0a4bfc94bae6385 - nayarix, Mon Feb 4 09:19:04 2019 +0100 : done
 
= Collected files ==========================================
$> ls -lAR /var/folders/dy/_mnxf2bj0h98td66hl7zjxdm0000gq/T/tmp2oaTyX/user
total 8
-rw-r--r--  1 deepthought  deepthought  465 Feb  4 09:53 __GIT_HISTORY
drwxr-xr-x  3 deepthought  deepthought  102 Feb  4 09:53 first_word
drwxr-xr-x  3 deepthought  deepthought  102 Feb  4 09:53 ft_print_numbers

/var/folders/dy/_mnxf2bj0h98td66hl7zjxdm0000gq/T/tmp2oaTyX/user/first_word:
total 8
-rw-r--r--  1 deepthought  deepthought  1143 Feb  4 09:53 first_word.c

/var/folders/dy/_mnxf2bj0h98td66hl7zjxdm0000gq/T/tmp2oaTyX/user/ft_print_numbers:
total 8
-rw-r--r--  1 deepthought  deepthought  1015 Feb  4 09:53 ft_print_numbers.c
 
= first_word ===================================================================
$> gcc -Wextra -Wall -Werror first_word.c -o user_exe 

= Test 1 ===================================================
$> ./2rbmyasztvpfkpjrqwl74aan 
$> diff -U 3 user_output_test1 test1.output | cat -e

Diff OK :D
= Test 2 ===================================================
$> ./vpt1k1cf6641x14trxqw2gfe 
$> diff -U 3 user_output_test2 test2.output | cat -e

Diff OK :D
= Test 3 ===================================================
$> ./xf2i31yetgebac41wv13gq6d "salut" "a" "tous" "tout" "le" "monde"
$> diff -U 3 user_output_test3 test3.output | cat -e

Diff OK :D
= Test 4 ===================================================
$> ./cq4ervzfyrg8xaoeqmlt50w9 "D3sPxlqe5aIOE"
$> diff -U 3 user_output_test4 test4.output | cat -e

Diff OK :D
= Test 5 ===================================================
$> ./xwnmuo2ahlouicue33grx3pl "P1Sz"
$> diff -U 3 user_output_test5 test5.output | cat -e

Diff OK :D
= Test 6 ===================================================
$> ./p03yqz5vjbnt3zwtyslhslqb "JxY7QOZGvhU1lm"
$> diff -U 3 user_output_test6 test6.output | cat -e

Diff OK :D
= Test 7 ===================================================
$> ./95y5vqfys3faqfxylzq2i6sa "9X3Kq5Molj BPhFOM ChTSHv1JaG8 CsSealQwHJ2pMo61U m46Q2ueJ8GHEAzIX F2IxPKLTs8AS gyNeI WfEy3u9PDtkN6xAs y7hJkz6 0dGbx4rO"
$> diff -U 3 user_output_test7 test7.output | cat -e

Diff OK :D
= Test 8 ===================================================
$> ./alo8f0et8zou5rdiu5aitx0w "J3T2j5NHC 9g51G0A r7RKcgPExMtNheA6 yBM3q1Y8C 3GYIV7KXMlF4sgfzL 1vGVya rvuMghE zACkeb SuqzraJQdt681M XKmO6e5 13xdD hjy15GEbcJN7 zkptQZlyYVXTMu Amzh5ibrqM fWIyLHbiFp"
$> diff -U 3 user_output_test8 test8.output | cat -e

Diff OK :D
= Test 9 ===================================================
$> ./0uqr6ls5tjumdxyv4san16f1 "6kPQCnVacXO qlJcg EbktCY6NZyGx1fIOe F0Da2yi8Gt TDHb rYEsvoBV drDCmnGlVgS5 q2gpF9L"
$> diff -U 3 user_output_test9 test9.output | cat -e

Diff OK :D
= Test 10 ==================================================
$> ./2e3etajkypp4ucgl5dk64ibu "		my1x6iNJow5DPgEj.EnN8ULo		4L1QVXs52KAvq=CkZ1AMnaGPxBJUrt	@"
$> diff -U 3 user_output_test10 test10.output | cat -e

Diff OK :D
= Test 11 ==================================================
$> ./bwovt3avr0rxvio33x757q8v " dxYZM0z38J/H3D?ylpTs;KfgjMuCxmy08SLAZ.unah/PZCVU98WbogKy	 jHOkPR6mwScY1egJ73DMNzd7fIQ	1Ha?"
$> diff -U 3 user_output_test11 test11.output | cat -e

Diff OK :D
= Test 12 ==================================================
$> ./8njnax1901lp3bk1uji7dmpt "@qEu4lsDVhzecH1b 	 <ajoShwLyD(MWZTsL8y9FV6YsN1Lh5"
$> diff -U 3 user_output_test12 test12.output | cat -e

Diff OK :D
= Test 13 ==================================================
$> ./j35i086ocgyc9h68t8u81l7j "=telS  	@jpkz0QPfbC:j6yQa 4"
$> diff -U 3 user_output_test13 test13.output | cat -e

Diff OK :D
= Test 14 ==================================================
$> ./vbxa1kjc5dba398mzxqbjke8 "?zj2FsC6nq		<"
$> diff -U 3 user_output_test14 test14.output | cat -e

Diff OK :D
= Test 15 ==================================================
$> ./h7d8tmxvzve9qw2ksfq637xy "<xWiMHCSXboOFpuc(mVXD5khou	4OCAjyYg4dK/cFrsZ8SqgIQutR6JPA8BlWC6QXHVY:qUujaEv13iGQe0DeogEOu5k27SIaQygF3zPVOMTCl "
$> diff -U 3 user_output_test15 test15.output | cat -e

Diff OK :D
= Test 16 ==================================================
$> ./9iy1dqt2qql3pt32acv1b92m "	 yC0IA+TtMGaEuldv15 RiyUdZSpxb,"
$> diff -U 3 user_output_test16 test16.output | cat -e

Diff OK :D
= Test 17 ==================================================
$> ./c0lz7h8jmxnjz79f65fh2axi " Z9exmb45uz3aE6cGt =hTxnJ5dIHo ,98bOZPoItWijn="
$> diff -U 3 user_output_test17 test17.output | cat -e

Diff OK :D
= Test 18 ==================================================
$> ./u684s9e1dk8wqtey7iq8jb3d " )XckULVYJ@lRQPkHW8AhiCe3Nv)HdMDiZz-dkEFqmA0Ra9j	)kRrKCwnB9H6Yh?jRpSni*o3n 	>ZYirQfdqLEk+"
$> diff -U 3 user_output_test18 test18.output | cat -e

Diff OK :D
= Test 19 ==================================================
$> ./ewfr0jp6jb4zgpdd3mlfjjg5 " 8RxWAuf0.vtu1a3cXAJSPnhw8V	(sh7n9vKdVTbk	 ("
$> diff -U 3 user_output_test19 test19.output | cat -e

Diff OK :D
= Test 20 ==================================================
$> ./yugj296ddij5jklsj2v7slus "7vxizNjKIyXu6hs7n5AraoDkZp39;opqxQ42UesR7XvB4baNHRJ5ITgv7	,y0EDTqbg2G >MStnXzRaNH4"
$> diff -U 3 user_output_test20 test20.output | cat -e

Diff OK :D
Grade: 1

= Final grade: 1 ===============================================================
