= Host-specific information ====================================================
$> hostname; uname -msr
e1r4p11.1337.ma
Darwin 16.7.0 x86_64
$> date
Mon Feb  4 09:55:48 CET 2019
$> gcc --version
Configured with: --prefix=/Applications/Xcode.app/Contents/Developer/usr --with-gxx-include-dir=/usr/include/c++/4.2.1
Apple LLVM version 9.0.0 (clang-900.0.39.2)
Target: x86_64-apple-darwin16.7.0
Thread model: posix
InstalledDir: /Applications/Xcode.app/Contents/Developer/Toolchains/XcodeDefault.xctoolchain/usr/bin
$> clang --version
Apple LLVM version 9.0.0 (clang-900.0.39.2)
Target: x86_64-apple-darwin16.7.0
Thread model: posix
InstalledDir: /Applications/Xcode.app/Contents/Developer/Toolchains/XcodeDefault.xctoolchain/usr/bin

= User files collection ========================================================
Collecting user files from Vogsphere
Repository URL: auto-exam/2019/c-exam-alone-in-the-dark-beginner/practice-exam_20190204/ishaimou2

= Git history ==================================================================
$> git -C /var/folders/hc/5cp8x84n3xlf1bb26pdfpqq00000gq/T/tmpkCz0iU/user log --pretty='%H - %an, %ad : %s'
2aa5cc8bffeafd269312116073b8840697c85f91 - nayarix, Mon Feb 4 09:55:37 2019 +0100 : done
2133f9d7207f0fb1c74ddce3c4b8e9ea523e873c - nayarix, Mon Feb 4 09:51:06 2019 +0100 : done
9d64b3a592bbe8300c010435d0a4bfc94bae6385 - nayarix, Mon Feb 4 09:19:04 2019 +0100 : done
 
= Collected files ==========================================
$> ls -lAR /var/folders/hc/5cp8x84n3xlf1bb26pdfpqq00000gq/T/tmpkCz0iU/user
total 8
-rw-r--r--  1 deepthought  deepthought  679 Feb  4 09:55 __GIT_HISTORY
drwxr-xr-x  3 deepthought  deepthought  102 Feb  4 09:55 first_word
drwxr-xr-x  3 deepthought  deepthought  102 Feb  4 09:55 ft_print_numbers
drwxr-xr-x  3 deepthought  deepthought  102 Feb  4 09:55 max

/var/folders/hc/5cp8x84n3xlf1bb26pdfpqq00000gq/T/tmpkCz0iU/user/first_word:
total 8
-rw-r--r--  1 deepthought  deepthought  1143 Feb  4 09:55 first_word.c

/var/folders/hc/5cp8x84n3xlf1bb26pdfpqq00000gq/T/tmpkCz0iU/user/ft_print_numbers:
total 8
-rw-r--r--  1 deepthought  deepthought  1015 Feb  4 09:55 ft_print_numbers.c

/var/folders/hc/5cp8x84n3xlf1bb26pdfpqq00000gq/T/tmpkCz0iU/user/max:
total 8
-rw-r--r--  1 deepthought  deepthought  1067 Feb  4 09:55 max.c
 
= max ==========================================================================
$> gcc -Wextra -Wall -Werror main.c max.c -o user_exe 

= Test 1 ===================================================
$> ./a40y87nehs2obumvv8aykvdo 
$> diff -U 3 user_output_test1 test1.output | cat -e

Diff OK :D
= Test 2 ===================================================
$> ./7dvum2i9oddfp5eautn7sv2y "-15"
$> diff -U 3 user_output_test2 test2.output | cat -e

Diff OK :D
= Test 3 ===================================================
$> ./nnmhsod725eussmpt85qy9n6 "-14" "16" "8" "3" "-6" "-11" "-20" "-6" "-13" "4" "-18" "16" "-8" "5" "-15" "3" "18" "3" "-2" "15" "-7" "-10" "-18" "19" "0" "-12" "-19" "2"
$> diff -U 3 user_output_test3 test3.output | cat -e

Diff OK :D
= Test 4 ===================================================
$> ./0x2nqq9ay26ttvillt7kvk1j "4" "-16" "20" "-17" "1" "-16" "10" "-20" "20" "-7" "-8" "-9" "11" "19" "-13" "1" "-3" "16" "5" "8" "-1"
$> diff -U 3 user_output_test4 test4.output | cat -e

Diff OK :D
= Test 5 ===================================================
$> ./thw8l84hbrz85nuhok6srrxu "-7" "-6" "-9" "5" "16" "-18" "3" "5" "8" "1" "0" "1"
$> diff -U 3 user_output_test5 test5.output | cat -e

Diff OK :D
= Test 6 ===================================================
$> ./rzkt0wsn5011tuckjasol72i "-19" "-8" "-6" "13" "-1" "-7" "19" "-19" "7" "-12" "-10"
$> diff -U 3 user_output_test6 test6.output | cat -e

Diff OK :D
= Test 7 ===================================================
$> ./ejgihn4mtu22v3hgbpv8so14 "-18" "20" "-5" "5" "17" "3" "10" "-8" "6" "-8" "10" "-1" "13" "10" "-8" "7" "20" "-2" "11"
$> diff -U 3 user_output_test7 test7.output | cat -e

Diff OK :D
= Test 8 ===================================================
$> ./il8jzh0e4zs1rq3oz64e2poy "18" "-16" "4" "-17" "-17" "19" "-15" "-3" "0" "20"
$> diff -U 3 user_output_test8 test8.output | cat -e

Diff OK :D
= Test 9 ===================================================
$> ./d4senulara2tcnra4zbiyujv "12" "-1" "4" "14" "-4" "10"
$> diff -U 3 user_output_test9 test9.output | cat -e

Diff OK :D
= Test 10 ==================================================
$> ./w2l1m2kdx7mtg7cywftxxj3a "492287" "15976906" "2133848" "-1999061" "-5720123" "11588008" "13531087" "10905190" "5770291" "-15206116" "-5227957" "18327442" "7346649" "-16034310" "-18439191" "13843684" "4726809" "4997197" "2727736" "3347528" "18438398" "-13945990" "17933360" "16301789" "15016627" "15081364" "-17773205" "8747401" "5992320"
$> diff -U 3 user_output_test10 test10.output | cat -e

Diff OK :D
= Test 11 ==================================================
$> ./2lyzh6skfx6dx63h6lnj6sov "14075880" "9578876" "19539570" "-596590" "9143455" "8656010" "-8138543" "10450401" "3715344" "8280642" "-3362602" "-1764101" "13344943" "15443975" "-12506598" "7786662" "-10960540" "-12875156" "-18510641" "9678006" "16543862" "19280579" "12053006" "-5844762" "1438631" "-6695969" "13230836" "16385438" "18145147" "-15065813" "4754684" "16645266" "1267889" "-15683059" "-13928764" "-2953815" "-16498794" "-2272178" "18287756" "18422943" "-2924033" "16691503" "-18238503" "-6100262" "-14300833" "-3919887" "-13426687" "-2278291" "-14634415" "-178904" "9819110" "16347426" "-2519715" "-12824567" "-14225198" "-16556705" "-15377566" "-12950472" "-6060854" "11039806" "-3485837" "954848" "-13519049" "10108681" "-12071970" "-5639259" "15896484" "2036780" "-18030819" "-6613937" "15245430" "-13692287" "8226117" "12660973" "2365744" "19109257" "-16225756" "-19094120" "7963000" "12426931" "-10891582" "827445" "2184096" "-14879112" "-6678530" "-3972691" "-17810810" "-3079298" "1675733" "14503413"
$> diff -U 3 user_output_test11 test11.output | cat -e

Diff OK :D
= Test 12 ==================================================
$> ./4bk2mobqzgld00jbhxnwsee3 "16298847" "-5148890" "16387543" "-1230135" "-5206569" "382898" "-5977931" "300545" "7578858" "10847650" "3592150" "1884424" "13807603" "-14158454" "-16834700" "13024981" "10129026" "10833582" "-997763" "17648279" "9176020" "-18009419" "-16650615" "5673197" "12801837" "16227115" "-5307931" "4329547" "8160271" "11015489" "5283228" "-15690315" "17713399" "7755710" "2625722" "12462161" "-2090286" "-10080054" "17457906" "9972152" "7132770" "-1657037" "-17413349" "1958484" "1913083" "17192591" "5541342" "15655580" "16304560" "-7029979" "-19812966" "-4333799" "-10109469" "-13760154" "-2327042" "-19788765" "-10007964" "3852852" "-10618332" "-18920945" "10124176" "15780879" "-13549057" "-13975776" "17121872" "-9333522" "-3063837" "13284588" "8837248" "-6186910" "-8560637"
$> diff -U 3 user_output_test12 test12.output | cat -e

Diff OK :D
= Test 13 ==================================================
$> ./cnhd2kphybfavpnhfopjys8w "-1126929" "5081059" "183559" "3092638" "-11987503" "-10112304" "-9634544" "-11853152" "-9943547" "14012703" "2721445" "13705683" "2075356" "8465002" "9762153" "-13836754" "-43648" "-14787521" "-16942551" "-10230878" "8055667" "-5638206" "13635030" "-4343137" "-4057243" "-6603718" "7610255" "-18533143" "-18773341" "-4772095" "14561199" "12698861" "5306598" "4934353" "-8733090" "-4292780" "11573342" "-240030" "-13175877" "6915449" "-7699980" "9176746" "-12852078" "-10034409" "-10625286" "15326502" "19260371" "6070067" "-1358919" "-8185273" "-18215203" "10409980" "-17944378" "-9666851" "-11760860" "-16060450" "-4919908" "948425" "-12199210" "11897602" "-14045502" "-18233263"
$> diff -U 3 user_output_test13 test13.output | cat -e

Diff OK :D
= Test 14 ==================================================
$> ./pdp0ikeigkr6ih36676u9f8k "2257448" "1435948" "-8427193" "-6254572" "12868772" "3299412" "14669453" "16119718" "-7954928" "17303774" "-19390783" "2009351" "13426021" "-676701" "11907763" "-14567862" "10792343" "16460964" "17826871" "-1843801" "11332242" "3811843" "-10635500" "-18336605" "-7573435" "-8627932" "-10929380" "-12057816" "-12836360" "-14239905" "-19493587" "-8431953" "249564" "3666665" "4565625" "-936064" "1039905" "18841472" "11192449" "7319804" "15529993" "12252406" "1215631" "-2185344" "5557778" "-13350080" "-5618187" "-17295872" "16201417" "14502700" "-10526078" "6818151" "9405405"
$> diff -U 3 user_output_test14 test14.output | cat -e

Diff OK :D
= Test 15 ==================================================
$> ./bjn5oaby2e175jv0wdqjt1nk "7283729" "-13567550" "-10956131" "6454441" "-6651123" "-3563602" "-10394829" "-3340553" "17887043" "-18427131" "13045985" "-19725013" "11678931" "2333326" "-18799642" "4870501" "17903957" "-14320153" "-2918607" "13769095" "2614096"
$> diff -U 3 user_output_test15 test15.output | cat -e

Diff OK :D
= Test 16 ==================================================
$> ./c2m679a6qt46r4pum6qnvmc7 "-2198133" "-14179832" "-8939674" "10609740" "9823363" "-17123485" "17085203" "16517248" "-91283" "-1001302" "-5016282" "16410573" "-8951895" "-3450302" "2915475" "-14270192" "-5962363" "1077478" "-12068056" "-4014848" "-9877470" "11199044" "9476142" "-17132482" "3081715" "17995064" "-8351441" "11651301" "-12760649" "-18649171" "13224779" "-17307319" "4767143" "4297860" "15269959" "16169687" "16103718" "9860760" "-17083446" "-366632" "12768991" "-8191379" "11804536" "18371311" "7185894" "2789940" "-8695920" "-2781877" "-3472600" "-1782915" "-8447068" "-19693154" "8281613" "5913637" "9360450" "-8618924" "9004249"
$> diff -U 3 user_output_test16 test16.output | cat -e

Diff OK :D
= Test 17 ==================================================
$> ./lpxnb8k4h2jdpglndhiinafo "1401192" "8349731" "11050950" "-16379103" "2907177" "-6673034" "-18396922" "13697986" "10325926" "-8373945" "-13866929" "17737978" "-13181398" "10795536" "-18753844" "19243987" "-101454" "-19336937" "11632863" "3530920" "-14457322" "-6386796" "-7912399" "11002396" "-2552918" "4987074" "10831837" "-18819599" "-17427363"
$> diff -U 3 user_output_test17 test17.output | cat -e

Diff OK :D
= Test 18 ==================================================
$> ./gie3ru7vhxkpg0g1gm0kgazk "4527704" "-2309122" "-14912505" "-6937202" "3347185" "17781610" "-5391865" "-7733056" "1306438" "-10820654" "-18486305" "-2894808" "-13002507" "-10126155" "-3546060" "18551092" "669709" "6884781" "11132676" "-6795382" "-18496670" "14143626" "-5035981" "-11974044"
$> diff -U 3 user_output_test18 test18.output | cat -e

Diff OK :D
= Test 19 ==================================================
$> ./vzyecca3cvsxykd80rdkig87 "-14165179" "12029003" "-17945837" "5998908" "-364502" "-2861107" "-18267879" "-2510391" "12657542" "3022337" "17500236" "15682288" "3916001" "-8895543" "16295" "19378237" "-1709524" "4782499" "-17979813" "11188636" "-17672396" "-11290255" "-3498995" "-85048" "10496455" "15560762" "3575920" "5330950" "2310512" "9566795" "16797682" "6707827" "-16583387" "19048690" "13653181" "-3933349" "-8567166" "-16568346" "12688833" "-4948343" "-9341154" "5279359" "-19212303" "-161092" "-12404034" "-9500338" "-4513753" "-4156771" "-15752392" "-4792612" "7529772" "15051992" "-6394014" "6616974" "5542258" "-9664843" "6739635" "-14409847" "-16343855" "5760511" "8706214" "-16133470" "14973027" "2396312" "-7989002" "13825290" "9692972" "695855" "-4886681" "-9502816" "-1587272" "-10598324" "-17844466" "18965216"
$> diff -U 3 user_output_test19 test19.output | cat -e

Diff OK :D
= Test 20 ==================================================
$> ./g169klnyxn8zgmdltugr2f3z "-19864363" "15631914" "-9256017" "-5010091" "10306982" "6411039" "19663867" "14229447" "-6470432" "-18875658" "-18614989" "-12628724" "17881089" "4604056" "12476194" "3405162" "-16214776" "-206599" "-15097478" "-10156155" "4724626" "-16852749" "3056277" "-15340354" "-12536411" "-14690989" "8020730" "-18813343" "2800468" "17282890" "-13530552" "-11471244" "-17049166" "-16347942" "11695680" "500455" "14471821" "19600882"
$> diff -U 3 user_output_test20 test20.output | cat -e

Diff OK :D
Grade: 1

= Final grade: 1 ===============================================================
