= Host-specific information ====================================================
$> hostname; uname -msr
e1r8p1.1337.ma
Darwin 16.7.0 x86_64
$> date
Sun Feb  3 09:34:01 CET 2019
$> gcc --version
Configured with: --prefix=/Applications/Xcode.app/Contents/Developer/usr --with-gxx-include-dir=/usr/include/c++/4.2.1
Apple LLVM version 9.0.0 (clang-900.0.39.2)
Target: x86_64-apple-darwin16.7.0
Thread model: posix
InstalledDir: /Applications/Xcode.app/Contents/Developer/Toolchains/XcodeDefault.xctoolchain/usr/bin
$> clang --version
Apple LLVM version 9.0.0 (clang-900.0.39.2)
Target: x86_64-apple-darwin16.7.0
Thread model: posix
InstalledDir: /Applications/Xcode.app/Contents/Developer/Toolchains/XcodeDefault.xctoolchain/usr/bin

= User files collection ========================================================
Collecting user files from Vogsphere
Repository URL: auto-exam/2019/c-exam-alone-in-the-dark-beginner/practice-exam_20190203/ishaimou2

= Git history ==================================================================
$> git -C /var/folders/v7/vn8x5z117cnftc538vg80scw0000gq/T/tmpq2D1Cb/user log --pretty='%H - %an, %ad : %s'
f7138e9e80204672695b23450dcc710fcea3af40 - nayarix, Sun Feb 3 09:33:47 2019 +0100 : done
20fa81ca807adf6e634d547e74e5dc9e447cbe1f - nayarix, Sun Feb 3 09:26:00 2019 +0100 : done
95e567fafc5ecd8f468d3740c6be1f33707f3d7f - nayarix, Sun Feb 3 09:24:14 2019 +0100 : done
 
= Collected files ==========================================
$> ls -lAR /var/folders/v7/vn8x5z117cnftc538vg80scw0000gq/T/tmpq2D1Cb/user
total 8
-rw-r--r--  1 deepthought  deepthought  716 Feb  3 09:34 __GIT_HISTORY
drwxr-xr-x  3 deepthought  deepthought  102 Feb  3 09:34 fizzbuzz
drwxr-xr-x  3 deepthought  deepthought  102 Feb  3 09:34 ft_countdown
drwxr-xr-x  3 deepthought  deepthought  102 Feb  3 09:34 ft_strrev

/var/folders/v7/vn8x5z117cnftc538vg80scw0000gq/T/tmpq2D1Cb/user/fizzbuzz:
total 8
-rw-r--r--  1 deepthought  deepthought  1550 Feb  3 09:34 fizzbuzz.c

/var/folders/v7/vn8x5z117cnftc538vg80scw0000gq/T/tmpq2D1Cb/user/ft_countdown:
total 8
-rw-r--r--  1 deepthought  deepthought  1037 Feb  3 09:34 ft_countdown.c

/var/folders/v7/vn8x5z117cnftc538vg80scw0000gq/T/tmpq2D1Cb/user/ft_strrev:
total 8
-rw-r--r--  1 deepthought  deepthought  1100 Feb  3 09:34 ft_strrev.c
 
= ft_strrev ====================================================================
$> gcc -Wextra -Wall -Werror ft_strrev.c main.c -o user_exe 

= Test 1 ===================================================
$> ./8xwr3pw8vxhcqzd3noxs3kvv ""
$> diff -U 3 user_output_test1 test1.output | cat -e

Diff OK :D
= Test 2 ===================================================
$> ./kfc6yyet1bdv8dc0ue4z2m23 "eucXKW3iw0hIEY"
$> diff -U 3 user_output_test2 test2.output | cat -e

Diff OK :D
= Test 3 ===================================================
$> ./7sux961yw2yuhmtm9zsuh4l6 "Z6Auv0eRlmnJ"
$> diff -U 3 user_output_test3 test3.output | cat -e

Diff OK :D
= Test 4 ===================================================
$> ./t05lh33siddzq3ukwtsarq3f "GApkhJ5R8cigdmrOF"
$> diff -U 3 user_output_test4 test4.output | cat -e

Diff OK :D
= Test 5 ===================================================
$> ./ak4s8osm782roy3w3bau1kvf "R7Y"
$> diff -U 3 user_output_test5 test5.output | cat -e

Diff OK :D
= Test 6 ===================================================
$> ./4wb1t68cyv79epkawalx91fd "oHzKnWi 8FqfP6NMLH7UWDAi vOFalVt CgwKyQbG68c"
$> diff -U 3 user_output_test6 test6.output | cat -e

Diff OK :D
= Test 7 ===================================================
$> ./ba556zgf4vxicsg4odrktrkn "UzLkWra1 RygXH 0fpaQsLS8zY34gWlC JoHC72 UXs TGJ1 X7L3tohw9IEYciP wn7hV1BF0DtqyzdC IwGkfjXAmTUop EhyJrikQR DId CPQR F1W7RDzkx420JrQ t2UuTVBCHQo6agEcp 3U7rWvjlT"
$> diff -U 3 user_output_test7 test7.output | cat -e

Diff OK :D
= Test 8 ===================================================
$> ./4fwvlkwozthhvyj7klb0ezs4 "CnkxH7NOrLXbpa3o MRxatIoA4 ePI4guGUcDx7fLT OiNeT UR5iMk nsuFg5qA7M xUiyb24IM7 rU8MDXdghmkYWF kc7s HBvqm4 BqgMRIY5cwNU soaXur"
$> diff -U 3 user_output_test8 test8.output | cat -e

Diff OK :D
= Test 9 ===================================================
$> ./txqqy93iutqb9phggn0hasq2 "j5hKHXqrcwo1akN VMArRq TIYxg8Dvs5N AgTZGn1DMkmd QUGxYLVo4vzX5p jpnlLD3do6ysrbiw ImkeVQ9y2r4a FgIXKi7ez6 PvuhTOgjE F5q01EcK ZKWdLuxrbj MZ6I5vVK jkBAh2moxlEpCcryS"
$> diff -U 3 user_output_test9 test9.output | cat -e

Diff OK :D
Grade: 1

= Final grade: 1 ===============================================================
