= Host-specific information ====================================================
$> hostname; uname -msr
e1r7p4.1337.ma
Darwin 16.7.0 x86_64
$> date
Tue Feb  5 08:14:24 CET 2019
$> gcc --version
Configured with: --prefix=/Applications/Xcode.app/Contents/Developer/usr --with-gxx-include-dir=/usr/include/c++/4.2.1
Apple LLVM version 9.0.0 (clang-900.0.39.2)
Target: x86_64-apple-darwin16.7.0
Thread model: posix
InstalledDir: /Applications/Xcode.app/Contents/Developer/Toolchains/XcodeDefault.xctoolchain/usr/bin
$> clang --version
Apple LLVM version 9.0.0 (clang-900.0.39.2)
Target: x86_64-apple-darwin16.7.0
Thread model: posix
InstalledDir: /Applications/Xcode.app/Contents/Developer/Toolchains/XcodeDefault.xctoolchain/usr/bin

= User files collection ========================================================
Collecting user files from Vogsphere
Repository URL: auto-exam/2019/c-exam-alone-in-the-dark-beginner/practice-exam_20190205/ishaimou

= Git history ==================================================================
$> git -C /var/folders/90/lgh66d5n6m7471z9dyc8m2xr0000gq/T/tmpGeirDP/user log --pretty='%H - %an, %ad : %s'
ed7a19687e84dbd7deba2082fe84f4df161575bc - nayarix, Tue Feb 5 08:14:13 2019 +0100 : done
62238a2b4c795e4499e2ff7ba91a38f91e2c9b05 - nayarix, Tue Feb 5 08:07:50 2019 +0100 : done
941ac2fcd633c1084f4e21a6bc42021c3e060784 - nayarix, Tue Feb 5 08:05:22 2019 +0100 : done
 
= Collected files ==========================================
$> ls -lAR /var/folders/90/lgh66d5n6m7471z9dyc8m2xr0000gq/T/tmpGeirDP/user
total 8
-rw-r--r--  1 deepthought  deepthought  690 Feb  5 08:14 __GIT_HISTORY
drwxr-xr-x  3 deepthought  deepthought  102 Feb  5 08:14 ft_putstr
drwxr-xr-x  3 deepthought  deepthought  102 Feb  5 08:14 maff_revalpha
drwxr-xr-x  3 deepthought  deepthought  102 Feb  5 08:14 reverse_bits

/var/folders/90/lgh66d5n6m7471z9dyc8m2xr0000gq/T/tmpGeirDP/user/ft_putstr:
total 8
-rw-r--r--  1 deepthought  deepthought  979 Feb  5 08:14 ft_putstr.c

/var/folders/90/lgh66d5n6m7471z9dyc8m2xr0000gq/T/tmpGeirDP/user/maff_revalpha:
total 8
-rw-r--r--  1 deepthought  deepthought  1166 Feb  5 08:14 maff_revalpha.c

/var/folders/90/lgh66d5n6m7471z9dyc8m2xr0000gq/T/tmpGeirDP/user/reverse_bits:
total 8
-rw-r--r--  1 deepthought  deepthought  1078 Feb  5 08:14 reverse_bits.c
 
= reverse_bits =================================================================
$> gcc -Wextra -Wall -Werror main.c reverse_bits.c -o user_exe 

= Test 1 ===================================================
$> ./wd4et3xhfybfy3nic9dp81ws
$> diff -U 3 user_output_test1 test1.output | cat -e

Diff OK :D
Grade: 1

= Final grade: 1 ===============================================================
