= Host-specific information ====================================================
$> hostname; uname -msr
e2r11p5.1337.ma
Darwin 16.7.0 x86_64
$> date
Sat Feb  2 09:22:56 CET 2019
$> gcc --version
Configured with: --prefix=/Library/Developer/CommandLineTools/usr --with-gxx-include-dir=/usr/include/c++/4.2.1
Apple LLVM version 8.1.0 (clang-802.0.38)
Target: x86_64-apple-darwin16.7.0
Thread model: posix
InstalledDir: /Library/Developer/CommandLineTools/usr/bin
$> clang --version
Apple LLVM version 8.1.0 (clang-802.0.38)
Target: x86_64-apple-darwin16.7.0
Thread model: posix
InstalledDir: /Library/Developer/CommandLineTools/usr/bin

= User files collection ========================================================
Collecting user files from Vogsphere
Repository URL: auto-exam/2019/c-exam-alone-in-the-dark-beginner/practice-exam_20190202/ishaimou

= Git history ==================================================================
$> git -C /var/folders/mw/63rnsn2j3kxc7ks7gq_w70br0000gq/T/tmpCC8i3y/user log --pretty='%H - %an, %ad : %s'
0e112549db68142bca54fef077c989abd4617189 - nayarix, Sat Feb 2 09:22:29 2019 +0100 : done
fa2e6539f0d04fd495b10e37ef860d32145a8b4b - nayarix, Sat Feb 2 08:09:44 2019 +0100 : done
194dad609972e20ca9738b85eafb1da653f2cab9 - nayarix, Sat Feb 2 08:08:06 2019 +0100 : done
b9f9d8cc16c0ca623d714501fe136fff3df7bd9c - nayarix, Sat Feb 2 08:03:13 2019 +0100 : done
 
= Collected files ==========================================
$> ls -lAR /var/folders/mw/63rnsn2j3kxc7ks7gq_w70br0000gq/T/tmpCC8i3y/user
total 8
-rw-r--r--  1 deepthought  deepthought  966 Feb  2 09:22 __GIT_HISTORY
drwxr-xr-x  4 deepthought  deepthought  136 Feb  2 09:22 do_op
drwxr-xr-x  3 deepthought  deepthought  102 Feb  2 09:22 only_a
drwxr-xr-x  3 deepthought  deepthought  102 Feb  2 09:22 print_hex
drwxr-xr-x  3 deepthought  deepthought  102 Feb  2 09:22 rev_print

/var/folders/mw/63rnsn2j3kxc7ks7gq_w70br0000gq/T/tmpCC8i3y/user/do_op:
total 16
-rw-r--r--  1 deepthought  deepthought  1337 Feb  2 09:22 do_op.c
-rw-r--r--  1 deepthought  deepthought   996 Feb  2 09:22 do_op.h

/var/folders/mw/63rnsn2j3kxc7ks7gq_w70br0000gq/T/tmpCC8i3y/user/only_a:
total 8
-rw-r--r--  1 deepthought  deepthought  965 Feb  2 09:22 only_a.c

/var/folders/mw/63rnsn2j3kxc7ks7gq_w70br0000gq/T/tmpCC8i3y/user/print_hex:
total 8
-rw-r--r--  1 deepthought  deepthought  1546 Feb  2 09:22 print_hex.c

/var/folders/mw/63rnsn2j3kxc7ks7gq_w70br0000gq/T/tmpCC8i3y/user/rev_print:
total 8
-rw-r--r--  1 deepthought  deepthought  1095 Feb  2 09:22 rev_print.c
 
= print_hex ====================================================================
$> gcc -Wextra -Wall -Werror print_hex.c -o user_exe 

= Test 1 ===================================================
$> ./uhsgzq0lmhgnpvhc64xhqpma 
$> diff -U 3 user_output_test1 test1.output | cat -e

Diff OK :D
= Test 2 ===================================================
$> ./2r8feqlrivmj05ht05x3cmtn "21" "2313"
$> diff -U 3 user_output_test2 test2.output | cat -e

Diff OK :D
= Test 3 ===================================================
$> ./nvhn623g5lgdn6bqlfvco8ie 2147483647
$> diff -U 3 user_output_test3 test3.output | cat -e

Diff OK :D
= Test 4 ===================================================
$> ./ixz7oongwz5eqkoiq6u7n7wo 0
$> diff -U 3 user_output_test4 test4.output | cat -e

Diff OK :D
= Test 5 ===================================================
$> ./vgnagn3ecuao2bt1y8y91okf 558466793
$> diff -U 3 user_output_test5 test5.output | cat -e

Diff OK :D
= Test 6 ===================================================
$> ./29rwfzglfenjckqnzfcjtfbo 603544846
$> diff -U 3 user_output_test6 test6.output | cat -e

Diff OK :D
= Test 7 ===================================================
$> ./4eadxqey5c0022kcibr3vhz2 947510102
$> diff -U 3 user_output_test7 test7.output | cat -e

Diff OK :D
= Test 8 ===================================================
$> ./rym4wxj23241z979p68a69ol 1388276668
$> diff -U 3 user_output_test8 test8.output | cat -e

Diff OK :D
= Test 9 ===================================================
$> ./42eg0ed9jraw4yf7g57vuwjr 1248654981
$> diff -U 3 user_output_test9 test9.output | cat -e

Diff OK :D
= Test 10 ==================================================
$> ./hskzjfpvnp8hygjvw0dpxvq2 674956950
$> diff -U 3 user_output_test10 test10.output | cat -e

Diff OK :D
= Test 11 ==================================================
$> ./ftewp5hiauovdzawkjuxhv4v 363613924
$> diff -U 3 user_output_test11 test11.output | cat -e

Diff OK :D
= Test 12 ==================================================
$> ./oldzdu6avcgsrtgimc2slc1o 97604623
$> diff -U 3 user_output_test12 test12.output | cat -e

Diff OK :D
= Test 13 ==================================================
$> ./g73fx8s1iq5bm41xjimn31s8 1096430467
$> diff -U 3 user_output_test13 test13.output | cat -e

Diff OK :D
= Test 14 ==================================================
$> ./zg53quzmbquvh9bm3xnsfy1j 284472378
$> diff -U 3 user_output_test14 test14.output | cat -e

Diff OK :D
= Test 15 ==================================================
$> ./o8iiruxdi8tc0bkhbstzbjso 794624442
$> diff -U 3 user_output_test15 test15.output | cat -e

Diff OK :D
= Test 16 ==================================================
$> ./cyhj5r62fj5jm8safdnm5xfu 1725040714
$> diff -U 3 user_output_test16 test16.output | cat -e

Diff OK :D
= Test 17 ==================================================
$> ./j7gmwp0oq4mul7z7pddv3eed 976147506
$> diff -U 3 user_output_test17 test17.output | cat -e

Diff OK :D
= Test 18 ==================================================
$> ./y6uinlqpnvmnchbpk0qfz62z 26837670
$> diff -U 3 user_output_test18 test18.output | cat -e

Diff OK :D
= Test 19 ==================================================
$> ./g9jucv3mt8e1or245v8w9sz5 1936919020
$> diff -U 3 user_output_test19 test19.output | cat -e

Diff OK :D
= Test 20 ==================================================
$> ./soz4aw25lc33cscbnl6wtqtr 207507909
$> diff -U 3 user_output_test20 test20.output | cat -e

Diff OK :D
Grade: 1

= Final grade: 1 ===============================================================
