= Host-specific information ====================================================
$> hostname; uname -msr
e1r8p8.1337.ma
Darwin 16.7.0 x86_64
$> date
Mon Feb  4 09:58:25 CET 2019
$> gcc --version
Configured with: --prefix=/Applications/Xcode.app/Contents/Developer/usr --with-gxx-include-dir=/usr/include/c++/4.2.1
Apple LLVM version 9.0.0 (clang-900.0.39.2)
Target: x86_64-apple-darwin16.7.0
Thread model: posix
InstalledDir: /Applications/Xcode.app/Contents/Developer/Toolchains/XcodeDefault.xctoolchain/usr/bin
$> clang --version
Apple LLVM version 9.0.0 (clang-900.0.39.2)
Target: x86_64-apple-darwin16.7.0
Thread model: posix
InstalledDir: /Applications/Xcode.app/Contents/Developer/Toolchains/XcodeDefault.xctoolchain/usr/bin

= User files collection ========================================================
Collecting user files from Vogsphere
Repository URL: auto-exam/2019/c-exam-alone-in-the-dark-beginner/practice-exam_20190204/ishaimou2

= Git history ==================================================================
$> git -C /var/folders/21/q9vnw_3d4m14f42vnhzwcqdc0000gq/T/tmpOTJTkT/user log --pretty='%H - %an, %ad : %s'
aeb0c34aee700597dc6627cf5acba7b2e8e9cf6e - nayarix, Mon Feb 4 09:58:08 2019 +0100 : done
2aa5cc8bffeafd269312116073b8840697c85f91 - nayarix, Mon Feb 4 09:55:37 2019 +0100 : done
2133f9d7207f0fb1c74ddce3c4b8e9ea523e873c - nayarix, Mon Feb 4 09:51:06 2019 +0100 : done
9d64b3a592bbe8300c010435d0a4bfc94bae6385 - nayarix, Mon Feb 4 09:19:04 2019 +0100 : done
 
= Collected files ==========================================
$> ls -lAR /var/folders/21/q9vnw_3d4m14f42vnhzwcqdc0000gq/T/tmpOTJTkT/user
total 8
-rw-r--r--  1 deepthought  deepthought  898 Feb  4 09:58 __GIT_HISTORY
drwxr-xr-x  3 deepthought  deepthought  102 Feb  4 09:58 first_word
drwxr-xr-x  3 deepthought  deepthought  102 Feb  4 09:58 ft_print_numbers
drwxr-xr-x  3 deepthought  deepthought  102 Feb  4 09:58 lcm
drwxr-xr-x  3 deepthought  deepthought  102 Feb  4 09:58 max

/var/folders/21/q9vnw_3d4m14f42vnhzwcqdc0000gq/T/tmpOTJTkT/user/first_word:
total 8
-rw-r--r--  1 deepthought  deepthought  1143 Feb  4 09:58 first_word.c

/var/folders/21/q9vnw_3d4m14f42vnhzwcqdc0000gq/T/tmpOTJTkT/user/ft_print_numbers:
total 8
-rw-r--r--  1 deepthought  deepthought  1015 Feb  4 09:58 ft_print_numbers.c

/var/folders/21/q9vnw_3d4m14f42vnhzwcqdc0000gq/T/tmpOTJTkT/user/lcm:
total 8
-rw-r--r--  1 deepthought  deepthought  1226 Feb  4 09:58 lcm.c

/var/folders/21/q9vnw_3d4m14f42vnhzwcqdc0000gq/T/tmpOTJTkT/user/max:
total 8
-rw-r--r--  1 deepthought  deepthought  1067 Feb  4 09:58 max.c
 
= lcm ==========================================================================
$> gcc -Wextra -Wall -Werror main.c lcm.c -o user_exe 

= Test 1 ===================================================
$> ./wgfw7xkf71fkueoee2by0agf 132 72
$> diff -U 3 user_output_test1 test1.output | cat -e

Diff OK :D
= Test 2 ===================================================
$> ./59ppm728lvsvxycow0fgc2cy 54 45
$> diff -U 3 user_output_test2 test2.output | cat -e

Diff OK :D
= Test 3 ===================================================
$> ./ezdi1fxa76z16zighqrees9n 13 2
$> diff -U 3 user_output_test3 test3.output | cat -e

Diff OK :D
= Test 4 ===================================================
$> ./7i5dv97nfb79gs4de7zpml22 41 4
$> diff -U 3 user_output_test4 test4.output | cat -e

Diff OK :D
= Test 5 ===================================================
$> ./vvbh6l5tm5pg0i337hg8zkz2 0 1
$> diff -U 3 user_output_test5 test5.output | cat -e

Diff OK :D
= Test 6 ===================================================
$> ./rgr6h061em1td9gorhq2fqca 1 0
$> diff -U 3 user_output_test6 test6.output | cat -e

Diff OK :D
= Test 7 ===================================================
$> ./mj8z3no15e8kn56xvhi82x9p 67 15
$> diff -U 3 user_output_test7 test7.output | cat -e

Diff OK :D
= Test 8 ===================================================
$> ./3fah3ajyyi6g6b7yjlavyrmi 89 74
$> diff -U 3 user_output_test8 test8.output | cat -e

Diff OK :D
Grade: 1

= Final grade: 1 ===============================================================
