= Host-specific information ====================================================
$> hostname; uname -msr
e2r11p1.1337.ma
Darwin 16.7.0 x86_64
$> date
Tue Jan 29 02:35:56 CET 2019
$> gcc --version
Configured with: --prefix=/Applications/Xcode.app/Contents/Developer/usr --with-gxx-include-dir=/usr/include/c++/4.2.1
Apple LLVM version 9.0.0 (clang-900.0.39.2)
Target: x86_64-apple-darwin16.7.0
Thread model: posix
InstalledDir: /Applications/Xcode.app/Contents/Developer/Toolchains/XcodeDefault.xctoolchain/usr/bin
$> clang --version
Apple LLVM version 9.0.0 (clang-900.0.39.2)
Target: x86_64-apple-darwin16.7.0
Thread model: posix
InstalledDir: /Applications/Xcode.app/Contents/Developer/Toolchains/XcodeDefault.xctoolchain/usr/bin

= User files collection ========================================================
Collecting user files from Vogsphere
Repository URL: auto-exam/2019/c-exam-alone-in-the-dark-beginner/practice-exam_20190129/ishaimou

= Git history ==================================================================
$> git -C /var/folders/51/m0mbmjv13v7b4s7ms35xxfw00000gq/T/tmpSDCNqq/user log --pretty='%H - %an, %ad : %s'
7fcbfd2ca549307313526c7f4502fa18e6a6f8c8 - nayarix, Tue Jan 29 02:35:21 2019 +0100 : done
f954c3424c007e5f0b12c59c1e72fe9eddf8a737 - nayarix, Tue Jan 29 01:27:25 2019 +0100 : done
701a5acc48f6711a07900b134c042dfa9133f8c2 - nayarix, Tue Jan 29 01:23:50 2019 +0100 : done
08cf3d55cb69325a69f7a9262b1d02b81e994bb6 - nayarix, Tue Jan 29 01:22:23 2019 +0100 : done
 
= Collected files ==========================================
$> ls -lAR /var/folders/51/m0mbmjv13v7b4s7ms35xxfw00000gq/T/tmpSDCNqq/user
total 8
-rw-r--r--  1 deepthought  deepthought  953 Jan 29 02:35 __GIT_HISTORY
drwxr-xr-x  4 deepthought  deepthought  136 Jan 29 02:35 do_op
drwxr-xr-x  3 deepthought  deepthought  102 Jan 29 02:35 ft_rrange
drwxr-xr-x  3 deepthought  deepthought  102 Jan 29 02:35 ft_strcpy
drwxr-xr-x  3 deepthought  deepthought  102 Jan 29 02:35 only_z

/var/folders/51/m0mbmjv13v7b4s7ms35xxfw00000gq/T/tmpSDCNqq/user/do_op:
total 16
-rw-r--r--  1 deepthought  deepthought  1341 Jan 29 02:35 do_op.c
-rw-r--r--  1 deepthought  deepthought   996 Jan 29 02:35 do_op.h

/var/folders/51/m0mbmjv13v7b4s7ms35xxfw00000gq/T/tmpSDCNqq/user/ft_rrange:
total 8
-rw-r--r--  1 deepthought  deepthought  1325 Jan 29 02:35 ft_rrange.c

/var/folders/51/m0mbmjv13v7b4s7ms35xxfw00000gq/T/tmpSDCNqq/user/ft_strcpy:
total 8
-rw-r--r--  1 deepthought  deepthought  1024 Jan 29 02:35 ft_strcpy.c

/var/folders/51/m0mbmjv13v7b4s7ms35xxfw00000gq/T/tmpSDCNqq/user/only_z:
total 8
-rw-r--r--  1 deepthought  deepthought  965 Jan 29 02:35 only_z.c
 
= ft_rrange ====================================================================
$> gcc -Wextra -Wall -Werror main.c ft_rrange.c -o user_exe 

= Test 1 ===================================================
$> ./cm0yek0md8bgt0lmve1dk7cx 
$> diff -U 3 user_output_test1 test1.output | cat -e

Diff OK :D
= Test 2 ===================================================
$> ./gmh0rmyjo9vmeu278grqcja5 "21" "2313" "12"
$> diff -U 3 user_output_test2 test2.output | cat -e

Diff OK :D
= Test 3 ===================================================
$> ./mz6b0kxgm8kubne1850acr17 "2147483647" "2147483640" "7"
$> diff -U 3 user_output_test3 test3.output | cat -e
--- user_output_test3	2019-01-29 02:36:01.000000000 +0100$
+++ test3.output	2019-01-29 02:36:01.000000000 +0100$
@@ -1,8 +1,8 @@$
--2147483642$
--2147483643$
--2147483644$
--2147483645$
--2147483646$
--2147483647$
--2147483648$
+2147483640$
+2147483641$
+2147483642$
+2147483643$
+2147483644$
+2147483645$
+2147483646$
 $

Diff KO :(
Grade: 0

= Final grade: 0 ===============================================================
