= Host-specific information ====================================================
$> hostname; uname -msr
e2r3p12.1337.ma
Darwin 16.7.0 x86_64
$> date
Mon Feb  4 08:28:23 CET 2019
$> gcc --version
Configured with: --prefix=/Library/Developer/CommandLineTools/usr --with-gxx-include-dir=/usr/include/c++/4.2.1
Apple LLVM version 8.1.0 (clang-802.0.38)
Target: x86_64-apple-darwin16.7.0
Thread model: posix
InstalledDir: /Library/Developer/CommandLineTools/usr/bin
$> clang --version
Apple LLVM version 8.1.0 (clang-802.0.38)
Target: x86_64-apple-darwin16.7.0
Thread model: posix
InstalledDir: /Library/Developer/CommandLineTools/usr/bin

= User files collection ========================================================
Collecting user files from Vogsphere
Repository URL: auto-exam/2019/c-exam-alone-in-the-dark-beginner/practice-exam_20190204/ishaimou

= Git history ==================================================================
$> git -C /var/folders/9q/sk3pz0751071g2ybbtlmws480000gq/T/tmpaNwxtD/user log --pretty='%H - %an, %ad : %s'
a5e3cb5afc923a0992a5004238d96c825a7f45ab - nayarix, Mon Feb 4 08:28:11 2019 +0100 : done
eaa5dfaf650a200a175ab6b4fe6ae38f6a127132 - nayarix, Mon Feb 4 08:19:12 2019 +0100 : done
2fec7461edfb7368b4305414ade46e53f2e5f738 - nayarix, Mon Feb 4 08:14:51 2019 +0100 : done
c478d0bd296f3ad86d0d6370314827d4583254f5 - nayarix, Mon Feb 4 08:07:23 2019 +0100 : done
 
= Collected files ==========================================
$> ls -lAR /var/folders/9q/sk3pz0751071g2ybbtlmws480000gq/T/tmpaNwxtD/user
total 8
-rw-r--r--  1 deepthought  deepthought  934 Feb  4 08:28 __GIT_HISTORY
drwxr-xr-x  3 deepthought  deepthought  102 Feb  4 08:28 aff_a
drwxr-xr-x  3 deepthought  deepthought  102 Feb  4 08:28 expand_str
drwxr-xr-x  3 deepthought  deepthought  102 Feb  4 08:28 last_word
drwxr-xr-x  3 deepthought  deepthought  102 Feb  4 08:28 ulstr

/var/folders/9q/sk3pz0751071g2ybbtlmws480000gq/T/tmpaNwxtD/user/aff_a:
total 8
-rw-r--r--  1 deepthought  deepthought  1139 Feb  4 08:28 aff_a.c

/var/folders/9q/sk3pz0751071g2ybbtlmws480000gq/T/tmpaNwxtD/user/expand_str:
total 8
-rw-r--r--  1 deepthought  deepthought  1508 Feb  4 08:28 expand_str.c

/var/folders/9q/sk3pz0751071g2ybbtlmws480000gq/T/tmpaNwxtD/user/last_word:
total 8
-rw-r--r--  1 deepthought  deepthought  1289 Feb  4 08:28 last_word.c

/var/folders/9q/sk3pz0751071g2ybbtlmws480000gq/T/tmpaNwxtD/user/ulstr:
total 8
-rw-r--r--  1 deepthought  deepthought  1183 Feb  4 08:28 ulstr.c
 
= expand_str ===================================================================
$> gcc -Wextra -Wall -Werror expand_str.c -o user_exe 

= Test 1 ===================================================
$> ./im732b1erjnawave4eck3ga7 
$> diff -U 3 user_output_test1 test1.output | cat -e

Diff OK :D
= Test 2 ===================================================
$> ./8w9twjge4uot0cw56m06ffdc 
$> diff -U 3 user_output_test2 test2.output | cat -e

Diff OK :D
= Test 3 ===================================================
$> ./rrgtcsahmrjlgngdc8fgfu8p "salut" "a" "tous" "tout" "le" "monde"
$> diff -U 3 user_output_test3 test3.output | cat -e

Diff OK :D
= Test 4 ===================================================
$> ./1x6yts7w0cfp34b1tjjsqyaq "YgBcXZlSHGVF"
$> diff -U 3 user_output_test4 test4.output | cat -e

Diff OK :D
= Test 5 ===================================================
$> ./06oh1rhiz2nsukycpn2wbzse "K7SLgluUDF"
$> diff -U 3 user_output_test5 test5.output | cat -e

Diff OK :D
= Test 6 ===================================================
$> ./w8m6yknzntk77bj4eqh5el2r "fArjcsi"
$> diff -U 3 user_output_test6 test6.output | cat -e

Diff OK :D
= Test 7 ===================================================
$> ./r5dxsr18sdts6j55avozj7js "iPIrj1 K3tM hNiGr9UI SRgbm cuZE5re7LpQ xG7ZaVRk6fUpOJ nL61juO5"
$> diff -U 3 user_output_test7 test7.output | cat -e

Diff OK :D
= Test 8 ===================================================
$> ./3q9im3afj0gvhdswf4qidm5y "p59JGF FiLoZ nboQaOB ZQYMJk1Up uI3C rdXkZFHYl XuYBysoxDCq ZikMBPuDhF 04Nnxzd1T ypaKCY6f1sG2 9Lw4QE uBEyMs BuMToKjlUO2C"
$> diff -U 3 user_output_test8 test8.output | cat -e

Diff OK :D
= Test 9 ===================================================
$> ./8r6utdswh5k5qcpnt4pwqt07 "oJVpcXyaOQ8N DYHzER3MqfOJT7 OupV0AEI8cbP TPs tA6X 9RsMo bwkrS1ED0VW4 OJz9CGYia1TfEl h7BM2 zfxLDH0qdY j20WHnISuLXmG4sFJ hc4mb gbGmNx4V VgP9 bNPtS15iBYaq4 JIPd5UxT lPT9QIfu8jU4"
$> diff -U 3 user_output_test9 test9.output | cat -e

Diff OK :D
= Test 10 ==================================================
$> ./btmrncfx61bdb8gkh7aymijo "			 8QKbg2uSAnE	 	 		mDp5Z0LNY9HOvSq 	OBPE	 	  l2VHery 			 "
$> diff -U 3 user_output_test10 test10.output | cat -e

Diff OK :D
= Test 11 ==================================================
$> ./sfleuubrkhvti0g8pvkc52d3 "		 	Ot7ZRdz9bYa3	 	  "
$> diff -U 3 user_output_test11 test11.output | cat -e

Diff OK :D
= Test 12 ==================================================
$> ./mkoyw7bhhhf4tvadomapk0wq " 		 	2Sm3s      eT9WJ70HDflu 	 	 		 	kvH0Bt4fbS  	  UkxDmLwR	   v5uLbEpHD0jTw   		qdRU	 	GAs1y9HVSBNPptU 				1ojkNnGaJWR				 8RN397FewkOXUbm5z 		6rnSQs1iEB "
$> diff -U 3 user_output_test12 test12.output | cat -e

Diff OK :D
= Test 13 ==================================================
$> ./jonitcbhelfs0vxppwgz3fa0 " 	 lUSIhPNHy5xQkYb			   	 FsrX    	ckQ2Se0EWObDK 		 		 		xlo5Lf3SI	 	 	 NpGXRlhkK	 	 		oxz92TXyKtBmDR	  			 evkSxUspAL5VERu 	 NhQG4m1r  	DYeA	 	 	gK0awj8nmDeGQXSyl "
$> diff -U 3 user_output_test13 test13.output | cat -e

Diff OK :D
= Test 14 ==================================================
$> ./5odqqem315s9a7sye23ld7mg "   	UkfQarz4iolRZ 	 		yPC6jngHeU					 	 Euo0ROsz	 	 	   hvml4tYk0A 	 		uhdwzHi5L	 	 				mYlA5		  b9q0G			 	"
$> diff -U 3 user_output_test14 test14.output | cat -e

Diff OK :D
= Test 15 ==================================================
$> ./5gzfokifbj6rahq299mg7jgt " 	mP9u8Vq		 	 tyreFEIcRm4	 		 		 8TRvBwnlzVHiG     	Uxu6SW98pN7OAC  	NR04kDZOgCwc1tio   		5gWVKR8Sz61   IVnmNv5sHTyCaLwrZ	   	   XLByj9Gr3h	 	  oCFmaA1JR2hTHGl6 "
$> diff -U 3 user_output_test15 test15.output | cat -e

Diff OK :D
= Test 16 ==================================================
$> ./rdnw812ri5wyyc55ch8ulbq1 "				ngPxezmU1				 MD0u 	  	"
$> diff -U 3 user_output_test16 test16.output | cat -e

Diff OK :D
= Test 17 ==================================================
$> ./15ty3m8svtxn1j4f4p0n0ni0 " 		h1MLey0dZ  	   	 	9McZPsdJIEgb	 	 	 SIxNtLfFu1K 	 "
$> diff -U 3 user_output_test17 test17.output | cat -e

Diff OK :D
= Test 18 ==================================================
$> ./i7eedjdi1bc2va5gt7efgzjo "	 45PSW3p1rNwhTE	 		 	 J2GV  						dfyrW5MHZp0xYzEmF  	  	 AFlRu1Qt   		  pWFmlegdrXt	 		  	3nsclkPSpIVYq		    KXkh		 	H9XvgpCjGYE6					 t8UAvqYiS			     	sLG0CbtJy9r	"
$> diff -U 3 user_output_test18 test18.output | cat -e

Diff OK :D
= Test 19 ==================================================
$> ./9pz851s0ptn4yw27pb1whjlu "	 Bf4beUpFyHSL6ZE8	 C7jsO2KvTY	"
$> diff -U 3 user_output_test19 test19.output | cat -e

Diff OK :D
= Test 20 ==================================================
$> ./p40ms4et0uu0ndsegxw6zknm " 	  lbAcLeFQwRMq9i	  		 XLra0lkTN7	  	 	bpvt0lqGY     			 UJ4TVFONvuwg8sB 					  	OKx5GVigfMDujXdN		 	 		wKg7IHFUWJoB2Vrm	  bFJmdkXZ	 			c8snrTPymgo4f	 "
$> diff -U 3 user_output_test20 test20.output | cat -e

Diff OK :D
Grade: 1

= Final grade: 1 ===============================================================
