= Host-specific information ====================================================
$> hostname; uname -msr
e2r5p15.1337.ma
Darwin 16.7.0 x86_64
$> date
Sun Feb  3 11:50:38 CET 2019
$> gcc --version
Configured with: --prefix=/Library/Developer/CommandLineTools/usr --with-gxx-include-dir=/usr/include/c++/4.2.1
Apple LLVM version 8.1.0 (clang-802.0.38)
Target: x86_64-apple-darwin16.7.0
Thread model: posix
InstalledDir: /Library/Developer/CommandLineTools/usr/bin
$> clang --version
Apple LLVM version 8.1.0 (clang-802.0.38)
Target: x86_64-apple-darwin16.7.0
Thread model: posix
InstalledDir: /Library/Developer/CommandLineTools/usr/bin

= User files collection ========================================================
Collecting user files from Vogsphere
Repository URL: auto-exam/2019/c-exam-alone-in-the-dark-beginner/practice-exam_20190203/ishaimou5

= Git history ==================================================================
$> git -C /var/folders/qf/fbdt28mx43jcllfpl3nrxbjc0000gq/T/tmpZoMjB0/user log --pretty='%H - %an, %ad : %s'
1614d26694d6ab24a68252709d278812d5e69194 - nayarix, Sun Feb 3 11:50:23 2019 +0100 : done
b82e669fdeddc000137bab33a61c9e29a29c3f4a - nayarix, Sun Feb 3 11:39:19 2019 +0100 : done
d5509fd327c37ec2e2d53909f93c6994626833df - nayarix, Sun Feb 3 11:37:28 2019 +0100 : done
aebb0e59881ba8df8fad78ebbf513b9dc45d9c51 - nayarix, Sun Feb 3 11:29:10 2019 +0100 : done
b137755462c4d4f3047452e65a7db49df60d02d1 - nayarix, Sun Feb 3 11:26:43 2019 +0100 : done
3ae8faa57fb3b9ae069e7cb98879e0774709aee8 - nayarix, Sun Feb 3 11:26:24 2019 +0100 : done
 
= Collected files ==========================================
$> ls -lAR /var/folders/qf/fbdt28mx43jcllfpl3nrxbjc0000gq/T/tmpZoMjB0/user
total 8
-rw-r--r--  1 deepthought  deepthought  1452 Feb  3 11:50 __GIT_HISTORY
drwxr-xr-x  3 deepthought  deepthought   102 Feb  3 11:50 aff_z
drwxr-xr-x  3 deepthought  deepthought   102 Feb  3 11:50 expand_str
drwxr-xr-x  3 deepthought  deepthought   102 Feb  3 11:50 ft_atoi_base
drwxr-xr-x  3 deepthought  deepthought   102 Feb  3 11:50 ft_print_numbers
drwxr-xr-x  3 deepthought  deepthought   102 Feb  3 11:50 print_bits
drwxr-xr-x  3 deepthought  deepthought   102 Feb  3 11:50 repeat_alpha

/var/folders/qf/fbdt28mx43jcllfpl3nrxbjc0000gq/T/tmpZoMjB0/user/aff_z:
total 8
-rw-r--r--  1 deepthought  deepthought  75 Feb  3 11:50 aff_z.c

/var/folders/qf/fbdt28mx43jcllfpl3nrxbjc0000gq/T/tmpZoMjB0/user/expand_str:
total 8
-rw-r--r--  1 deepthought  deepthought  616 Feb  3 11:50 expand_str.c

/var/folders/qf/fbdt28mx43jcllfpl3nrxbjc0000gq/T/tmpZoMjB0/user/ft_atoi_base:
total 8
-rw-r--r--  1 deepthought  deepthought  1648 Feb  3 11:50 ft_atoi_base.c

/var/folders/qf/fbdt28mx43jcllfpl3nrxbjc0000gq/T/tmpZoMjB0/user/ft_print_numbers:
total 8
-rw-r--r--  1 deepthought  deepthought  1035 Feb  3 11:50 ft_print_numbers.c

/var/folders/qf/fbdt28mx43jcllfpl3nrxbjc0000gq/T/tmpZoMjB0/user/print_bits:
total 8
-rw-r--r--  1 deepthought  deepthought  1039 Feb  3 11:50 print_bits.c

/var/folders/qf/fbdt28mx43jcllfpl3nrxbjc0000gq/T/tmpZoMjB0/user/repeat_alpha:
total 8
-rw-r--r--  1 deepthought  deepthought  1305 Feb  3 11:50 repeat_alpha.c
 
= ft_atoi_base =================================================================
$> gcc -Wextra -Wall -Werror ft_atoi_base.c main.c -o user_exe 

= Test 1 ===================================================
$> ./vfdpcle5rzoa4q96gwggm76z 
$> diff -U 3 user_output_test1 test1.output | cat -e

Diff OK :D
= Test 2 ===================================================
$> ./1dsegfeaeul1eisyv4lznoj4 "21" "2313" "12"
$> diff -U 3 user_output_test2 test2.output | cat -e

Diff OK :D
= Test 3 ===================================================
$> ./ggf2tse3e8j7ckigtwws6w74 "2147483647" "10"
$> diff -U 3 user_output_test3 test3.output | cat -e

Diff OK :D
= Test 4 ===================================================
$> ./a6kctykojir6yqgvf1r1h4kb "-2147483648" "10"
$> diff -U 3 user_output_test4 test4.output | cat -e

Diff OK :D
= Test 5 ===================================================
$> ./lszqt6kqtxhza7fy0m1riv73 "0" "2"
$> diff -U 3 user_output_test5 test5.output | cat -e

Diff OK :D
= Test 6 ===================================================
$> ./pykex835vqcbntlspg0237jy "--223" "10"
$> diff -U 3 user_output_test6 test6.output | cat -e

Diff OK :D
= Test 7 ===================================================
$> ./a1m0qgq6kzt486vp7wzlgz71 "210211311333133" "4"
$> diff -U 3 user_output_test7 test7.output | cat -e

Diff OK :D
= Test 8 ===================================================
$> ./2f5k5cya9hhme6d1soohc4tk "1367d8dCa" "14"
$> diff -U 3 user_output_test8 test8.output | cat -e

Diff OK :D
= Test 9 ===================================================
$> ./7hzbb803nkxy76pnc26jww3h "4236242061" "8"
$> diff -U 3 user_output_test9 test9.output | cat -e

Diff OK :D
= Test 10 ==================================================
$> ./47rupwv45dxmzhnwgnsvpyow "2107856A" "16"
$> diff -U 3 user_output_test10 test10.output | cat -e

Diff OK :D
= Test 11 ==================================================
$> ./uj9p7z8pj5o9my06joli30ac "5313711441" "8"
$> diff -U 3 user_output_test11 test11.output | cat -e

Diff OK :D
= Test 12 ==================================================
$> ./ayms1czsstupb4v81cvwpk48 "135A16960" "11"
$> diff -U 3 user_output_test12 test12.output | cat -e

Diff OK :D
= Test 13 ==================================================
$> ./n3hfpdfn85nrz5yoowr6rghk "1011110022302303" "4"
$> diff -U 3 user_output_test13 test13.output | cat -e

Diff OK :D
= Test 14 ==================================================
$> ./vxtwswelqps9zuh01m9mf4ys "68013719" "11"
$> diff -U 3 user_output_test14 test14.output | cat -e

Diff OK :D
= Test 15 ==================================================
$> ./ey7ezoinky19mpvlq16vduym "1632364025" "10"
$> diff -U 3 user_output_test15 test15.output | cat -e

Diff OK :D
= Test 16 ==================================================
$> ./cgbfuj3a806llkvexqzrq4ce "19877304" "16"
$> diff -U 3 user_output_test16 test16.output | cat -e

Diff OK :D
= Test 17 ==================================================
$> ./fmoa1q469be4lyu7l15rbu9s "11554563210" "7"
$> diff -U 3 user_output_test17 test17.output | cat -e

Diff OK :D
= Test 18 ==================================================
$> ./4o7wmqkkw4m49vpjjf2yee3w "1B0114a91" "12"
$> diff -U 3 user_output_test18 test18.output | cat -e

Diff OK :D
= Test 19 ==================================================
$> ./vpu34sr2c9l2072h35jifx9t "-1c4a548" "14"
$> diff -U 3 user_output_test19 test19.output | cat -e

Diff OK :D
= Test 20 ==================================================
$> ./k9lywioma3bpgtlnryn0o9y6 "117201763" "10"
$> diff -U 3 user_output_test20 test20.output | cat -e

Diff OK :D
Grade: 1

= Final grade: 1 ===============================================================
