= Host-specific information ====================================================
$> hostname; uname -msr
e2r3p3.1337.ma
Darwin 16.7.0 x86_64
$> date
Sun Feb  3 10:58:01 CET 2019
$> gcc --version
Configured with: --prefix=/Applications/Xcode.app/Contents/Developer/usr --with-gxx-include-dir=/usr/include/c++/4.2.1
Apple LLVM version 9.0.0 (clang-900.0.39.2)
Target: x86_64-apple-darwin16.7.0
Thread model: posix
InstalledDir: /Applications/Xcode.app/Contents/Developer/Toolchains/XcodeDefault.xctoolchain/usr/bin
$> clang --version
Apple LLVM version 9.0.0 (clang-900.0.39.2)
Target: x86_64-apple-darwin16.7.0
Thread model: posix
InstalledDir: /Applications/Xcode.app/Contents/Developer/Toolchains/XcodeDefault.xctoolchain/usr/bin

= User files collection ========================================================
Collecting user files from Vogsphere
Repository URL: auto-exam/2019/c-exam-alone-in-the-dark-beginner/practice-exam_20190203/ishaimou4

= Git history ==================================================================
$> git -C /var/folders/cw/vn_652h16dg4_mlsd30jq6cc0000gq/T/tmpBayOgZ/user log --pretty='%H - %an, %ad : %s'
dc9095740c11699bc044709b35ad03cf04f60fea - nayarix, Sun Feb 3 10:56:33 2019 +0100 : done
98b445fae29dd8b9b824868b52226b2fab9678ef - nayarix, Sun Feb 3 10:54:24 2019 +0100 : done
90bbe998594b850e29749f8a49fb9ba440e3bae6 - nayarix, Sun Feb 3 10:50:14 2019 +0100 : done
b4de9a6c09a1bcbdb8f3b9406a2c2897133568f5 - nayarix, Sun Feb 3 10:46:17 2019 +0100 : done
a32cefa4ef0de49e5342c80251e169f576b74eb6 - nayarix, Sun Feb 3 10:45:49 2019 +0100 : done
3c9ed6d4f9ea02ee62bdb71335d56c4b36afd790 - nayarix, Sun Feb 3 10:43:50 2019 +0100 : done
7ba0c31c18fdfbb08f3be9763c3aa4083bc91294 - nayarix, Sun Feb 3 10:41:37 2019 +0100 : done
12c63fc131ef87ce48d38820ba9d2ba6be9bdf78 - nayarix, Sun Feb 3 10:39:58 2019 +0100 : done
 
= Collected files ==========================================
$> ls -lAR /var/folders/cw/vn_652h16dg4_mlsd30jq6cc0000gq/T/tmpBayOgZ/user
total 8
-rw-r--r--  1 deepthought  deepthought  1825 Feb  3 10:58 __GIT_HISTORY
drwxr-xr-x  3 deepthought  deepthought   102 Feb  3 10:58 alpha_mirror
drwxr-xr-x  3 deepthought  deepthought   102 Feb  3 10:58 hello
drwxr-xr-x  3 deepthought  deepthought   102 Feb  3 10:58 inter
drwxr-xr-x  3 deepthought  deepthought   102 Feb  3 10:58 pgcd
drwxr-xr-x  3 deepthought  deepthought   102 Feb  3 10:58 rotone
drwxr-xr-x  3 deepthought  deepthought   102 Feb  3 10:58 sort_int_tab
drwxr-xr-x  3 deepthought  deepthought   102 Feb  3 10:58 str_capitalizer

/var/folders/cw/vn_652h16dg4_mlsd30jq6cc0000gq/T/tmpBayOgZ/user/alpha_mirror:
total 8
-rw-r--r--  1 deepthought  deepthought  1214 Feb  3 10:58 alpha_mirror.c

/var/folders/cw/vn_652h16dg4_mlsd30jq6cc0000gq/T/tmpBayOgZ/user/hello:
total 8
-rw-r--r--  1 deepthought  deepthought  979 Feb  3 10:58 hello.c

/var/folders/cw/vn_652h16dg4_mlsd30jq6cc0000gq/T/tmpBayOgZ/user/inter:
total 8
-rwxr-xr-x  1 deepthought  deepthought  1258 Feb  3 10:58 inter.c

/var/folders/cw/vn_652h16dg4_mlsd30jq6cc0000gq/T/tmpBayOgZ/user/pgcd:
total 8
-rw-r--r--  1 deepthought  deepthought  1205 Feb  3 10:58 pgcd.c

/var/folders/cw/vn_652h16dg4_mlsd30jq6cc0000gq/T/tmpBayOgZ/user/rotone:
total 8
-rw-r--r--  1 deepthought  deepthought  1239 Feb  3 10:58 rotone.c

/var/folders/cw/vn_652h16dg4_mlsd30jq6cc0000gq/T/tmpBayOgZ/user/sort_int_tab:
total 8
-rw-r--r--  1 deepthought  deepthought  1258 Feb  3 10:58 sort_int_tab.c

/var/folders/cw/vn_652h16dg4_mlsd30jq6cc0000gq/T/tmpBayOgZ/user/str_capitalizer:
total 8
-rw-r--r--  1 deepthought  deepthought  1677 Feb  3 10:58 str_capitalizer.c
 
= sort_int_tab =================================================================
$> gcc -Wextra -Wall -Werror main.c sort_int_tab.c -o user_exe 

= Test 1 ===================================================
$> ./4pdbpt9l2jkpt11cebcjq466
$> diff -U 3 user_output_test1 test1.output | cat -e

Diff OK :D
Grade: 1

= Final grade: 1 ===============================================================
