= Host-specific information ====================================================
$> hostname; uname -msr
e2r1p4.1337.ma
Darwin 16.7.0 x86_64
$> date
Sat Feb  2 11:21:36 CET 2019
$> gcc --version
Configured with: --prefix=/Applications/Xcode.app/Contents/Developer/usr --with-gxx-include-dir=/usr/include/c++/4.2.1
Apple LLVM version 9.0.0 (clang-900.0.39.2)
Target: x86_64-apple-darwin16.7.0
Thread model: posix
InstalledDir: /Applications/Xcode.app/Contents/Developer/Toolchains/XcodeDefault.xctoolchain/usr/bin
$> clang --version
Apple LLVM version 9.0.0 (clang-900.0.39.2)
Target: x86_64-apple-darwin16.7.0
Thread model: posix
InstalledDir: /Applications/Xcode.app/Contents/Developer/Toolchains/XcodeDefault.xctoolchain/usr/bin

= User files collection ========================================================
Collecting user files from Vogsphere
Repository URL: auto-exam/2019/c-exam-alone-in-the-dark-beginner/practice-exam_20190202/ishaimou

= Git history ==================================================================
$> git -C /var/folders/9p/nrjbz2fx6hn6ffgqncmk31ww0000gq/T/tmpvYGNlu/user log --pretty='%H - %an, %ad : %s'
a6d46ddfc096bfe4c9d40275f664c3df950dd8c4 - nayarix, Sat Feb 2 11:21:12 2019 +0100 : done
5d3c4d4908a91e417f10da8135909fea07828938 - nayarix, Sat Feb 2 11:08:25 2019 +0100 : done
0e112549db68142bca54fef077c989abd4617189 - nayarix, Sat Feb 2 09:22:29 2019 +0100 : done
fa2e6539f0d04fd495b10e37ef860d32145a8b4b - nayarix, Sat Feb 2 08:09:44 2019 +0100 : done
194dad609972e20ca9738b85eafb1da653f2cab9 - nayarix, Sat Feb 2 08:08:06 2019 +0100 : done
b9f9d8cc16c0ca623d714501fe136fff3df7bd9c - nayarix, Sat Feb 2 08:03:13 2019 +0100 : done
 
= Collected files ==========================================
$> ls -lAR /var/folders/9p/nrjbz2fx6hn6ffgqncmk31ww0000gq/T/tmpvYGNlu/user
total 8
-rw-r--r--  1 deepthought  deepthought  1495 Feb  2 11:21 __GIT_HISTORY
drwxr-xr-x  4 deepthought  deepthought   136 Feb  2 11:21 brainfuck
drwxr-xr-x  4 deepthought  deepthought   136 Feb  2 11:21 do_op
drwxr-xr-x  3 deepthought  deepthought   102 Feb  2 11:21 only_a
drwxr-xr-x  3 deepthought  deepthought   102 Feb  2 11:21 print_hex
drwxr-xr-x  3 deepthought  deepthought   102 Feb  2 11:21 rev_print
drwxr-xr-x  3 deepthought  deepthought   102 Feb  2 11:21 sort_list

/var/folders/9p/nrjbz2fx6hn6ffgqncmk31ww0000gq/T/tmpvYGNlu/user/brainfuck:
total 16
-rw-r--r--  1 deepthought  deepthought  711 Feb  2 11:21 brainfuck.c
-rw-r--r--  1 deepthought  deepthought  112 Feb  2 11:21 brainfuck.h

/var/folders/9p/nrjbz2fx6hn6ffgqncmk31ww0000gq/T/tmpvYGNlu/user/do_op:
total 16
-rw-r--r--  1 deepthought  deepthought  1337 Feb  2 11:21 do_op.c
-rw-r--r--  1 deepthought  deepthought   996 Feb  2 11:21 do_op.h

/var/folders/9p/nrjbz2fx6hn6ffgqncmk31ww0000gq/T/tmpvYGNlu/user/only_a:
total 8
-rw-r--r--  1 deepthought  deepthought  965 Feb  2 11:21 only_a.c

/var/folders/9p/nrjbz2fx6hn6ffgqncmk31ww0000gq/T/tmpvYGNlu/user/print_hex:
total 8
-rw-r--r--  1 deepthought  deepthought  1546 Feb  2 11:21 print_hex.c

/var/folders/9p/nrjbz2fx6hn6ffgqncmk31ww0000gq/T/tmpvYGNlu/user/rev_print:
total 8
-rw-r--r--  1 deepthought  deepthought  1095 Feb  2 11:21 rev_print.c

/var/folders/9p/nrjbz2fx6hn6ffgqncmk31ww0000gq/T/tmpvYGNlu/user/sort_list:
total 8
-rw-r--r--  1 deepthought  deepthought  1407 Feb  2 11:21 sort_list.c
 
= sort_list ====================================================================
$> gcc -Wextra -Wall -Werror sort_list.c main.c -o user_exe 

= Test 1 ===================================================
$> ./zel87pg7pku1i2qxjxe57n0k
$> diff -U 3 user_output_test1 test1.output | cat -e

Diff OK :D
Grade: 1

= Final grade: 1 ===============================================================
