= Host-specific information ====================================================
$> hostname; uname -msr
e1r10p11.1337.ma
Darwin 16.7.0 x86_64
$> date
Sun Feb  3 09:52:17 CET 2019
$> gcc --version
Configured with: --prefix=/Applications/Xcode.app/Contents/Developer/usr --with-gxx-include-dir=/usr/include/c++/4.2.1
Apple LLVM version 9.0.0 (clang-900.0.39.2)
Target: x86_64-apple-darwin16.7.0
Thread model: posix
InstalledDir: /Applications/Xcode.app/Contents/Developer/Toolchains/XcodeDefault.xctoolchain/usr/bin
$> clang --version
Apple LLVM version 9.0.0 (clang-900.0.39.2)
Target: x86_64-apple-darwin16.7.0
Thread model: posix
InstalledDir: /Applications/Xcode.app/Contents/Developer/Toolchains/XcodeDefault.xctoolchain/usr/bin

= User files collection ========================================================
Collecting user files from Vogsphere
Repository URL: auto-exam/2019/c-exam-alone-in-the-dark-beginner/practice-exam_20190203/ishaimou2

= Git history ==================================================================
$> git -C /var/folders/2g/3h8m8ky149lcvlcvbcz3ptn00000gq/T/tmpdhBalV/user log --pretty='%H - %an, %ad : %s'
a58ab18627e5d1564b7b4ec76ebdaaa25709a901 - nayarix, Sun Feb 3 09:51:52 2019 +0100 : done
34957df43a06914aab278c234d2195f3f0c179d3 - nayarix, Sun Feb 3 09:49:00 2019 +0100 : done
e38b212ab05e924709be6c59819fc62c123c27be - nayarix, Sun Feb 3 09:38:45 2019 +0100 : done
f7138e9e80204672695b23450dcc710fcea3af40 - nayarix, Sun Feb 3 09:33:47 2019 +0100 : done
20fa81ca807adf6e634d547e74e5dc9e447cbe1f - nayarix, Sun Feb 3 09:26:00 2019 +0100 : done
95e567fafc5ecd8f468d3740c6be1f33707f3d7f - nayarix, Sun Feb 3 09:24:14 2019 +0100 : done
 
= Collected files ==========================================
$> ls -lAR /var/folders/2g/3h8m8ky149lcvlcvbcz3ptn00000gq/T/tmpdhBalV/user
total 8
-rw-r--r--  1 deepthought  deepthought  1469 Feb  3 09:52 __GIT_HISTORY
drwxr-xr-x  3 deepthought  deepthought   102 Feb  3 09:52 add_prime_sum
drwxr-xr-x  3 deepthought  deepthought   102 Feb  3 09:52 brainfuck
drwxr-xr-x  3 deepthought  deepthought   102 Feb  3 09:52 fizzbuzz
drwxr-xr-x  3 deepthought  deepthought   102 Feb  3 09:52 ft_countdown
drwxr-xr-x  3 deepthought  deepthought   102 Feb  3 09:52 ft_itoa_base
drwxr-xr-x  3 deepthought  deepthought   102 Feb  3 09:52 ft_strrev

/var/folders/2g/3h8m8ky149lcvlcvbcz3ptn00000gq/T/tmpdhBalV/user/add_prime_sum:
total 8
-rw-r--r--  1 deepthought  deepthought  2033 Feb  3 09:52 add_prime_sum.c

/var/folders/2g/3h8m8ky149lcvlcvbcz3ptn00000gq/T/tmpdhBalV/user/brainfuck:
total 8
-rw-r--r--  1 deepthought  deepthought  1983 Feb  3 09:52 brainfuck.c

/var/folders/2g/3h8m8ky149lcvlcvbcz3ptn00000gq/T/tmpdhBalV/user/fizzbuzz:
total 8
-rw-r--r--  1 deepthought  deepthought  1550 Feb  3 09:52 fizzbuzz.c

/var/folders/2g/3h8m8ky149lcvlcvbcz3ptn00000gq/T/tmpdhBalV/user/ft_countdown:
total 8
-rw-r--r--  1 deepthought  deepthought  1037 Feb  3 09:52 ft_countdown.c

/var/folders/2g/3h8m8ky149lcvlcvbcz3ptn00000gq/T/tmpdhBalV/user/ft_itoa_base:
total 8
-rw-r--r--  1 deepthought  deepthought  1803 Feb  3 09:52 ft_itoa_base.c

/var/folders/2g/3h8m8ky149lcvlcvbcz3ptn00000gq/T/tmpdhBalV/user/ft_strrev:
total 8
-rw-r--r--  1 deepthought  deepthought  1100 Feb  3 09:52 ft_strrev.c
 
= brainfuck ====================================================================
$> gcc -Wextra -Wall -Werror brainfuck.c -o user_exe 

= Test 1 ===================================================
$> ./hdjn08y5a6cdi0kzltizmbyh "++++++++++[>+++++++>++++++++++>+++>+<<<<-]>++.>+.+++++++..+++.>++.<<+++++++++++++++.>.+++.------.--------.>+.>."
$> diff -U 3 user_output_test1 test1.output | cat -e

Diff OK :D
= Test 2 ===================================================
$> ./q2rhmjrgbh03dpdtji7l280j "+++++[>++sefs++[>++sef+dht+>+++++sfsfefijdgj<<-]>>>++efn<<<<-]>>esf-----sf---.>+++++.>."
$> diff -U 3 user_output_test2 test2.output | cat -e

Diff OK :D
= Test 3 ===================================================
$> ./sc61vjaywbj8b0u5ic27hhgg "+>+++++++[>>>++++++++<<<<++++++++>-]+++++++++>>>+>>++++++++++[>++++++++++<-]>[>>+>+>+>+>+>+>+>>+>+>>+>+>+>+>>+>+>>+>+>+>>+>+>+>+>>>>>+>+>+>+>>+>+>+>>+>+>+>+>>+>+>+>>+>+>+>+>>+>+>>+>+>+>+>+>+>>>>+>+>>+>+>+>+<<<<<<<<<<<<<<<<<<<<<<<<<<<<<<<<<<<<<<<<<<<<<<<<<<<<<<<<<<<<<<<<<<<<<<<<<<-]<++++[>++++++++<-]>[>+>>>>>>>>+>>>+>>>>>+>>>+>>>>+>>>>>+>+>>+>>>>>+>>>>+>>>>>+>>>>+>>>>>+>>>+>>>>>>>+>+>+>>>+>>>>>+<<<<<<<<<<<<<<<<<<<<<<<<<<<<<<<<<<<<<<<<<<<<<<<<<<<<<<<<<<<<<<<<<<<<<<<<<<<-]+++++[>>>++>+++>+++>++>>+++>>++>>>>>>+++>>++>++>>+++>+>>>++++>->++>++>++>+++>++>>--->->+>>>++>++>>>>++>++++>++>>->++>>>++>->+++>+++>>+>+++>>>+++>++>+++>++>>>++>>++>++>>++>++>+++<<<<<<<<<<<<<<<<<<<<<<<<<<<<<<<<<<<<<<<<<<<<<<<<<<<<<<<<<<<<<<<<<<<<<<<<<-]>>-->+>+>+>-->+>>>+>++>>-->+>+>->>+>>>+>->+>>->++>-->-->++>->>>->++>++>+>>+>>+>>>+>->>>++>>>>++>++>>>>>+>>++>->+>++>>>>+++>>>+>>->+>->+<<<<<<<<<<<<<<<<<<<<<<<<<<<<<<<<<<<<<<<<<<<<<<<<<<<<<<<<<<<<<<<<<<<<<<<<<<<<<<<<[>>>>++++++++++[->[-]+>[-]<<[<<<<<.>>>>.>>>>.>.>.>.>.>.>.>.>.>.>.>.>.>.>.>.>.>.>.>.>.>.>.>.>.>.>.>.>.>>>.<<<<<<<<<<<<<<<<<<<<<<<<<<<<<<<<<<<<<<<.>>>>.>>>>.>.>.>.>.>.>.>.>.>.>.>.>.>.>.>.>>>>>>>>>>>>>>.>.>>.>.>.>.>.>.>.>.>.>.>.>.>.>.>.>.>.>.>.>.>.>.>.>.>.>.>.>.>.>.>.>.>.>.>.<<<<<<<<<<<<<<<<<<<<<<<<<<<<<<<<<<<<<<<<<<<<<<<<<<<<<<<<<<<<<<<<<<<<<<<<<<.>>>>-.>>>>.>.>.>.>.>.>.>.>.>.>.>.>.>.>.>.>.>.>.>.>.>.>.>.>.>.>.>.>>.>..<<<<<<<<<<<<<<<<<<<<<<<<<<<<<<<<-]>[<<<<<->[-]+>[-]<<[<.>>>>.>>>>.>.>.>.>.>.>.>.>.>.>.>.>.>.>.>.>.>.>.>.>.>.>.>.>.>.>.>.>.>>>.<<<<<<<<<<<<<<<<<<<<<<<<<<<<<<<<<<<<<<<.>>>>.>>>>.>.>.>.>.>.>.>.>.>.>.>.>.>.>.>.>>>>>>>>>>>>>>.>.>>.>.>.>.>.>.>.>.>.>.>.>.>.>.>.>.>.>.>.>.>.>.>.>.>.>.>.>.>.>.>.>.>.>.>.<<<<<<<<<<<<<<<<<<<<<<<<<<<<<<<<<<<<<<<<<<<<<<<<<<<<<<<<<<<<<<<<<<<<<<<<<<-.>>>>+++++++++.>>>>.>.>.>.>.>.>.>.>.>.>.>.>.>.>.>.>.>.>.>.>.>.>.>.>.>.>.>.>>.>..<<<<<<<<<<<<<<<<<<<<<<<<<<<<<<<<<<<<-]>[<<.>>>>.>>>>.>.>.>.>.>.>.>.>.>.>.>.>.>.>.>.>.>.>.>.>.>.>.>.>.>.>.>.>.>>>.<<<<<<<<<<<<<<<<<<<<<<<<<<<<<<<<<<<<<<<.>>>>.>>>>.>.>.>.>.>.>.>.>.>.>.>.>.>.>.>.>>>>>>>>>>>>>>.>.>>.>.>.>.>.>.>.>.>.>.>.>.>.>.>.>.>.>.>.>.>.>.>.>.>.>.>.>.>.>.>.>.>.>.>.<<<<<<<<<<<<<<<<<<<<<<<<<<<<<<<<<<<<<<<<<<<<<<<<<<<<<<<<<<<<<<<<<<<<<<+++++++++.>>>>.>.>.>.>.>.>.>.>.>.>.>.>.>.>.>.>.>.>.>.>.>.>.>.>.>.>.>.>>.>..<<<<<<<<<<<<<<<<<<<<<<<<<<<<<<<<<<<<->]<<+>>>>>->]<<]<<<<-]>>>>++++++++[->[-]+>[-]<<[<.>>>>.>.>.>.>.>.>.>.>.>.>.>.>.>.>.>.>.>.>.>.>.>.>.>.>.>.>.>.>.>>>.<<<<<<<<<<<<<<<<<<<<<<<<<<<<<<<<<<<.>>>>.>.>.>.>.>.>.>.>.>.>.>.>.>.>.>.>>>>>>>>>>>>>>.>.>>.>.>.>.>.>.>.>.>.>.>.>.>.>.>.>.>.>.>.>.>.>.>.>.>.>.>.>.>.>.>.>.>.>.>.<<<<<<<<<<<<<<<<<<<<<<<<<<<<<<<<<<<<<<<<<<<<<<<<<<<<<<<<<<<<<<<<<<<<<<-.>>>>.>.>.>.>.>.>.>.>.>.>.>.>.>.>.>.>.>.>.>.>.>.>.>.>.>.>.>.>>.>..<<<<<<<<<<<<<<<<<<<<<<<<<<<<<<<<-]>[<<.>>>>.>.>.>.>.>.>.>.>.>.>.>.>.>.>.>.>.>.>.>.>.>.>.>.>.>.>.>.>.>>>.<<<<<<<<<<<<<<<<<<<<<<<<<<<<<<<<<<<.>>>>.>.>.>.>.>.>.>.>.>.>.>.>.>.>.>.>>>>>>>>>>>>>>.>.>>.>.>.>.>.>.>.>.>.>.>.>.>.>.>.>.>.>.>.>.>.>.>.>.>.>.>.>.>.>.>.>.>.>.>.<<<<<<<<<<<<<<<<<<<<<<<<<<<<<<<<<<<<<<<<<<<<<<<<<<<<<<<<<<<<<<<<<<<<<<-.>>>>.>.>.>.>.>.>.>>.>.>.>.>.>.>.>.>.>.>.>.>.>.>.>.>.>.>.>.>>.>..<<<<<<<<<<<<<<<<<<<<<<<<<<<<<<<<->]<<]<.>>>>.>.>.>.>.>.>.>>.>.>.>.>.>.>.>.>.>.>.>.>.>.>.>.>.>.>.>.>.>>>.<<<<<<<<<<<<<<<<<<<<<<<<<<<<<<<<<<<.>>>>.>.>.>.>.>.>.>>.>.>.>.>.>.>.>.>>>>>>>>>>>>>>.>.>>.>.>.>.>.>.>.>.>.>.>.>.>.>.>.>.>.>.>.>.>.>.>.>.>.>.>.>.>.>.>.>.>.>.>.>.>.>.>.>.>.>.<<<<<<<<<<<<<<<<<<<<<<<<<<<<<<<<<<<<<<<<<<<<<<<<<<<<<<<<<<<<<<<<<<<<<<<<<.>.>.>.>.>.>.>.>.>.>.>.>.>.>.>.>.>.>.>.>.>.>.>.>.>.>.>.>>.>"
$> diff -U 3 user_output_test3 test3.output | cat -e

Diff OK :D
= Test 4 ===================================================
$> ./abgml0nriihz2lluy8uwp9je "+++++++++++>+>>>>++++++++++++++++++++++++++++++++++++++++++++>++++++++++++++++++++++++++++++++<<<<<<[>[>>>>>>+>+<<<<<<<-]>>>>>>>[<<<<<<<+>>>>>>>-]<[>++++++++++[-<-[>>+>+<<<-]>>>[<<<+>>>-]+<[>[-]<[-]]>[<<[>>>+<<<-]>>[-]]<<]>>>[>>+>+<<<-]>>>[<<<+>>>-]+<[>[-]<[-]]>[<<+>>[-]]<<<<<<<]>>>>>[++++++++++++++++++++++++++++++++++++++++++++++++.[-]]++++++++++<[->-<]>++++++++++++++++++++++++++++++++++++++++++++++++.[-]<<<<<<<<<<<<[>>>+>+<<<<-]>>>>[<<<<+>>>>-]<-[>>.>.<<<[-]]<<[>>+>+<<<-]>>>[<<<+>>>-]<<[<+>-]>[<+>-]<<<-]"
$> diff -U 3 user_output_test4 test4.output | cat -e

Diff OK :D
= Test 5 ===================================================
$> ./k4fdad2i9rzzwm1m856alv1n "++++++++++++++++++++++++++++++++++++++++++++++++++++.>++++++++++++++++++++++++++++++++++++++++++++++++++.>++++++++++."
$> diff -U 3 user_output_test5 test5.output | cat -e

Diff OK :D
Grade: 1

= Final grade: 1 ===============================================================
