= Host-specific information ====================================================
$> hostname; uname -msr
e1r3p14.1337.ma
Darwin 16.7.0 x86_64
$> date
Tue Jan 29 03:17:48 CET 2019
$> gcc --version
Configured with: --prefix=/Applications/Xcode.app/Contents/Developer/usr --with-gxx-include-dir=/usr/include/c++/4.2.1
Apple LLVM version 9.0.0 (clang-900.0.39.2)
Target: x86_64-apple-darwin16.7.0
Thread model: posix
InstalledDir: /Applications/Xcode.app/Contents/Developer/Toolchains/XcodeDefault.xctoolchain/usr/bin
$> clang --version
Apple LLVM version 9.0.0 (clang-900.0.39.2)
Target: x86_64-apple-darwin16.7.0
Thread model: posix
InstalledDir: /Applications/Xcode.app/Contents/Developer/Toolchains/XcodeDefault.xctoolchain/usr/bin

= User files collection ========================================================
Collecting user files from Vogsphere
Repository URL: auto-exam/2019/c-exam-alone-in-the-dark-beginner/practice-exam_20190129/ishaimou

= Git history ==================================================================
$> git -C /var/folders/gd/j5yvnsns5p31zpt4m289c55r0000gq/T/tmpuWSFIu/user log --pretty='%H - %an, %ad : %s'
4eb5211cc2dbb63009a8633efabcc4dd2f6d674e - nayarix, Tue Jan 29 03:17:27 2019 +0100 : done
e48faf9846534a8821ffac40340282ea6af44ed8 - nayarix, Tue Jan 29 03:04:30 2019 +0100 : done
666fa16bfd885fe62e10282279de843791f7e4ac - nayarix, Tue Jan 29 02:42:36 2019 +0100 : done
7fcbfd2ca549307313526c7f4502fa18e6a6f8c8 - nayarix, Tue Jan 29 02:35:21 2019 +0100 : done
f954c3424c007e5f0b12c59c1e72fe9eddf8a737 - nayarix, Tue Jan 29 01:27:25 2019 +0100 : done
701a5acc48f6711a07900b134c042dfa9133f8c2 - nayarix, Tue Jan 29 01:23:50 2019 +0100 : done
08cf3d55cb69325a69f7a9262b1d02b81e994bb6 - nayarix, Tue Jan 29 01:22:23 2019 +0100 : done
 
= Collected files ==========================================
$> ls -lAR /var/folders/gd/j5yvnsns5p31zpt4m289c55r0000gq/T/tmpuWSFIu/user
total 24
-rw-r--r--  1 deepthought  deepthought  6148 Jan 29 03:17 .DS_Store
-rw-r--r--  1 deepthought  deepthought  1846 Jan 29 03:17 __GIT_HISTORY
drwxr-xr-x  4 deepthought  deepthought   136 Jan 29 03:17 do_op
drwxr-xr-x  3 deepthought  deepthought   102 Jan 29 03:17 expand_str
drwxr-xr-x  4 deepthought  deepthought   136 Jan 29 03:17 flood_fill
drwxr-xr-x  3 deepthought  deepthought   102 Jan 29 03:17 ft_rrange
drwxr-xr-x  3 deepthought  deepthought   102 Jan 29 03:17 ft_strcpy
drwxr-xr-x  3 deepthought  deepthought   102 Jan 29 03:17 only_z
drwxr-xr-x  3 deepthought  deepthought   102 Jan 29 03:17 options

/var/folders/gd/j5yvnsns5p31zpt4m289c55r0000gq/T/tmpuWSFIu/user/do_op:
total 16
-rw-r--r--  1 deepthought  deepthought  1341 Jan 29 03:17 do_op.c
-rw-r--r--  1 deepthought  deepthought   996 Jan 29 03:17 do_op.h

/var/folders/gd/j5yvnsns5p31zpt4m289c55r0000gq/T/tmpuWSFIu/user/expand_str:
total 8
-rw-r--r--  1 deepthought  deepthought  1407 Jan 29 03:17 expand_str.c

/var/folders/gd/j5yvnsns5p31zpt4m289c55r0000gq/T/tmpuWSFIu/user/flood_fill:
total 16
-rw-r--r--  1 deepthought  deepthought  1591 Jan 29 03:17 flood_fill.c
-rw-r--r--  1 deepthought  deepthought  1076 Jan 29 03:17 t_point.h

/var/folders/gd/j5yvnsns5p31zpt4m289c55r0000gq/T/tmpuWSFIu/user/ft_rrange:
total 8
-rw-r--r--  1 deepthought  deepthought  1325 Jan 29 03:17 ft_rrange.c

/var/folders/gd/j5yvnsns5p31zpt4m289c55r0000gq/T/tmpuWSFIu/user/ft_strcpy:
total 8
-rw-r--r--  1 deepthought  deepthought  1024 Jan 29 03:17 ft_strcpy.c

/var/folders/gd/j5yvnsns5p31zpt4m289c55r0000gq/T/tmpuWSFIu/user/only_z:
total 8
-rw-r--r--  1 deepthought  deepthought  965 Jan 29 03:17 only_z.c

/var/folders/gd/j5yvnsns5p31zpt4m289c55r0000gq/T/tmpuWSFIu/user/options:
total 8
-rw-r--r--  1 deepthought  deepthought  1621 Jan 29 03:17 options.c
 
= options ======================================================================
$> gcc -Wextra -Wall -Werror options.c -o user_exe 

= Test 1 ===================================================
$> ./4k5aojmmm9h4uj1oik7uzlk1 
$> diff -U 3 user_output_test1 test1.output | cat -e

Diff OK :D
= Test 2 ===================================================
$> ./nxxkrxrpeqxt5gyv6r27q05k -abcz -w -ijfek -lildali -pirmakn -apizobouzaguoca
$> diff -U 3 user_output_test2 test2.output | cat -e

Diff OK :D
= Test 3 ===================================================
$> ./ij5gjkrilfl2rhmyijenhfdq -z bonjour -cd -e
$> diff -U 3 user_output_test3 test3.output | cat -e

Diff OK :D
= Test 4 ===================================================
$> ./vg73mgvzli7y38wkx4lxzicz -a --a
$> diff -U 3 user_output_test4 test4.output | cat -e

Diff OK :D
= Test 5 ===================================================
$> ./tcvm5ndyupozx3rhl2dmfkwm -ab% -zd
$> diff -U 3 user_output_test5 test5.output | cat -e

Diff OK :D
= Test 6 ===================================================
$> ./ot8flt9a684nmj250t9tg1as -abcdefgijklmnopqrstuvwxyz
$> diff -U 3 user_output_test6 test6.output | cat -e

Diff OK :D
= Test 7 ===================================================
$> ./zwxr3toh7tg40dtv6vfblxb9 Bonjour
$> diff -U 3 user_output_test7 test7.output | cat -e

Diff OK :D
= Test 8 ===================================================
$> ./fwv7l6pctut3qxc3f1q1seuk -
$> diff -U 3 user_output_test8 test8.output | cat -e

Diff OK :D
Grade: 1

= Final grade: 1 ===============================================================
