= Host-specific information ====================================================
$> hostname; uname -msr
e1r3p11.1337.ma
Darwin 16.7.0 x86_64
$> date
Mon Feb 18 17:00:26 WET 2019
$> gcc --version
Configured with: --prefix=/Applications/Xcode.app/Contents/Developer/usr --with-gxx-include-dir=/usr/include/c++/4.2.1
Apple LLVM version 9.0.0 (clang-900.0.39.2)
Target: x86_64-apple-darwin16.7.0
Thread model: posix
InstalledDir: /Applications/Xcode.app/Contents/Developer/Toolchains/XcodeDefault.xctoolchain/usr/bin
$> clang --version
Apple LLVM version 9.0.0 (clang-900.0.39.2)
Target: x86_64-apple-darwin16.7.0
Thread model: posix
InstalledDir: /Applications/Xcode.app/Contents/Developer/Toolchains/XcodeDefault.xctoolchain/usr/bin

= User files collection ========================================================
Collecting user files from Vogsphere
Repository URL: auto-exam/2019/c-exam-alone-in-the-dark-beginner/practice-exam_20190218/ishaimou2

= Git history ==================================================================
$> git -C /var/folders/qd/fkmwwr2s1_v_df2phl1q3r4m0000gq/T/tmpkgOHgo/user log --pretty='%H - %an, %ad : %s'
328ce2aba5a1cc41f094c2c055bfab7c20fee916 - nayarix, Mon Feb 18 18:00:02 2019 +0100 : done
55ee5e4d1fd26da1a917da3f4e5f2056af038302 - nayarix, Mon Feb 18 17:45:00 2019 +0100 : done
5de4fad7c524adf6cab0011f448e657b181c19eb - nayarix, Mon Feb 18 17:42:52 2019 +0100 : done
49c5a0b73971e05abf4215a7883171706bd71eec - nayarix, Mon Feb 18 17:05:27 2019 +0100 : done
4ea38706aeeea45c436c9100fcde7a1bb91027f2 - nayarix, Mon Feb 18 17:02:08 2019 +0100 : done
3d24828d7fdf67ee15f6a33e1499a238bc360c93 - nayarix, Mon Feb 18 16:50:08 2019 +0100 : done
 
= Collected files ==========================================
$> ls -lAR /var/folders/qd/fkmwwr2s1_v_df2phl1q3r4m0000gq/T/tmpkgOHgo/user
total 24
-rw-r--r--  1 deepthought  deepthought  6148 Feb 18 17:00 .DS_Store
-rw-r--r--  1 deepthought  deepthought  1509 Feb 18 17:00 __GIT_HISTORY
drwxr-xr-x  3 deepthought  deepthought   102 Feb 18 17:00 cycle_detector
drwxr-xr-x  3 deepthought  deepthought   102 Feb 18 17:00 ft_strrev
drwxr-xr-x  3 deepthought  deepthought   102 Feb 18 17:00 maff_alpha
drwxr-xr-x  3 deepthought  deepthought   102 Feb 18 17:00 moment
drwxr-xr-x  3 deepthought  deepthought   102 Feb 18 17:00 rstr_capitalizer
drwxr-xr-x  3 deepthought  deepthought   102 Feb 18 17:00 search_and_replace

/var/folders/qd/fkmwwr2s1_v_df2phl1q3r4m0000gq/T/tmpkgOHgo/user/cycle_detector:
total 8
-rw-r--r--  1 deepthought  deepthought  1214 Feb 18 17:00 cycle_detector.c

/var/folders/qd/fkmwwr2s1_v_df2phl1q3r4m0000gq/T/tmpkgOHgo/user/ft_strrev:
total 8
-rw-r--r--  1 deepthought  deepthought  1085 Feb 18 17:00 ft_strrev.c

/var/folders/qd/fkmwwr2s1_v_df2phl1q3r4m0000gq/T/tmpkgOHgo/user/maff_alpha:
total 8
-rw-r--r--  1 deepthought  deepthought  993 Feb 18 17:00 maff_alpha.c

/var/folders/qd/fkmwwr2s1_v_df2phl1q3r4m0000gq/T/tmpkgOHgo/user/moment:
total 8
-rw-r--r--  1 deepthought  deepthought  2844 Feb 18 17:00 moment.c

/var/folders/qd/fkmwwr2s1_v_df2phl1q3r4m0000gq/T/tmpkgOHgo/user/rstr_capitalizer:
total 8
-rw-r--r--  1 deepthought  deepthought  1541 Feb 18 17:00 rstr_capitalizer.c

/var/folders/qd/fkmwwr2s1_v_df2phl1q3r4m0000gq/T/tmpkgOHgo/user/search_and_replace:
total 8
-rw-r--r--  1 deepthought  deepthought  1164 Feb 18 17:00 search_and_replace.c
 
= cycle_detector ===============================================================
$> gcc -Wextra -Wall -Werror main.c test_cycle_detector.c cycle_detector.c -o user_exe 

= Test 1 ===================================================
$> ./1iyhm4egh7tbclmm2r9fc4wf
$> diff -U 3 user_output_test1 test1.output | cat -e

Diff OK :D
Grade: 1

= Final grade: 1 ===============================================================
